<?xml version="1.0" encoding="UTF-8"?>
<testsuite xmlns:xsi="http://www.w3.org/2001/XMLSchema-instance" xsi:noNamespaceSchemaLocation="https://maven.apache.org/surefire/maven-surefire-plugin/xsd/surefire-test-report-3.0.xsd" version="3.0" name="com.Blogs.Backend.BlogsBackend.BlogsBackendApplicationTests" time="7.163" tests="1" errors="0" skipped="0" failures="0">
  <properties>
    <property name="java.specification.version" value="21"/>
    <property name="sun.jnu.encoding" value="UTF-8"/>
    <property name="java.class.path" value="/home/crest/Desktop/BlogsBackend/target/test-classes:/home/crest/Desktop/BlogsBackend/target/classes:/home/crest/.m2/repository/org/springframework/boot/spring-boot-starter-data-jpa/3.3.5/spring-boot-starter-data-jpa-3.3.5.jar:/home/crest/.m2/repository/org/springframework/boot/spring-boot-starter-jdbc/3.3.5/spring-boot-starter-jdbc-3.3.5.jar:/home/crest/.m2/repository/com/zaxxer/HikariCP/5.1.0/HikariCP-5.1.0.jar:/home/crest/.m2/repository/org/springframework/spring-jdbc/6.1.14/spring-jdbc-6.1.14.jar:/home/crest/.m2/repository/org/hibernate/orm/hibernate-core/6.5.3.Final/hibernate-core-6.5.3.Final.jar:/home/crest/.m2/repository/jakarta/persistence/jakarta.persistence-api/3.1.0/jakarta.persistence-api-3.1.0.jar:/home/crest/.m2/repository/jakarta/transaction/jakarta.transaction-api/2.0.1/jakarta.transaction-api-2.0.1.jar:/home/crest/.m2/repository/org/jboss/logging/jboss-logging/3.5.3.Final/jboss-logging-3.5.3.Final.jar:/home/crest/.m2/repository/org/hibernate/common/hibernate-commons-annotations/6.0.6.Final/hibernate-commons-annotations-6.0.6.Final.jar:/home/crest/.m2/repository/io/smallrye/jandex/3.1.2/jandex-3.1.2.jar:/home/crest/.m2/repository/com/fasterxml/classmate/1.7.0/classmate-1.7.0.jar:/home/crest/.m2/repository/org/glassfish/jaxb/jaxb-runtime/4.0.5/jaxb-runtime-4.0.5.jar:/home/crest/.m2/repository/org/glassfish/jaxb/jaxb-core/4.0.5/jaxb-core-4.0.5.jar:/home/crest/.m2/repository/org/glassfish/jaxb/txw2/4.0.5/txw2-4.0.5.jar:/home/crest/.m2/repository/com/sun/istack/istack-commons-runtime/4.1.2/istack-commons-runtime-4.1.2.jar:/home/crest/.m2/repository/jakarta/inject/jakarta.inject-api/2.0.1/jakarta.inject-api-2.0.1.jar:/home/crest/.m2/repository/org/antlr/antlr4-runtime/4.13.0/antlr4-runtime-4.13.0.jar:/home/crest/.m2/repository/org/springframework/data/spring-data-jpa/3.3.5/spring-data-jpa-3.3.5.jar:/home/crest/.m2/repository/org/springframework/data/spring-data-commons/3.3.5/spring-data-commons-3.3.5.jar:/home/crest/.m2/repository/org/springframework/spring-orm/6.1.14/spring-orm-6.1.14.jar:/home/crest/.m2/repository/org/springframework/spring-context/6.1.14/spring-context-6.1.14.jar:/home/crest/.m2/repository/org/springframework/spring-tx/6.1.14/spring-tx-6.1.14.jar:/home/crest/.m2/repository/org/springframework/spring-beans/6.1.14/spring-beans-6.1.14.jar:/home/crest/.m2/repository/org/springframework/spring-aspects/6.1.14/spring-aspects-6.1.14.jar:/home/crest/.m2/repository/org/springframework/boot/spring-boot-starter-data-mongodb/3.3.5/spring-boot-starter-data-mongodb-3.3.5.jar:/home/crest/.m2/repository/org/springframework/boot/spring-boot-starter/3.3.5/spring-boot-starter-3.3.5.jar:/home/crest/.m2/repository/org/springframework/boot/spring-boot/3.3.5/spring-boot-3.3.5.jar:/home/crest/.m2/repository/org/springframework/boot/spring-boot-autoconfigure/3.3.5/spring-boot-autoconfigure-3.3.5.jar:/home/crest/.m2/repository/org/yaml/snakeyaml/2.2/snakeyaml-2.2.jar:/home/crest/.m2/repository/org/mongodb/mongodb-driver-sync/5.0.1/mongodb-driver-sync-5.0.1.jar:/home/crest/.m2/repository/org/mongodb/bson/5.0.1/bson-5.0.1.jar:/home/crest/.m2/repository/org/mongodb/mongodb-driver-core/5.0.1/mongodb-driver-core-5.0.1.jar:/home/crest/.m2/repository/org/mongodb/bson-record-codec/5.0.1/bson-record-codec-5.0.1.jar:/home/crest/.m2/repository/org/springframework/data/spring-data-mongodb/4.3.5/spring-data-mongodb-4.3.5.jar:/home/crest/.m2/repository/org/springframework/spring-expression/6.1.14/spring-expression-6.1.14.jar:/home/crest/.m2/repository/org/springframework/boot/spring-boot-starter-security/3.3.5/spring-boot-starter-security-3.3.5.jar:/home/crest/.m2/repository/org/springframework/spring-aop/6.1.14/spring-aop-6.1.14.jar:/home/crest/.m2/repository/org/springframework/security/spring-security-config/6.3.4/spring-security-config-6.3.4.jar:/home/crest/.m2/repository/org/springframework/security/spring-security-web/6.3.4/spring-security-web-6.3.4.jar:/home/crest/.m2/repository/org/springframework/boot/spring-boot-starter-web/3.3.5/spring-boot-starter-web-3.3.5.jar:/home/crest/.m2/repository/org/springframework/boot/spring-boot-starter-json/3.3.5/spring-boot-starter-json-3.3.5.jar:/home/crest/.m2/repository/com/fasterxml/jackson/datatype/jackson-datatype-jdk8/2.17.2/jackson-datatype-jdk8-2.17.2.jar:/home/crest/.m2/repository/com/fasterxml/jackson/module/jackson-module-parameter-names/2.17.2/jackson-module-parameter-names-2.17.2.jar:/home/crest/.m2/repository/org/springframework/spring-web/6.1.14/spring-web-6.1.14.jar:/home/crest/.m2/repository/io/micrometer/micrometer-observation/1.13.6/micrometer-observation-1.13.6.jar:/home/crest/.m2/repository/io/micrometer/micrometer-commons/1.13.6/micrometer-commons-1.13.6.jar:/home/crest/.m2/repository/org/springframework/spring-webmvc/6.1.14/spring-webmvc-6.1.14.jar:/home/crest/.m2/repository/org/projectlombok/lombok/1.18.34/lombok-1.18.34.jar:/home/crest/.m2/repository/org/springframework/boot/spring-boot-starter-test/3.3.5/spring-boot-starter-test-3.3.5.jar:/home/crest/.m2/repository/org/springframework/boot/spring-boot-test/3.3.5/spring-boot-test-3.3.5.jar:/home/crest/.m2/repository/org/springframework/boot/spring-boot-test-autoconfigure/3.3.5/spring-boot-test-autoconfigure-3.3.5.jar:/home/crest/.m2/repository/com/jayway/jsonpath/json-path/2.9.0/json-path-2.9.0.jar:/home/crest/.m2/repository/jakarta/xml/bind/jakarta.xml.bind-api/4.0.2/jakarta.xml.bind-api-4.0.2.jar:/home/crest/.m2/repository/jakarta/activation/jakarta.activation-api/2.1.3/jakarta.activation-api-2.1.3.jar:/home/crest/.m2/repository/net/minidev/json-smart/2.5.1/json-smart-2.5.1.jar:/home/crest/.m2/repository/net/minidev/accessors-smart/2.5.1/accessors-smart-2.5.1.jar:/home/crest/.m2/repository/org/ow2/asm/asm/9.6/asm-9.6.jar:/home/crest/.m2/repository/org/assertj/assertj-core/3.25.3/assertj-core-3.25.3.jar:/home/crest/.m2/repository/org/awaitility/awaitility/4.2.2/awaitility-4.2.2.jar:/home/crest/.m2/repository/org/hamcrest/hamcrest/2.2/hamcrest-2.2.jar:/home/crest/.m2/repository/org/junit/jupiter/junit-jupiter/5.10.5/junit-jupiter-5.10.5.jar:/home/crest/.m2/repository/org/junit/jupiter/junit-jupiter-api/5.10.5/junit-jupiter-api-5.10.5.jar:/home/crest/.m2/repository/org/opentest4j/opentest4j/1.3.0/opentest4j-1.3.0.jar:/home/crest/.m2/repository/org/junit/platform/junit-platform-commons/1.10.5/junit-platform-commons-1.10.5.jar:/home/crest/.m2/repository/org/apiguardian/apiguardian-api/1.1.2/apiguardian-api-1.1.2.jar:/home/crest/.m2/repository/org/junit/jupiter/junit-jupiter-params/5.10.5/junit-jupiter-params-5.10.5.jar:/home/crest/.m2/repository/org/junit/jupiter/junit-jupiter-engine/5.10.5/junit-jupiter-engine-5.10.5.jar:/home/crest/.m2/repository/org/junit/platform/junit-platform-engine/1.10.5/junit-platform-engine-1.10.5.jar:/home/crest/.m2/repository/org/mockito/mockito-junit-jupiter/5.11.0/mockito-junit-jupiter-5.11.0.jar:/home/crest/.m2/repository/org/skyscreamer/jsonassert/1.5.3/jsonassert-1.5.3.jar:/home/crest/.m2/repository/com/vaadin/external/google/android-json/0.0.20131108.vaadin1/android-json-0.0.20131108.vaadin1.jar:/home/crest/.m2/repository/org/springframework/spring-core/6.1.14/spring-core-6.1.14.jar:/home/crest/.m2/repository/org/springframework/spring-jcl/6.1.14/spring-jcl-6.1.14.jar:/home/crest/.m2/repository/org/springframework/spring-test/6.1.14/spring-test-6.1.14.jar:/home/crest/.m2/repository/org/xmlunit/xmlunit-core/2.9.1/xmlunit-core-2.9.1.jar:/home/crest/.m2/repository/org/springframework/security/spring-security-test/6.3.4/spring-security-test-6.3.4.jar:/home/crest/.m2/repository/org/springframework/security/spring-security-core/6.3.4/spring-security-core-6.3.4.jar:/home/crest/.m2/repository/org/springframework/security/spring-security-crypto/6.3.4/spring-security-crypto-6.3.4.jar:/home/crest/.m2/repository/org/springframework/boot/spring-boot-starter-mail/3.3.5/spring-boot-starter-mail-3.3.5.jar:/home/crest/.m2/repository/org/springframework/spring-context-support/6.1.14/spring-context-support-6.1.14.jar:/home/crest/.m2/repository/org/eclipse/angus/jakarta.mail/2.0.3/jakarta.mail-2.0.3.jar:/home/crest/.m2/repository/org/eclipse/angus/angus-activation/2.0.2/angus-activation-2.0.2.jar:/home/crest/.m2/repository/com/twilio/sdk/twilio/8.27.0/twilio-8.27.0.jar:/home/crest/.m2/repository/commons-codec/commons-codec/1.16.1/commons-codec-1.16.1.jar:/home/crest/.m2/repository/commons-io/commons-io/2.7/commons-io-2.7.jar:/home/crest/.m2/repository/org/apache/httpcomponents/httpclient/4.5.13/httpclient-4.5.13.jar:/home/crest/.m2/repository/commons-logging/commons-logging/1.2/commons-logging-1.2.jar:/home/crest/.m2/repository/org/apache/httpcomponents/httpcore/4.4.16/httpcore-4.4.16.jar:/home/crest/.m2/repository/com/fasterxml/jackson/core/jackson-core/2.17.2/jackson-core-2.17.2.jar:/home/crest/.m2/repository/com/fasterxml/jackson/core/jackson-annotations/2.17.2/jackson-annotations-2.17.2.jar:/home/crest/.m2/repository/com/fasterxml/jackson/core/jackson-databind/2.17.2/jackson-databind-2.17.2.jar:/home/crest/.m2/repository/com/fasterxml/jackson/datatype/jackson-datatype-jsr310/2.17.2/jackson-datatype-jsr310-2.17.2.jar:/home/crest/.m2/repository/com/fasterxml/jackson/dataformat/jackson-dataformat-xml/2.17.2/jackson-dataformat-xml-2.17.2.jar:/home/crest/.m2/repository/org/codehaus/woodstox/stax2-api/4.2.2/stax2-api-4.2.2.jar:/home/crest/.m2/repository/com/fasterxml/woodstox/woodstox-core/6.7.0/woodstox-core-6.7.0.jar:/home/crest/.m2/repository/org/slf4j/slf4j-api/2.0.16/slf4j-api-2.0.16.jar:/home/crest/.m2/repository/javax/xml/bind/jaxb-api/2.3.1/jaxb-api-2.3.1.jar:/home/crest/.m2/repository/javax/activation/javax.activation-api/1.2.0/javax.activation-api-1.2.0.jar:/home/crest/.m2/repository/javax/annotation/javax.annotation-api/1.3.2/javax.annotation-api-1.3.2.jar:/home/crest/.m2/repository/io/jsonwebtoken/jjwt-api/0.11.5/jjwt-api-0.11.5.jar:/home/crest/.m2/repository/io/jsonwebtoken/jjwt-impl/0.11.5/jjwt-impl-0.11.5.jar:/home/crest/.m2/repository/io/jsonwebtoken/jjwt-jackson/0.11.5/jjwt-jackson-0.11.5.jar:/home/crest/.m2/repository/com/thetransactioncompany/cors-filter/3.0/cors-filter-3.0.jar:/home/crest/.m2/repository/com/thetransactioncompany/java-property-utils/1.17/java-property-utils-1.17.jar:/home/crest/.m2/repository/org/apache/httpcomponents/client5/httpclient5/5.3.1/httpclient5-5.3.1.jar:/home/crest/.m2/repository/org/apache/httpcomponents/core5/httpcore5/5.2.5/httpcore5-5.2.5.jar:/home/crest/.m2/repository/org/apache/httpcomponents/core5/httpcore5-h2/5.2.5/httpcore5-h2-5.2.5.jar:/home/crest/.m2/repository/org/springframework/boot/spring-boot-starter-aop/3.3.5/spring-boot-starter-aop-3.3.5.jar:/home/crest/.m2/repository/org/aspectj/aspectjweaver/1.9.22.1/aspectjweaver-1.9.22.1.jar:/home/crest/.m2/repository/org/mockito/mockito-core/4.0.0/mockito-core-4.0.0.jar:/home/crest/.m2/repository/net/bytebuddy/byte-buddy/1.14.19/byte-buddy-1.14.19.jar:/home/crest/.m2/repository/net/bytebuddy/byte-buddy-agent/1.14.19/byte-buddy-agent-1.14.19.jar:/home/crest/.m2/repository/org/objenesis/objenesis/3.2/objenesis-3.2.jar:/home/crest/.m2/repository/org/springframework/boot/spring-boot-starter-logging/3.3.5/spring-boot-starter-logging-3.3.5.jar:/home/crest/.m2/repository/ch/qos/logback/logback-classic/1.5.11/logback-classic-1.5.11.jar:/home/crest/.m2/repository/ch/qos/logback/logback-core/1.5.11/logback-core-1.5.11.jar:/home/crest/.m2/repository/org/apache/logging/log4j/log4j-to-slf4j/2.23.1/log4j-to-slf4j-2.23.1.jar:/home/crest/.m2/repository/org/apache/logging/log4j/log4j-api/2.23.1/log4j-api-2.23.1.jar:/home/crest/.m2/repository/org/slf4j/jul-to-slf4j/2.0.16/jul-to-slf4j-2.0.16.jar:/home/crest/.m2/repository/org/springframework/boot/spring-boot-starter-tomcat/2.7.18/spring-boot-starter-tomcat-2.7.18.jar:/home/crest/.m2/repository/jakarta/annotation/jakarta.annotation-api/2.1.1/jakarta.annotation-api-2.1.1.jar:/home/crest/.m2/repository/org/apache/tomcat/embed/tomcat-embed-core/10.1.31/tomcat-embed-core-10.1.31.jar:/home/crest/.m2/repository/org/apache/tomcat/embed/tomcat-embed-el/10.1.31/tomcat-embed-el-10.1.31.jar:/home/crest/.m2/repository/org/apache/tomcat/embed/tomcat-embed-websocket/10.1.31/tomcat-embed-websocket-10.1.31.jar:"/>
    <property name="java.vm.vendor" value="Oracle Corporation"/>
    <property name="sun.arch.data.model" value="64"/>
    <property name="java.vendor.url" value="https://java.oracle.com/"/>
    <property name="user.timezone" value="Asia/Kolkata"/>
    <property name="org.jboss.logging.provider" value="slf4j"/>
    <property name="os.name" value="Linux"/>
    <property name="java.vm.specification.version" value="21"/>
    <property name="sun.java.launcher" value="SUN_STANDARD"/>
    <property name="user.country" value="IN"/>
    <property name="sun.boot.library.path" value="/usr/lib/jvm/jdk-21-oracle-x64/lib"/>
    <property name="sun.java.command" value="/home/crest/Desktop/BlogsBackend/target/surefire/surefirebooter-20241114110142254_3.jar /home/crest/Desktop/BlogsBackend/target/surefire 2024-11-14T11-01-42_134-jvmRun1 surefire-20241114110142254_1tmp surefire_0-20241114110142254_2tmp"/>
    <property name="jdk.debug" value="release"/>
    <property name="surefire.test.class.path" value="/home/crest/Desktop/BlogsBackend/target/test-classes:/home/crest/Desktop/BlogsBackend/target/classes:/home/crest/.m2/repository/org/springframework/boot/spring-boot-starter-data-jpa/3.3.5/spring-boot-starter-data-jpa-3.3.5.jar:/home/crest/.m2/repository/org/springframework/boot/spring-boot-starter-jdbc/3.3.5/spring-boot-starter-jdbc-3.3.5.jar:/home/crest/.m2/repository/com/zaxxer/HikariCP/5.1.0/HikariCP-5.1.0.jar:/home/crest/.m2/repository/org/springframework/spring-jdbc/6.1.14/spring-jdbc-6.1.14.jar:/home/crest/.m2/repository/org/hibernate/orm/hibernate-core/6.5.3.Final/hibernate-core-6.5.3.Final.jar:/home/crest/.m2/repository/jakarta/persistence/jakarta.persistence-api/3.1.0/jakarta.persistence-api-3.1.0.jar:/home/crest/.m2/repository/jakarta/transaction/jakarta.transaction-api/2.0.1/jakarta.transaction-api-2.0.1.jar:/home/crest/.m2/repository/org/jboss/logging/jboss-logging/3.5.3.Final/jboss-logging-3.5.3.Final.jar:/home/crest/.m2/repository/org/hibernate/common/hibernate-commons-annotations/6.0.6.Final/hibernate-commons-annotations-6.0.6.Final.jar:/home/crest/.m2/repository/io/smallrye/jandex/3.1.2/jandex-3.1.2.jar:/home/crest/.m2/repository/com/fasterxml/classmate/1.7.0/classmate-1.7.0.jar:/home/crest/.m2/repository/org/glassfish/jaxb/jaxb-runtime/4.0.5/jaxb-runtime-4.0.5.jar:/home/crest/.m2/repository/org/glassfish/jaxb/jaxb-core/4.0.5/jaxb-core-4.0.5.jar:/home/crest/.m2/repository/org/glassfish/jaxb/txw2/4.0.5/txw2-4.0.5.jar:/home/crest/.m2/repository/com/sun/istack/istack-commons-runtime/4.1.2/istack-commons-runtime-4.1.2.jar:/home/crest/.m2/repository/jakarta/inject/jakarta.inject-api/2.0.1/jakarta.inject-api-2.0.1.jar:/home/crest/.m2/repository/org/antlr/antlr4-runtime/4.13.0/antlr4-runtime-4.13.0.jar:/home/crest/.m2/repository/org/springframework/data/spring-data-jpa/3.3.5/spring-data-jpa-3.3.5.jar:/home/crest/.m2/repository/org/springframework/data/spring-data-commons/3.3.5/spring-data-commons-3.3.5.jar:/home/crest/.m2/repository/org/springframework/spring-orm/6.1.14/spring-orm-6.1.14.jar:/home/crest/.m2/repository/org/springframework/spring-context/6.1.14/spring-context-6.1.14.jar:/home/crest/.m2/repository/org/springframework/spring-tx/6.1.14/spring-tx-6.1.14.jar:/home/crest/.m2/repository/org/springframework/spring-beans/6.1.14/spring-beans-6.1.14.jar:/home/crest/.m2/repository/org/springframework/spring-aspects/6.1.14/spring-aspects-6.1.14.jar:/home/crest/.m2/repository/org/springframework/boot/spring-boot-starter-data-mongodb/3.3.5/spring-boot-starter-data-mongodb-3.3.5.jar:/home/crest/.m2/repository/org/springframework/boot/spring-boot-starter/3.3.5/spring-boot-starter-3.3.5.jar:/home/crest/.m2/repository/org/springframework/boot/spring-boot/3.3.5/spring-boot-3.3.5.jar:/home/crest/.m2/repository/org/springframework/boot/spring-boot-autoconfigure/3.3.5/spring-boot-autoconfigure-3.3.5.jar:/home/crest/.m2/repository/org/yaml/snakeyaml/2.2/snakeyaml-2.2.jar:/home/crest/.m2/repository/org/mongodb/mongodb-driver-sync/5.0.1/mongodb-driver-sync-5.0.1.jar:/home/crest/.m2/repository/org/mongodb/bson/5.0.1/bson-5.0.1.jar:/home/crest/.m2/repository/org/mongodb/mongodb-driver-core/5.0.1/mongodb-driver-core-5.0.1.jar:/home/crest/.m2/repository/org/mongodb/bson-record-codec/5.0.1/bson-record-codec-5.0.1.jar:/home/crest/.m2/repository/org/springframework/data/spring-data-mongodb/4.3.5/spring-data-mongodb-4.3.5.jar:/home/crest/.m2/repository/org/springframework/spring-expression/6.1.14/spring-expression-6.1.14.jar:/home/crest/.m2/repository/org/springframework/boot/spring-boot-starter-security/3.3.5/spring-boot-starter-security-3.3.5.jar:/home/crest/.m2/repository/org/springframework/spring-aop/6.1.14/spring-aop-6.1.14.jar:/home/crest/.m2/repository/org/springframework/security/spring-security-config/6.3.4/spring-security-config-6.3.4.jar:/home/crest/.m2/repository/org/springframework/security/spring-security-web/6.3.4/spring-security-web-6.3.4.jar:/home/crest/.m2/repository/org/springframework/boot/spring-boot-starter-web/3.3.5/spring-boot-starter-web-3.3.5.jar:/home/crest/.m2/repository/org/springframework/boot/spring-boot-starter-json/3.3.5/spring-boot-starter-json-3.3.5.jar:/home/crest/.m2/repository/com/fasterxml/jackson/datatype/jackson-datatype-jdk8/2.17.2/jackson-datatype-jdk8-2.17.2.jar:/home/crest/.m2/repository/com/fasterxml/jackson/module/jackson-module-parameter-names/2.17.2/jackson-module-parameter-names-2.17.2.jar:/home/crest/.m2/repository/org/springframework/spring-web/6.1.14/spring-web-6.1.14.jar:/home/crest/.m2/repository/io/micrometer/micrometer-observation/1.13.6/micrometer-observation-1.13.6.jar:/home/crest/.m2/repository/io/micrometer/micrometer-commons/1.13.6/micrometer-commons-1.13.6.jar:/home/crest/.m2/repository/org/springframework/spring-webmvc/6.1.14/spring-webmvc-6.1.14.jar:/home/crest/.m2/repository/org/projectlombok/lombok/1.18.34/lombok-1.18.34.jar:/home/crest/.m2/repository/org/springframework/boot/spring-boot-starter-test/3.3.5/spring-boot-starter-test-3.3.5.jar:/home/crest/.m2/repository/org/springframework/boot/spring-boot-test/3.3.5/spring-boot-test-3.3.5.jar:/home/crest/.m2/repository/org/springframework/boot/spring-boot-test-autoconfigure/3.3.5/spring-boot-test-autoconfigure-3.3.5.jar:/home/crest/.m2/repository/com/jayway/jsonpath/json-path/2.9.0/json-path-2.9.0.jar:/home/crest/.m2/repository/jakarta/xml/bind/jakarta.xml.bind-api/4.0.2/jakarta.xml.bind-api-4.0.2.jar:/home/crest/.m2/repository/jakarta/activation/jakarta.activation-api/2.1.3/jakarta.activation-api-2.1.3.jar:/home/crest/.m2/repository/net/minidev/json-smart/2.5.1/json-smart-2.5.1.jar:/home/crest/.m2/repository/net/minidev/accessors-smart/2.5.1/accessors-smart-2.5.1.jar:/home/crest/.m2/repository/org/ow2/asm/asm/9.6/asm-9.6.jar:/home/crest/.m2/repository/org/assertj/assertj-core/3.25.3/assertj-core-3.25.3.jar:/home/crest/.m2/repository/org/awaitility/awaitility/4.2.2/awaitility-4.2.2.jar:/home/crest/.m2/repository/org/hamcrest/hamcrest/2.2/hamcrest-2.2.jar:/home/crest/.m2/repository/org/junit/jupiter/junit-jupiter/5.10.5/junit-jupiter-5.10.5.jar:/home/crest/.m2/repository/org/junit/jupiter/junit-jupiter-api/5.10.5/junit-jupiter-api-5.10.5.jar:/home/crest/.m2/repository/org/opentest4j/opentest4j/1.3.0/opentest4j-1.3.0.jar:/home/crest/.m2/repository/org/junit/platform/junit-platform-commons/1.10.5/junit-platform-commons-1.10.5.jar:/home/crest/.m2/repository/org/apiguardian/apiguardian-api/1.1.2/apiguardian-api-1.1.2.jar:/home/crest/.m2/repository/org/junit/jupiter/junit-jupiter-params/5.10.5/junit-jupiter-params-5.10.5.jar:/home/crest/.m2/repository/org/junit/jupiter/junit-jupiter-engine/5.10.5/junit-jupiter-engine-5.10.5.jar:/home/crest/.m2/repository/org/junit/platform/junit-platform-engine/1.10.5/junit-platform-engine-1.10.5.jar:/home/crest/.m2/repository/org/mockito/mockito-junit-jupiter/5.11.0/mockito-junit-jupiter-5.11.0.jar:/home/crest/.m2/repository/org/skyscreamer/jsonassert/1.5.3/jsonassert-1.5.3.jar:/home/crest/.m2/repository/com/vaadin/external/google/android-json/0.0.20131108.vaadin1/android-json-0.0.20131108.vaadin1.jar:/home/crest/.m2/repository/org/springframework/spring-core/6.1.14/spring-core-6.1.14.jar:/home/crest/.m2/repository/org/springframework/spring-jcl/6.1.14/spring-jcl-6.1.14.jar:/home/crest/.m2/repository/org/springframework/spring-test/6.1.14/spring-test-6.1.14.jar:/home/crest/.m2/repository/org/xmlunit/xmlunit-core/2.9.1/xmlunit-core-2.9.1.jar:/home/crest/.m2/repository/org/springframework/security/spring-security-test/6.3.4/spring-security-test-6.3.4.jar:/home/crest/.m2/repository/org/springframework/security/spring-security-core/6.3.4/spring-security-core-6.3.4.jar:/home/crest/.m2/repository/org/springframework/security/spring-security-crypto/6.3.4/spring-security-crypto-6.3.4.jar:/home/crest/.m2/repository/org/springframework/boot/spring-boot-starter-mail/3.3.5/spring-boot-starter-mail-3.3.5.jar:/home/crest/.m2/repository/org/springframework/spring-context-support/6.1.14/spring-context-support-6.1.14.jar:/home/crest/.m2/repository/org/eclipse/angus/jakarta.mail/2.0.3/jakarta.mail-2.0.3.jar:/home/crest/.m2/repository/org/eclipse/angus/angus-activation/2.0.2/angus-activation-2.0.2.jar:/home/crest/.m2/repository/com/twilio/sdk/twilio/8.27.0/twilio-8.27.0.jar:/home/crest/.m2/repository/commons-codec/commons-codec/1.16.1/commons-codec-1.16.1.jar:/home/crest/.m2/repository/commons-io/commons-io/2.7/commons-io-2.7.jar:/home/crest/.m2/repository/org/apache/httpcomponents/httpclient/4.5.13/httpclient-4.5.13.jar:/home/crest/.m2/repository/commons-logging/commons-logging/1.2/commons-logging-1.2.jar:/home/crest/.m2/repository/org/apache/httpcomponents/httpcore/4.4.16/httpcore-4.4.16.jar:/home/crest/.m2/repository/com/fasterxml/jackson/core/jackson-core/2.17.2/jackson-core-2.17.2.jar:/home/crest/.m2/repository/com/fasterxml/jackson/core/jackson-annotations/2.17.2/jackson-annotations-2.17.2.jar:/home/crest/.m2/repository/com/fasterxml/jackson/core/jackson-databind/2.17.2/jackson-databind-2.17.2.jar:/home/crest/.m2/repository/com/fasterxml/jackson/datatype/jackson-datatype-jsr310/2.17.2/jackson-datatype-jsr310-2.17.2.jar:/home/crest/.m2/repository/com/fasterxml/jackson/dataformat/jackson-dataformat-xml/2.17.2/jackson-dataformat-xml-2.17.2.jar:/home/crest/.m2/repository/org/codehaus/woodstox/stax2-api/4.2.2/stax2-api-4.2.2.jar:/home/crest/.m2/repository/com/fasterxml/woodstox/woodstox-core/6.7.0/woodstox-core-6.7.0.jar:/home/crest/.m2/repository/org/slf4j/slf4j-api/2.0.16/slf4j-api-2.0.16.jar:/home/crest/.m2/repository/javax/xml/bind/jaxb-api/2.3.1/jaxb-api-2.3.1.jar:/home/crest/.m2/repository/javax/activation/javax.activation-api/1.2.0/javax.activation-api-1.2.0.jar:/home/crest/.m2/repository/javax/annotation/javax.annotation-api/1.3.2/javax.annotation-api-1.3.2.jar:/home/crest/.m2/repository/io/jsonwebtoken/jjwt-api/0.11.5/jjwt-api-0.11.5.jar:/home/crest/.m2/repository/io/jsonwebtoken/jjwt-impl/0.11.5/jjwt-impl-0.11.5.jar:/home/crest/.m2/repository/io/jsonwebtoken/jjwt-jackson/0.11.5/jjwt-jackson-0.11.5.jar:/home/crest/.m2/repository/com/thetransactioncompany/cors-filter/3.0/cors-filter-3.0.jar:/home/crest/.m2/repository/com/thetransactioncompany/java-property-utils/1.17/java-property-utils-1.17.jar:/home/crest/.m2/repository/org/apache/httpcomponents/client5/httpclient5/5.3.1/httpclient5-5.3.1.jar:/home/crest/.m2/repository/org/apache/httpcomponents/core5/httpcore5/5.2.5/httpcore5-5.2.5.jar:/home/crest/.m2/repository/org/apache/httpcomponents/core5/httpcore5-h2/5.2.5/httpcore5-h2-5.2.5.jar:/home/crest/.m2/repository/org/springframework/boot/spring-boot-starter-aop/3.3.5/spring-boot-starter-aop-3.3.5.jar:/home/crest/.m2/repository/org/aspectj/aspectjweaver/1.9.22.1/aspectjweaver-1.9.22.1.jar:/home/crest/.m2/repository/org/mockito/mockito-core/4.0.0/mockito-core-4.0.0.jar:/home/crest/.m2/repository/net/bytebuddy/byte-buddy/1.14.19/byte-buddy-1.14.19.jar:/home/crest/.m2/repository/net/bytebuddy/byte-buddy-agent/1.14.19/byte-buddy-agent-1.14.19.jar:/home/crest/.m2/repository/org/objenesis/objenesis/3.2/objenesis-3.2.jar:/home/crest/.m2/repository/org/springframework/boot/spring-boot-starter-logging/3.3.5/spring-boot-starter-logging-3.3.5.jar:/home/crest/.m2/repository/ch/qos/logback/logback-classic/1.5.11/logback-classic-1.5.11.jar:/home/crest/.m2/repository/ch/qos/logback/logback-core/1.5.11/logback-core-1.5.11.jar:/home/crest/.m2/repository/org/apache/logging/log4j/log4j-to-slf4j/2.23.1/log4j-to-slf4j-2.23.1.jar:/home/crest/.m2/repository/org/apache/logging/log4j/log4j-api/2.23.1/log4j-api-2.23.1.jar:/home/crest/.m2/repository/org/slf4j/jul-to-slf4j/2.0.16/jul-to-slf4j-2.0.16.jar:/home/crest/.m2/repository/org/springframework/boot/spring-boot-starter-tomcat/2.7.18/spring-boot-starter-tomcat-2.7.18.jar:/home/crest/.m2/repository/jakarta/annotation/jakarta.annotation-api/2.1.1/jakarta.annotation-api-2.1.1.jar:/home/crest/.m2/repository/org/apache/tomcat/embed/tomcat-embed-core/10.1.31/tomcat-embed-core-10.1.31.jar:/home/crest/.m2/repository/org/apache/tomcat/embed/tomcat-embed-el/10.1.31/tomcat-embed-el-10.1.31.jar:/home/crest/.m2/repository/org/apache/tomcat/embed/tomcat-embed-websocket/10.1.31/tomcat-embed-websocket-10.1.31.jar:"/>
    <property name="sun.cpu.endian" value="little"/>
    <property name="user.home" value="/home/crest"/>
    <property name="user.language" value="en"/>
    <property name="java.specification.vendor" value="Oracle Corporation"/>
    <property name="java.version.date" value="2024-04-16"/>
    <property name="java.home" value="/usr/lib/jvm/jdk-21-oracle-x64"/>
    <property name="file.separator" value="/"/>
    <property name="basedir" value="/home/crest/Desktop/BlogsBackend"/>
    <property name="java.vm.compressedOopsMode" value="Zero based"/>
    <property name="line.separator" value="&#10;"/>
    <property name="java.vm.specification.vendor" value="Oracle Corporation"/>
    <property name="java.specification.name" value="Java Platform API Specification"/>
    <property name="FILE_LOG_CHARSET" value="UTF-8"/>
    <property name="java.awt.headless" value="true"/>
    <property name="surefire.real.class.path" value="/home/crest/Desktop/BlogsBackend/target/surefire/surefirebooter-20241114110142254_3.jar"/>
    <property name="sun.management.compiler" value="HotSpot 64-Bit Tiered Compilers"/>
    <property name="java.runtime.version" value="21.0.3+7-LTS-152"/>
    <property name="user.name" value="crest"/>
    <property name="stdout.encoding" value="UTF-8"/>
    <property name="path.separator" value=":"/>
    <property name="os.version" value="6.8.0-48-generic"/>
    <property name="java.runtime.name" value="Java(TM) SE Runtime Environment"/>
    <property name="file.encoding" value="UTF-8"/>
    <property name="java.vm.name" value="Java HotSpot(TM) 64-Bit Server VM"/>
    <property name="localRepository" value="/home/crest/.m2/repository"/>
    <property name="java.vendor.url.bug" value="https://bugreport.java.com/bugreport/"/>
    <property name="java.io.tmpdir" value="/tmp"/>
    <property name="java.version" value="21.0.3"/>
    <property name="user.dir" value="/home/crest/Desktop/BlogsBackend"/>
    <property name="os.arch" value="amd64"/>
    <property name="java.vm.specification.name" value="Java Virtual Machine Specification"/>
    <property name="PID" value="12858"/>
    <property name="CONSOLE_LOG_CHARSET" value="UTF-8"/>
    <property name="native.encoding" value="UTF-8"/>
    <property name="java.library.path" value="/usr/java/packages/lib:/usr/lib64:/lib64:/lib:/usr/lib"/>
    <property name="java.vm.info" value="mixed mode, sharing"/>
    <property name="stderr.encoding" value="UTF-8"/>
    <property name="java.vendor" value="Oracle Corporation"/>
    <property name="java.vm.version" value="21.0.3+7-LTS-152"/>
    <property name="sun.io.unicode.encoding" value="UnicodeLittle"/>
    <property name="java.class.version" value="65.0"/>
    <property name="LOGGED_APPLICATION_NAME" value="[BlogsBackend] "/>
  </properties>
  <testcase name="contextLoads" classname="com.Blogs.Backend.BlogsBackend.BlogsBackendApplicationTests" time="0.738">
    <system-out><![CDATA[11:01:43.610 [main] INFO org.springframework.test.context.support.AnnotationConfigContextLoaderUtils -- Could not detect default configuration classes for test class [com.Blogs.Backend.BlogsBackend.BlogsBackendApplicationTests]: BlogsBackendApplicationTests does not declare any static, non-private, non-final, nested classes annotated with @Configuration.
11:01:43.794 [main] INFO org.springframework.boot.test.context.SpringBootTestContextBootstrapper -- Found @SpringBootConfiguration com.Blogs.Backend.BlogsBackend.BlogsBackendApplication for test class com.Blogs.Backend.BlogsBackend.BlogsBackendApplicationTests

  .   ____          _            __ _ _
 /\\ / ___'_ __ _ _(_)_ __  __ _ \ \ \ \
( ( )\___ | '_ | '_| | '_ \/ _` | \ \ \ \
 \\/  ___)| |_)| | | | | || (_| |  ) ) ) )
  '  |____| .__|_| |_|_| |_\__, | / / / /
 =========|_|==============|___/=/_/_/_/

 :: Spring Boot ::                (v3.3.5)

2024-11-14T11:01:44.553+05:30  INFO 12858 --- [BlogsBackend] [           main] c.B.B.B.BlogsBackendApplicationTests     : Starting BlogsBackendApplicationTests using Java 21.0.3 with PID 12858 (started by crest in /home/crest/Desktop/BlogsBackend)
2024-11-14T11:01:44.555+05:30 DEBUG 12858 --- [BlogsBackend] [           main] c.B.B.B.BlogsBackendApplicationTests     : Running with Spring Boot v3.3.5, Spring v6.1.14
2024-11-14T11:01:44.556+05:30  INFO 12858 --- [BlogsBackend] [           main] c.B.B.B.BlogsBackendApplicationTests     : No active profile set, falling back to 1 default profile: "default"
2024-11-14T11:01:44.558+05:30 DEBUG 12858 --- [BlogsBackend] [           main] o.s.boot.SpringApplication               : Loading source class com.Blogs.Backend.BlogsBackend.BlogsBackendApplication
2024-11-14T11:01:44.620+05:30 DEBUG 12858 --- [BlogsBackend] [           main] o.s.w.c.s.GenericWebApplicationContext   : Refreshing org.springframework.web.context.support.GenericWebApplicationContext@21ca139c
2024-11-14T11:01:44.651+05:30 DEBUG 12858 --- [BlogsBackend] [           main] o.s.b.f.s.DefaultListableBeanFactory     : Creating shared instance of singleton bean 'org.springframework.context.annotation.internalConfigurationAnnotationProcessor'
2024-11-14T11:01:44.679+05:30 DEBUG 12858 --- [BlogsBackend] [           main] o.s.b.f.s.DefaultListableBeanFactory     : Creating shared instance of singleton bean 'org.springframework.boot.autoconfigure.internalCachingMetadataReaderFactory'
2024-11-14T11:01:44.749+05:30 DEBUG 12858 --- [BlogsBackend] [           main] o.s.c.a.ClassPathBeanDefinitionScanner   : Identified candidate component class: file [/home/crest/Desktop/BlogsBackend/target/classes/com/Blogs/Backend/BlogsBackend/Security/configuration/SecurityConfiguration.class]
2024-11-14T11:01:44.752+05:30 DEBUG 12858 --- [BlogsBackend] [           main] o.s.c.a.ClassPathBeanDefinitionScanner   : Identified candidate component class: file [/home/crest/Desktop/BlogsBackend/target/classes/com/Blogs/Backend/BlogsBackend/Security/configuration/ThreadPoolConfig.class]
2024-11-14T11:01:44.775+05:30 DEBUG 12858 --- [BlogsBackend] [           main] o.s.c.a.ClassPathBeanDefinitionScanner   : Identified candidate component class: file [/home/crest/Desktop/BlogsBackend/target/classes/com/Blogs/Backend/BlogsBackend/Security/controller/AdminController.class]
2024-11-14T11:01:44.776+05:30 DEBUG 12858 --- [BlogsBackend] [           main] o.s.c.a.ClassPathBeanDefinitionScanner   : Identified candidate component class: file [/home/crest/Desktop/BlogsBackend/target/classes/com/Blogs/Backend/BlogsBackend/Security/controller/CustomerController.class]
2024-11-14T11:01:44.784+05:30 DEBUG 12858 --- [BlogsBackend] [           main] o.s.c.a.ClassPathBeanDefinitionScanner   : Identified candidate component class: file [/home/crest/Desktop/BlogsBackend/target/classes/com/Blogs/Backend/BlogsBackend/Security/controller/SellerController.class]
2024-11-14T11:01:44.786+05:30 DEBUG 12858 --- [BlogsBackend] [           main] o.s.c.a.ClassPathBeanDefinitionScanner   : Identified candidate component class: file [/home/crest/Desktop/BlogsBackend/target/classes/com/Blogs/Backend/BlogsBackend/Security/controller/UserController.class]
2024-11-14T11:01:44.817+05:30 DEBUG 12858 --- [BlogsBackend] [           main] o.s.c.a.ClassPathBeanDefinitionScanner   : Identified candidate component class: file [/home/crest/Desktop/BlogsBackend/target/classes/com/Blogs/Backend/BlogsBackend/Security/jwt/filter/JwtAuthFilter.class]
2024-11-14T11:01:44.819+05:30 DEBUG 12858 --- [BlogsBackend] [           main] o.s.c.a.ClassPathBeanDefinitionScanner   : Identified candidate component class: file [/home/crest/Desktop/BlogsBackend/target/classes/com/Blogs/Backend/BlogsBackend/Security/jwt/service/JwtService.class]
2024-11-14T11:01:44.821+05:30 DEBUG 12858 --- [BlogsBackend] [           main] o.s.c.a.ClassPathBeanDefinitionScanner   : Ignored because not a concrete top-level class: file [/home/crest/Desktop/BlogsBackend/target/classes/com/Blogs/Backend/BlogsBackend/Security/repository/BlogRepository.class]
2024-11-14T11:01:44.822+05:30 DEBUG 12858 --- [BlogsBackend] [           main] o.s.c.a.ClassPathBeanDefinitionScanner   : Ignored because not a concrete top-level class: file [/home/crest/Desktop/BlogsBackend/target/classes/com/Blogs/Backend/BlogsBackend/Security/repository/BlogRequestRepository.class]
2024-11-14T11:01:44.823+05:30 DEBUG 12858 --- [BlogsBackend] [           main] o.s.c.a.ClassPathBeanDefinitionScanner   : Ignored because not a concrete top-level class: file [/home/crest/Desktop/BlogsBackend/target/classes/com/Blogs/Backend/BlogsBackend/Security/repository/CustomerRepository.class]
2024-11-14T11:01:44.824+05:30 DEBUG 12858 --- [BlogsBackend] [           main] o.s.c.a.ClassPathBeanDefinitionScanner   : Ignored because not a concrete top-level class: file [/home/crest/Desktop/BlogsBackend/target/classes/com/Blogs/Backend/BlogsBackend/Security/repository/RejectedSellerRequestRepository.class]
2024-11-14T11:01:44.834+05:30 DEBUG 12858 --- [BlogsBackend] [           main] o.s.c.a.ClassPathBeanDefinitionScanner   : Ignored because not a concrete top-level class: file [/home/crest/Desktop/BlogsBackend/target/classes/com/Blogs/Backend/BlogsBackend/Security/repository/SellerRepository.class]
2024-11-14T11:01:44.836+05:30 DEBUG 12858 --- [BlogsBackend] [           main] o.s.c.a.ClassPathBeanDefinitionScanner   : Ignored because not a concrete top-level class: file [/home/crest/Desktop/BlogsBackend/target/classes/com/Blogs/Backend/BlogsBackend/Security/repository/UserDetailsRepository.class]
2024-11-14T11:01:44.837+05:30 DEBUG 12858 --- [BlogsBackend] [           main] o.s.c.a.ClassPathBeanDefinitionScanner   : Ignored because not a concrete top-level class: file [/home/crest/Desktop/BlogsBackend/target/classes/com/Blogs/Backend/BlogsBackend/Security/repository/UserRepository.class]
2024-11-14T11:01:44.839+05:30 DEBUG 12858 --- [BlogsBackend] [           main] o.s.c.a.ClassPathBeanDefinitionScanner   : Identified candidate component class: file [/home/crest/Desktop/BlogsBackend/target/classes/com/Blogs/Backend/BlogsBackend/Security/service/AdminService.class]
2024-11-14T11:01:44.840+05:30 DEBUG 12858 --- [BlogsBackend] [           main] o.s.c.a.ClassPathBeanDefinitionScanner   : Identified candidate component class: file [/home/crest/Desktop/BlogsBackend/target/classes/com/Blogs/Backend/BlogsBackend/Security/service/BlogRequestService.class]
2024-11-14T11:01:44.841+05:30 DEBUG 12858 --- [BlogsBackend] [           main] o.s.c.a.ClassPathBeanDefinitionScanner   : Identified candidate component class: file [/home/crest/Desktop/BlogsBackend/target/classes/com/Blogs/Backend/BlogsBackend/Security/service/BlogService.class]
2024-11-14T11:01:44.842+05:30 DEBUG 12858 --- [BlogsBackend] [           main] o.s.c.a.ClassPathBeanDefinitionScanner   : Identified candidate component class: file [/home/crest/Desktop/BlogsBackend/target/classes/com/Blogs/Backend/BlogsBackend/Security/service/MyUserService.class]
2024-11-14T11:01:44.843+05:30 DEBUG 12858 --- [BlogsBackend] [           main] o.s.c.a.ClassPathBeanDefinitionScanner   : Identified candidate component class: file [/home/crest/Desktop/BlogsBackend/target/classes/com/Blogs/Backend/BlogsBackend/Security/service/SellerService.class]
2024-11-14T11:01:44.844+05:30 DEBUG 12858 --- [BlogsBackend] [           main] o.s.c.a.ClassPathBeanDefinitionScanner   : Identified candidate component class: file [/home/crest/Desktop/BlogsBackend/target/classes/com/Blogs/Backend/BlogsBackend/Security/service/UserService.class]
2024-11-14T11:01:45.911+05:30  INFO 12858 --- [BlogsBackend] [           main] .s.d.r.c.RepositoryConfigurationDelegate : Multiple Spring Data modules found, entering strict repository configuration mode
2024-11-14T11:01:45.913+05:30  INFO 12858 --- [BlogsBackend] [           main] .s.d.r.c.RepositoryConfigurationDelegate : Bootstrapping Spring Data MongoDB repositories in DEFAULT mode.
2024-11-14T11:01:45.918+05:30 DEBUG 12858 --- [BlogsBackend] [           main] o.s.b.f.s.DefaultListableBeanFactory     : Creating shared instance of singleton bean 'org.springframework.boot.autoconfigure.AutoConfigurationPackages'
2024-11-14T11:01:45.929+05:30 DEBUG 12858 --- [BlogsBackend] [           main] o.s.b.a.AutoConfigurationPackages        : @EnableAutoConfiguration was declared on a class in the package 'com.Blogs.Backend.BlogsBackend'. Automatic @Repository and @Entity scanning is enabled.
2024-11-14T11:01:45.931+05:30 DEBUG 12858 --- [BlogsBackend] [           main] .s.d.r.c.RepositoryConfigurationDelegate : Scanning for MongoDB repositories in packages com.Blogs.Backend.BlogsBackend.
2024-11-14T11:01:45.951+05:30 DEBUG 12858 --- [BlogsBackend] [           main] o.s.d.r.c.RepositoryComponentProvider    : Identified candidate component class: file [/home/crest/Desktop/BlogsBackend/target/classes/com/Blogs/Backend/BlogsBackend/Security/repository/BlogRepository.class]
2024-11-14T11:01:45.952+05:30 DEBUG 12858 --- [BlogsBackend] [           main] o.s.d.r.c.RepositoryComponentProvider    : Identified candidate component class: file [/home/crest/Desktop/BlogsBackend/target/classes/com/Blogs/Backend/BlogsBackend/Security/repository/BlogRequestRepository.class]
2024-11-14T11:01:45.952+05:30 DEBUG 12858 --- [BlogsBackend] [           main] o.s.d.r.c.RepositoryComponentProvider    : Identified candidate component class: file [/home/crest/Desktop/BlogsBackend/target/classes/com/Blogs/Backend/BlogsBackend/Security/repository/CustomerRepository.class]
2024-11-14T11:01:45.952+05:30 DEBUG 12858 --- [BlogsBackend] [           main] o.s.d.r.c.RepositoryComponentProvider    : Identified candidate component class: file [/home/crest/Desktop/BlogsBackend/target/classes/com/Blogs/Backend/BlogsBackend/Security/repository/RejectedSellerRequestRepository.class]
2024-11-14T11:01:45.953+05:30 DEBUG 12858 --- [BlogsBackend] [           main] o.s.d.r.c.RepositoryComponentProvider    : Identified candidate component class: file [/home/crest/Desktop/BlogsBackend/target/classes/com/Blogs/Backend/BlogsBackend/Security/repository/SellerRepository.class]
2024-11-14T11:01:45.953+05:30 DEBUG 12858 --- [BlogsBackend] [           main] o.s.d.r.c.RepositoryComponentProvider    : Identified candidate component class: file [/home/crest/Desktop/BlogsBackend/target/classes/com/Blogs/Backend/BlogsBackend/Security/repository/SellerRequestRepository.class]
2024-11-14T11:01:45.953+05:30 DEBUG 12858 --- [BlogsBackend] [           main] o.s.d.r.c.RepositoryComponentProvider    : Identified candidate component class: file [/home/crest/Desktop/BlogsBackend/target/classes/com/Blogs/Backend/BlogsBackend/Security/repository/UserDetailsRepository.class]
2024-11-14T11:01:45.954+05:30 DEBUG 12858 --- [BlogsBackend] [           main] o.s.d.r.c.RepositoryComponentProvider    : Identified candidate component class: file [/home/crest/Desktop/BlogsBackend/target/classes/com/Blogs/Backend/BlogsBackend/Security/repository/UserRepository.class]
2024-11-14T11:01:46.033+05:30  INFO 12858 --- [BlogsBackend] [           main] .s.d.r.c.RepositoryConfigurationDelegate : Finished Spring Data repository scanning in 99 ms. Found 8 MongoDB repository interfaces.
2024-11-14T11:01:46.168+05:30 DEBUG 12858 --- [BlogsBackend] [           main] o.s.b.f.s.DefaultListableBeanFactory     : Creating shared instance of singleton bean 'springSecurityHandlerMappingIntrospectorBeanDefinitionRegistryPostProcessor'
2024-11-14T11:01:46.322+05:30 DEBUG 12858 --- [BlogsBackend] [           main] o.s.b.f.s.DefaultListableBeanFactory     : Creating shared instance of singleton bean 'propertySourcesPlaceholderConfigurer'
2024-11-14T11:01:46.329+05:30 DEBUG 12858 --- [BlogsBackend] [           main] o.s.b.f.s.DefaultListableBeanFactory     : Creating shared instance of singleton bean 'org.springframework.boot.test.mock.mockito.MockitoPostProcessor'
2024-11-14T11:01:46.330+05:30 DEBUG 12858 --- [BlogsBackend] [           main] o.s.b.f.s.DefaultListableBeanFactory     : Creating shared instance of singleton bean 'org.springframework.boot.sql.init.dependency.DatabaseInitializationDependencyConfigurer$DependsOnDatabaseInitializationPostProcessor'
2024-11-14T11:01:46.391+05:30 DEBUG 12858 --- [BlogsBackend] [           main] o.s.b.f.s.DefaultListableBeanFactory     : Creating shared instance of singleton bean 'org.springframework.context.event.internalEventListenerProcessor'
2024-11-14T11:01:46.393+05:30 DEBUG 12858 --- [BlogsBackend] [           main] o.s.b.f.s.DefaultListableBeanFactory     : Creating shared instance of singleton bean 'conversionServicePostProcessor'
2024-11-14T11:01:46.403+05:30 DEBUG 12858 --- [BlogsBackend] [           main] o.s.b.f.s.DefaultListableBeanFactory     : Creating shared instance of singleton bean 'preserveErrorControllerTargetClassPostProcessor'
2024-11-14T11:01:46.405+05:30 DEBUG 12858 --- [BlogsBackend] [           main] o.s.b.f.s.DefaultListableBeanFactory     : Creating shared instance of singleton bean 'org.springframework.context.event.internalEventListenerFactory'
2024-11-14T11:01:46.412+05:30 DEBUG 12858 --- [BlogsBackend] [           main] o.s.b.f.s.DefaultListableBeanFactory     : Creating shared instance of singleton bean 'org.springframework.boot.test.mock.mockito.MockitoPostProcessor$SpyPostProcessor'
2024-11-14T11:01:46.414+05:30 DEBUG 12858 --- [BlogsBackend] [           main] o.s.b.f.s.DefaultListableBeanFactory     : Creating shared instance of singleton bean 'org.springframework.context.annotation.internalAutowiredAnnotationProcessor'
2024-11-14T11:01:46.416+05:30 DEBUG 12858 --- [BlogsBackend] [           main] o.s.b.f.s.DefaultListableBeanFactory     : Creating shared instance of singleton bean 'org.springframework.context.annotation.internalCommonAnnotationProcessor'
2024-11-14T11:01:46.422+05:30 DEBUG 12858 --- [BlogsBackend] [           main] o.s.b.f.s.DefaultListableBeanFactory     : Creating shared instance of singleton bean 'org.springframework.context.annotation.internalPersistenceAnnotationProcessor'
2024-11-14T11:01:46.423+05:30 DEBUG 12858 --- [BlogsBackend] [           main] o.s.b.f.s.DefaultListableBeanFactory     : Creating shared instance of singleton bean 'org.springframework.boot.context.properties.ConfigurationPropertiesBindingPostProcessor'
2024-11-14T11:01:46.423+05:30 DEBUG 12858 --- [BlogsBackend] [           main] o.s.b.f.s.DefaultListableBeanFactory     : Creating shared instance of singleton bean 'org.springframework.boot.context.internalConfigurationPropertiesBinder'
2024-11-14T11:01:46.428+05:30 DEBUG 12858 --- [BlogsBackend] [           main] o.s.b.f.s.DefaultListableBeanFactory     : Creating shared instance of singleton bean 'org.springframework.aop.config.internalAutoProxyCreator'
2024-11-14T11:01:46.460+05:30 DEBUG 12858 --- [BlogsBackend] [           main] o.s.b.f.s.DefaultListableBeanFactory     : Creating shared instance of singleton bean 'org.springframework.context.annotation.internalAsyncAnnotationProcessor'
2024-11-14T11:01:46.460+05:30 DEBUG 12858 --- [BlogsBackend] [           main] o.s.b.f.s.DefaultListableBeanFactory     : Creating shared instance of singleton bean 'org.springframework.scheduling.annotation.ProxyAsyncConfiguration'
2024-11-14T11:01:46.482+05:30 DEBUG 12858 --- [BlogsBackend] [           main] o.s.b.f.s.DefaultListableBeanFactory     : Creating shared instance of singleton bean 'persistenceExceptionTranslationPostProcessor'
2024-11-14T11:01:46.512+05:30 DEBUG 12858 --- [BlogsBackend] [           main] o.s.b.f.s.DefaultListableBeanFactory     : Autowiring by type from bean name 'persistenceExceptionTranslationPostProcessor' via factory method to bean named 'environment'
2024-11-14T11:01:46.516+05:30 DEBUG 12858 --- [BlogsBackend] [           main] o.s.b.f.s.DefaultListableBeanFactory     : Creating shared instance of singleton bean 'webServerFactoryCustomizerBeanPostProcessor'
2024-11-14T11:01:46.518+05:30 DEBUG 12858 --- [BlogsBackend] [           main] o.s.b.f.s.DefaultListableBeanFactory     : Creating shared instance of singleton bean 'errorPageRegistrarBeanPostProcessor'
2024-11-14T11:01:46.519+05:30 DEBUG 12858 --- [BlogsBackend] [           main] o.s.b.f.s.DefaultListableBeanFactory     : Creating shared instance of singleton bean 'projectingArgumentResolverBeanPostProcessor'
2024-11-14T11:01:46.521+05:30 DEBUG 12858 --- [BlogsBackend] [           main] o.s.b.f.s.DefaultListableBeanFactory     : Creating shared instance of singleton bean 'preFilterAuthorizationAdvisor'
2024-11-14T11:01:46.523+05:30 DEBUG 12858 --- [BlogsBackend] [           main] o.s.b.f.s.DefaultListableBeanFactory     : Creating shared instance of singleton bean 'preFilterAuthorizationMethodInterceptor'
2024-11-14T11:01:46.545+05:30 DEBUG 12858 --- [BlogsBackend] [           main] o.s.b.f.s.DefaultListableBeanFactory     : Creating shared instance of singleton bean 'preAuthorizeAuthorizationAdvisor'
2024-11-14T11:01:46.546+05:30 DEBUG 12858 --- [BlogsBackend] [           main] o.s.b.f.s.DefaultListableBeanFactory     : Creating shared instance of singleton bean 'preAuthorizeAuthorizationMethodInterceptor'
2024-11-14T11:01:46.548+05:30 DEBUG 12858 --- [BlogsBackend] [           main] o.s.b.f.s.DefaultListableBeanFactory     : Creating shared instance of singleton bean 'postFilterAuthorizationAdvisor'
2024-11-14T11:01:46.549+05:30 DEBUG 12858 --- [BlogsBackend] [           main] o.s.b.f.s.DefaultListableBeanFactory     : Creating shared instance of singleton bean 'postFilterAuthorizationMethodInterceptor'
2024-11-14T11:01:46.551+05:30 DEBUG 12858 --- [BlogsBackend] [           main] o.s.b.f.s.DefaultListableBeanFactory     : Creating shared instance of singleton bean 'postAuthorizeAuthorizationAdvisor'
2024-11-14T11:01:46.552+05:30 DEBUG 12858 --- [BlogsBackend] [           main] o.s.b.f.s.DefaultListableBeanFactory     : Creating shared instance of singleton bean 'postAuthorizeAuthorizationMethodInterceptor'
2024-11-14T11:01:46.554+05:30 DEBUG 12858 --- [BlogsBackend] [           main] o.s.b.f.s.DefaultListableBeanFactory     : Creating shared instance of singleton bean 'authorizeReturnObjectAdvisor'
2024-11-14T11:01:46.554+05:30 DEBUG 12858 --- [BlogsBackend] [           main] o.s.b.f.s.DefaultListableBeanFactory     : Creating shared instance of singleton bean 'authorizeReturnObjectMethodInterceptor'
2024-11-14T11:01:46.556+05:30 DEBUG 12858 --- [BlogsBackend] [           main] o.s.b.f.s.DefaultListableBeanFactory     : Creating shared instance of singleton bean 'authorizationProxyFactory'
2024-11-14T11:01:46.594+05:30 DEBUG 12858 --- [BlogsBackend] [           main] o.s.b.f.s.DefaultListableBeanFactory     : Autowiring by type from bean name 'authorizeReturnObjectMethodInterceptor' via factory method to bean named 'authorizationProxyFactory'
2024-11-14T11:01:46.635+05:30 DEBUG 12858 --- [BlogsBackend] [           main] o.s.u.c.s.UiApplicationContextUtils      : Unable to locate ThemeSource with name 'themeSource': using default [org.springframework.ui.context.support.ResourceBundleThemeSource@2f10f633]
2024-11-14T11:01:46.637+05:30 DEBUG 12858 --- [BlogsBackend] [           main] o.s.b.f.s.DefaultListableBeanFactory     : Creating shared instance of singleton bean 'blogsBackendApplication'
2024-11-14T11:01:46.643+05:30 DEBUG 12858 --- [BlogsBackend] [           main] o.s.b.f.s.DefaultListableBeanFactory     : Creating shared instance of singleton bean 'securityConfiguration'
2024-11-14T11:01:46.649+05:30 DEBUG 12858 --- [BlogsBackend] [           main] o.s.b.f.s.DefaultListableBeanFactory     : Creating shared instance of singleton bean 'myUserService'
2024-11-14T11:01:46.651+05:30 DEBUG 12858 --- [BlogsBackend] [           main] o.s.b.f.s.DefaultListableBeanFactory     : Creating shared instance of singleton bean 'userDetailsRepository'
2024-11-14T11:01:46.657+05:30 DEBUG 12858 --- [BlogsBackend] [           main] o.s.b.f.s.DefaultListableBeanFactory     : Creating shared instance of singleton bean 'mongo.named-queries#5'
2024-11-14T11:01:46.667+05:30 DEBUG 12858 --- [BlogsBackend] [           main] o.s.b.f.s.DefaultListableBeanFactory     : Creating shared instance of singleton bean 'mongodb.UserDetailsRepository.fragments#0'
2024-11-14T11:01:46.682+05:30 DEBUG 12858 --- [BlogsBackend] [           main] o.s.b.f.s.DefaultListableBeanFactory     : Creating shared instance of singleton bean 'mongoTemplate'
2024-11-14T11:01:46.682+05:30 DEBUG 12858 --- [BlogsBackend] [           main] o.s.b.f.s.DefaultListableBeanFactory     : Creating shared instance of singleton bean 'org.springframework.boot.autoconfigure.data.mongo.MongoDatabaseFactoryDependentConfiguration'
2024-11-14T11:01:46.685+05:30 DEBUG 12858 --- [BlogsBackend] [           main] o.s.b.f.s.DefaultListableBeanFactory     : Creating shared instance of singleton bean 'mongoDatabaseFactory'
2024-11-14T11:01:46.686+05:30 DEBUG 12858 --- [BlogsBackend] [           main] o.s.b.f.s.DefaultListableBeanFactory     : Creating shared instance of singleton bean 'org.springframework.boot.autoconfigure.data.mongo.MongoDatabaseFactoryConfiguration'
2024-11-14T11:01:46.689+05:30 DEBUG 12858 --- [BlogsBackend] [           main] o.s.b.f.s.DefaultListableBeanFactory     : Creating shared instance of singleton bean 'mongo'
2024-11-14T11:01:46.690+05:30 DEBUG 12858 --- [BlogsBackend] [           main] o.s.b.f.s.DefaultListableBeanFactory     : Creating shared instance of singleton bean 'org.springframework.boot.autoconfigure.mongo.MongoAutoConfiguration'
2024-11-14T11:01:46.693+05:30 DEBUG 12858 --- [BlogsBackend] [           main] o.s.b.f.s.DefaultListableBeanFactory     : Creating shared instance of singleton bean 'mongoClientSettings'
2024-11-14T11:01:46.693+05:30 DEBUG 12858 --- [BlogsBackend] [           main] o.s.b.f.s.DefaultListableBeanFactory     : Creating shared instance of singleton bean 'org.springframework.boot.autoconfigure.mongo.MongoAutoConfiguration$MongoClientSettingsConfiguration'
2024-11-14T11:01:46.774+05:30 DEBUG 12858 --- [BlogsBackend] [           main] o.s.b.f.s.DefaultListableBeanFactory     : Autowiring by type from bean name 'mongo' via factory method to bean named 'mongoClientSettings'
2024-11-14T11:01:46.777+05:30 DEBUG 12858 --- [BlogsBackend] [           main] o.s.b.f.s.DefaultListableBeanFactory     : Creating shared instance of singleton bean 'standardMongoSettingsCustomizer'
2024-11-14T11:01:46.778+05:30 DEBUG 12858 --- [BlogsBackend] [           main] o.s.b.f.s.DefaultListableBeanFactory     : Creating shared instance of singleton bean 'spring.data.mongodb-org.springframework.boot.autoconfigure.mongo.MongoProperties'
2024-11-14T11:01:46.781+05:30 DEBUG 12858 --- [BlogsBackend] [           main] o.s.b.f.s.DefaultListableBeanFactory     : Creating shared instance of singleton bean 'org.springframework.boot.context.properties.BoundConfigurationProperties'
2024-11-14T11:01:46.817+05:30 DEBUG 12858 --- [BlogsBackend] [           main] o.s.b.f.s.DefaultListableBeanFactory     : Creating shared instance of singleton bean 'mongoConnectionDetails'
2024-11-14T11:01:46.818+05:30 DEBUG 12858 --- [BlogsBackend] [           main] o.s.b.f.s.DefaultListableBeanFactory     : Autowiring by type from bean name 'mongoConnectionDetails' via factory method to bean named 'spring.data.mongodb-org.springframework.boot.autoconfigure.mongo.MongoProperties'
2024-11-14T11:01:46.822+05:30 DEBUG 12858 --- [BlogsBackend] [           main] o.s.b.f.s.DefaultListableBeanFactory     : Autowiring by type from bean name 'standardMongoSettingsCustomizer' via factory method to bean named 'spring.data.mongodb-org.springframework.boot.autoconfigure.mongo.MongoProperties'
2024-11-14T11:01:46.822+05:30 DEBUG 12858 --- [BlogsBackend] [           main] o.s.b.f.s.DefaultListableBeanFactory     : Autowiring by type from bean name 'standardMongoSettingsCustomizer' via factory method to bean named 'mongoConnectionDetails'
2024-11-14T11:01:46.829+05:30 DEBUG 12858 --- [BlogsBackend] [           main] o.s.b.f.s.DefaultListableBeanFactory     : Creating shared instance of singleton bean 'sslBundleRegistry'
2024-11-14T11:01:46.829+05:30 DEBUG 12858 --- [BlogsBackend] [           main] o.s.b.f.s.DefaultListableBeanFactory     : Creating shared instance of singleton bean 'org.springframework.boot.autoconfigure.ssl.SslAutoConfiguration'
2024-11-14T11:01:46.831+05:30 DEBUG 12858 --- [BlogsBackend] [           main] o.s.b.f.s.DefaultListableBeanFactory     : Creating shared instance of singleton bean 'spring.ssl-org.springframework.boot.autoconfigure.ssl.SslProperties'
2024-11-14T11:01:46.835+05:30 DEBUG 12858 --- [BlogsBackend] [           main] o.s.b.f.s.DefaultListableBeanFactory     : Autowiring by type from bean name 'org.springframework.boot.autoconfigure.ssl.SslAutoConfiguration' via constructor to bean named 'org.springframework.web.context.support.GenericWebApplicationContext@21ca139c'
2024-11-14T11:01:46.835+05:30 DEBUG 12858 --- [BlogsBackend] [           main] o.s.b.f.s.DefaultListableBeanFactory     : Autowiring by type from bean name 'org.springframework.boot.autoconfigure.ssl.SslAutoConfiguration' via constructor to bean named 'spring.ssl-org.springframework.boot.autoconfigure.ssl.SslProperties'
2024-11-14T11:01:46.839+05:30 DEBUG 12858 --- [BlogsBackend] [           main] o.s.b.f.s.DefaultListableBeanFactory     : Creating shared instance of singleton bean 'sslPropertiesSslBundleRegistrar'
2024-11-14T11:01:46.840+05:30 DEBUG 12858 --- [BlogsBackend] [           main] o.s.b.f.s.DefaultListableBeanFactory     : Creating shared instance of singleton bean 'fileWatcher'
2024-11-14T11:01:46.843+05:30 DEBUG 12858 --- [BlogsBackend] [           main] o.s.b.f.s.DefaultListableBeanFactory     : Autowiring by type from bean name 'sslPropertiesSslBundleRegistrar' via factory method to bean named 'fileWatcher'
2024-11-14T11:01:46.940+05:30 DEBUG 12858 --- [BlogsBackend] [           main] org.mongodb.driver.connection            : Connection pool created for localhost:27017 using options maxIdleTimeMS=0, minPoolSize=0, maxPoolSize=100, maxConnecting=2, waitQueueTimeoutMS=120000
2024-11-14T11:01:46.954+05:30 DEBUG 12858 --- [BlogsBackend] [           main] org.mongodb.driver.cluster               : Updating cluster description to  {type=UNKNOWN, servers=[{address=localhost:27017, type=UNKNOWN, state=CONNECTING}]
2024-11-14T11:01:46.982+05:30  INFO 12858 --- [BlogsBackend] [           main] org.mongodb.driver.client                : MongoClient with metadata {"driver": {"name": "mongo-java-driver|sync|spring-boot", "version": "5.0.1"}, "os": {"type": "Linux", "name": "Linux", "architecture": "amd64", "version": "6.8.0-48-generic"}, "platform": "Java/Oracle Corporation/21.0.3+7-LTS-152"} created with settings MongoClientSettings{readPreference=primary, writeConcern=WriteConcern{w=null, wTimeout=null ms, journal=null}, retryWrites=true, retryReads=true, readConcern=ReadConcern{level=null}, credential=null, transportSettings=null, commandListeners=[], codecRegistry=ProvidersCodecRegistry{codecProviders=[ValueCodecProvider{}, BsonValueCodecProvider{}, DBRefCodecProvider{}, DBObjectCodecProvider{}, DocumentCodecProvider{}, CollectionCodecProvider{}, IterableCodecProvider{}, MapCodecProvider{}, GeoJsonCodecProvider{}, GridFSFileCodecProvider{}, Jsr310CodecProvider{}, JsonObjectCodecProvider{}, BsonCodecProvider{}, EnumCodecProvider{}, com.mongodb.client.model.mql.ExpressionCodecProvider@62765aec, com.mongodb.Jep395RecordCodecProvider@6f5bd362, com.mongodb.KotlinCodecProvider@3a401749]}, loggerSettings=LoggerSettings{maxDocumentLength=1000}, clusterSettings={hosts=[localhost:27017], srvServiceName=mongodb, mode=SINGLE, requiredClusterType=UNKNOWN, requiredReplicaSetName='null', serverSelector='null', clusterListeners='[]', serverSelectionTimeout='30000 ms', localThreshold='15 ms'}, socketSettings=SocketSettings{connectTimeoutMS=10000, readTimeoutMS=0, receiveBufferSize=0, proxySettings=ProxySettings{host=null, port=null, username=null, password=null}}, heartbeatSocketSettings=SocketSettings{connectTimeoutMS=10000, readTimeoutMS=10000, receiveBufferSize=0, proxySettings=ProxySettings{host=null, port=null, username=null, password=null}}, connectionPoolSettings=ConnectionPoolSettings{maxSize=100, minSize=0, maxWaitTimeMS=120000, maxConnectionLifeTimeMS=0, maxConnectionIdleTimeMS=0, maintenanceInitialDelayMS=0, maintenanceFrequencyMS=60000, connectionPoolListeners=[], maxConnecting=2}, serverSettings=ServerSettings{heartbeatFrequencyMS=10000, minHeartbeatFrequencyMS=500, serverListeners='[]', serverMonitorListeners='[]'}, sslSettings=SslSettings{enabled=false, invalidHostNameAllowed=false, context=null}, applicationName='null', compressorList=[], uuidRepresentation=JAVA_LEGACY, serverApi=null, autoEncryptionSettings=null, dnsClient=null, inetAddressResolver=null, contextProvider=null}
2024-11-14T11:01:46.990+05:30 DEBUG 12858 --- [BlogsBackend] [           main] o.s.b.f.s.DefaultListableBeanFactory     : Autowiring by type from bean name 'mongoDatabaseFactory' via factory method to bean named 'mongo'
2024-11-14T11:01:46.990+05:30 DEBUG 12858 --- [BlogsBackend] [           main] o.s.b.f.s.DefaultListableBeanFactory     : Autowiring by type from bean name 'mongoDatabaseFactory' via factory method to bean named 'spring.data.mongodb-org.springframework.boot.autoconfigure.mongo.MongoProperties'
2024-11-14T11:01:46.990+05:30 DEBUG 12858 --- [BlogsBackend] [           main] o.s.b.f.s.DefaultListableBeanFactory     : Autowiring by type from bean name 'mongoDatabaseFactory' via factory method to bean named 'mongoConnectionDetails'
2024-11-14T11:01:47.002+05:30 DEBUG 12858 --- [BlogsBackend] [           main] o.s.b.f.s.DefaultListableBeanFactory     : Creating shared instance of singleton bean 'mappingMongoConverter'
2024-11-14T11:01:47.002+05:30 DEBUG 12858 --- [BlogsBackend] [           main] o.s.b.f.s.DefaultListableBeanFactory     : Creating shared instance of singleton bean 'org.springframework.boot.autoconfigure.data.mongo.MongoDataConfiguration'
2024-11-14T11:01:47.006+05:30 DEBUG 12858 --- [BlogsBackend] [           main] o.s.b.f.s.DefaultListableBeanFactory     : Creating shared instance of singleton bean 'mongoMappingContext'
2024-11-14T11:01:47.008+05:30 DEBUG 12858 --- [BlogsBackend] [           main] o.s.b.f.s.DefaultListableBeanFactory     : Creating shared instance of singleton bean 'mongoCustomConversions'
2024-11-14T11:01:47.024+05:30  INFO 12858 --- [BlogsBackend] [localhost:27017] org.mongodb.driver.cluster               : Monitor thread successfully connected to server with description ServerDescription{address=localhost:27017, type=STANDALONE, state=CONNECTED, ok=true, minWireVersion=0, maxWireVersion=25, maxDocumentSize=16777216, logicalSessionTimeoutMinutes=30, roundTripTimeNanos=35431129}
2024-11-14T11:01:47.027+05:30 DEBUG 12858 --- [BlogsBackend] [localhost:27017] org.mongodb.driver.connection            : Connection pool ready for localhost:27017
2024-11-14T11:01:47.036+05:30 DEBUG 12858 --- [BlogsBackend] [localhost:27017] org.mongodb.driver.cluster               : Updating cluster description to  {type=STANDALONE, servers=[{address=localhost:27017, type=STANDALONE, roundTripTime=35.4 ms, state=CONNECTED}]
2024-11-14T11:01:47.036+05:30 DEBUG 12858 --- [BlogsBackend] [localhost:27017] org.mongodb.driver.cluster               : Checking status of localhost:27017
2024-11-14T11:01:47.124+05:30 DEBUG 12858 --- [BlogsBackend] [           main] o.s.data.convert.CustomConversions       : Adding converter from class java.lang.Character to class java.lang.String as writing converter
2024-11-14T11:01:47.125+05:30 DEBUG 12858 --- [BlogsBackend] [           main] o.s.data.convert.CustomConversions       : Adding converter from class java.util.Locale to class java.lang.String as writing converter
2024-11-14T11:01:47.126+05:30 DEBUG 12858 --- [BlogsBackend] [           main] o.s.data.convert.CustomConversions       : Adding converter from class java.math.BigDecimal to class java.lang.String as writing converter
2024-11-14T11:01:47.126+05:30 DEBUG 12858 --- [BlogsBackend] [           main] o.s.data.convert.CustomConversions       : Adding converter from class java.math.BigDecimal to class org.bson.types.Decimal128 as writing converter
2024-11-14T11:01:47.127+05:30 DEBUG 12858 --- [BlogsBackend] [           main] o.s.data.convert.CustomConversions       : Adding converter from class java.lang.String to class java.math.BigDecimal as reading converter
2024-11-14T11:01:47.127+05:30 DEBUG 12858 --- [BlogsBackend] [           main] o.s.data.convert.CustomConversions       : Adding converter from class org.bson.types.Decimal128 to class java.math.BigDecimal as reading converter
2024-11-14T11:01:47.127+05:30 DEBUG 12858 --- [BlogsBackend] [           main] o.s.data.convert.CustomConversions       : Adding converter from class java.math.BigInteger to class java.lang.String as writing converter
2024-11-14T11:01:47.127+05:30 DEBUG 12858 --- [BlogsBackend] [           main] o.s.data.convert.CustomConversions       : Adding converter from class java.lang.String to class java.math.BigInteger as reading converter
2024-11-14T11:01:47.128+05:30 DEBUG 12858 --- [BlogsBackend] [           main] o.s.data.convert.CustomConversions       : Adding converter from class java.net.URL to class java.lang.String as writing converter
2024-11-14T11:01:47.128+05:30 DEBUG 12858 --- [BlogsBackend] [           main] o.s.data.convert.CustomConversions       : Adding converter from class java.lang.String to class java.net.URL as reading converter
2024-11-14T11:01:47.128+05:30 DEBUG 12858 --- [BlogsBackend] [           main] o.s.data.convert.CustomConversions       : Adding converter from class org.bson.Document to class java.lang.String as reading converter
2024-11-14T11:01:47.128+05:30 DEBUG 12858 --- [BlogsBackend] [           main] o.s.data.convert.CustomConversions       : Adding converter from class org.springframework.data.mongodb.core.query.Term to class java.lang.String as writing converter
2024-11-14T11:01:47.129+05:30 DEBUG 12858 --- [BlogsBackend] [           main] o.s.data.convert.CustomConversions       : Adding converter from class org.springframework.data.mongodb.core.script.NamedMongoScript to class org.bson.Document as writing converter
2024-11-14T11:01:47.129+05:30 DEBUG 12858 --- [BlogsBackend] [           main] o.s.data.convert.CustomConversions       : Adding converter from class org.bson.Document to class org.springframework.data.mongodb.core.script.NamedMongoScript as reading converter
2024-11-14T11:01:47.129+05:30 DEBUG 12858 --- [BlogsBackend] [           main] o.s.data.convert.CustomConversions       : Adding converter from class java.util.Currency to class java.lang.String as writing converter
2024-11-14T11:01:47.129+05:30 DEBUG 12858 --- [BlogsBackend] [           main] o.s.data.convert.CustomConversions       : Adding converter from class java.lang.String to class java.util.Currency as reading converter
2024-11-14T11:01:47.129+05:30 DEBUG 12858 --- [BlogsBackend] [           main] o.s.data.convert.CustomConversions       : Adding converter from class java.util.concurrent.atomic.AtomicInteger to class java.lang.Integer as writing converter
2024-11-14T11:01:47.130+05:30 DEBUG 12858 --- [BlogsBackend] [           main] o.s.data.convert.CustomConversions       : Adding converter from class java.util.concurrent.atomic.AtomicLong to class java.lang.Long as writing converter
2024-11-14T11:01:47.130+05:30 DEBUG 12858 --- [BlogsBackend] [           main] o.s.data.convert.CustomConversions       : Adding converter from class java.lang.Long to class java.util.concurrent.atomic.AtomicLong as reading converter
2024-11-14T11:01:47.130+05:30 DEBUG 12858 --- [BlogsBackend] [           main] o.s.data.convert.CustomConversions       : Adding converter from class java.lang.Integer to class java.util.concurrent.atomic.AtomicInteger as reading converter
2024-11-14T11:01:47.130+05:30 DEBUG 12858 --- [BlogsBackend] [           main] o.s.data.convert.CustomConversions       : Adding converter from class org.bson.types.Binary to class [B as reading converter
2024-11-14T11:01:47.130+05:30 DEBUG 12858 --- [BlogsBackend] [           main] o.s.data.convert.CustomConversions       : Adding converter from class org.bson.BsonTimestamp to class java.time.Instant as reading converter
2024-11-14T11:01:47.130+05:30 DEBUG 12858 --- [BlogsBackend] [           main] o.s.data.convert.CustomConversions       : Adding converter from class org.bson.BsonUndefined to class java.lang.Object as reading converter
2024-11-14T11:01:47.131+05:30 DEBUG 12858 --- [BlogsBackend] [           main] o.s.data.convert.CustomConversions       : Adding converter from class java.net.URI to class java.lang.String as writing converter
2024-11-14T11:01:47.131+05:30 DEBUG 12858 --- [BlogsBackend] [           main] o.s.data.convert.CustomConversions       : Adding converter from class java.lang.String to class java.net.URI as reading converter
2024-11-14T11:01:47.131+05:30 DEBUG 12858 --- [BlogsBackend] [           main] o.s.data.convert.CustomConversions       : Adding converter from class org.springframework.data.geo.Box to class org.bson.Document as writing converter
2024-11-14T11:01:47.131+05:30 DEBUG 12858 --- [BlogsBackend] [           main] o.s.data.convert.CustomConversions       : Adding converter from class org.springframework.data.geo.Polygon to class org.bson.Document as writing converter
2024-11-14T11:01:47.132+05:30 DEBUG 12858 --- [BlogsBackend] [           main] o.s.data.convert.CustomConversions       : Adding converter from class org.springframework.data.geo.Circle to class org.bson.Document as writing converter
2024-11-14T11:01:47.132+05:30 DEBUG 12858 --- [BlogsBackend] [           main] o.s.data.convert.CustomConversions       : Adding converter from class org.springframework.data.mongodb.core.geo.Sphere to class org.bson.Document as writing converter
2024-11-14T11:01:47.132+05:30 DEBUG 12858 --- [BlogsBackend] [           main] o.s.data.convert.CustomConversions       : Adding converter from class org.bson.Document to class org.springframework.data.geo.Box as reading converter
2024-11-14T11:01:47.132+05:30 DEBUG 12858 --- [BlogsBackend] [           main] o.s.data.convert.CustomConversions       : Adding converter from class org.bson.Document to class org.springframework.data.geo.Polygon as reading converter
2024-11-14T11:01:47.132+05:30 DEBUG 12858 --- [BlogsBackend] [           main] o.s.data.convert.CustomConversions       : Adding converter from class org.bson.Document to class org.springframework.data.geo.Circle as reading converter
2024-11-14T11:01:47.133+05:30 DEBUG 12858 --- [BlogsBackend] [           main] o.s.data.convert.CustomConversions       : Adding converter from class org.bson.Document to class org.springframework.data.mongodb.core.geo.Sphere as reading converter
2024-11-14T11:01:47.133+05:30 DEBUG 12858 --- [BlogsBackend] [           main] o.s.data.convert.CustomConversions       : Adding converter from class org.bson.Document to class org.springframework.data.geo.Point as reading converter
2024-11-14T11:01:47.133+05:30 DEBUG 12858 --- [BlogsBackend] [           main] o.s.data.convert.CustomConversions       : Adding converter from class org.springframework.data.geo.Point to class org.bson.Document as writing converter
2024-11-14T11:01:47.133+05:30 DEBUG 12858 --- [BlogsBackend] [           main] o.s.data.convert.CustomConversions       : Adding converter from class org.springframework.data.mongodb.core.query.GeoCommand to class org.bson.Document as writing converter
2024-11-14T11:01:47.134+05:30 DEBUG 12858 --- [BlogsBackend] [           main] o.s.data.convert.CustomConversions       : Adding converter from interface org.springframework.data.mongodb.core.geo.GeoJson to class org.bson.Document as writing converter
2024-11-14T11:01:47.134+05:30 DEBUG 12858 --- [BlogsBackend] [           main] o.s.data.convert.CustomConversions       : Adding converter from class org.springframework.data.mongodb.core.geo.GeoJsonPoint to class org.bson.Document as writing converter
2024-11-14T11:01:47.134+05:30 DEBUG 12858 --- [BlogsBackend] [           main] o.s.data.convert.CustomConversions       : Adding converter from class org.springframework.data.mongodb.core.geo.GeoJsonPolygon to class org.bson.Document as writing converter
2024-11-14T11:01:47.134+05:30 DEBUG 12858 --- [BlogsBackend] [           main] o.s.data.convert.CustomConversions       : Adding converter from class org.bson.Document to class org.springframework.data.mongodb.core.geo.GeoJsonPoint as reading converter
2024-11-14T11:01:47.135+05:30 DEBUG 12858 --- [BlogsBackend] [           main] o.s.data.convert.CustomConversions       : Adding converter from class org.bson.Document to class org.springframework.data.mongodb.core.geo.GeoJsonPolygon as reading converter
2024-11-14T11:01:47.135+05:30 DEBUG 12858 --- [BlogsBackend] [           main] o.s.data.convert.CustomConversions       : Adding converter from class org.bson.Document to class org.springframework.data.mongodb.core.geo.GeoJsonLineString as reading converter
2024-11-14T11:01:47.135+05:30 DEBUG 12858 --- [BlogsBackend] [           main] o.s.data.convert.CustomConversions       : Adding converter from class org.bson.Document to class org.springframework.data.mongodb.core.geo.GeoJsonMultiLineString as reading converter
2024-11-14T11:01:47.135+05:30 DEBUG 12858 --- [BlogsBackend] [           main] o.s.data.convert.CustomConversions       : Adding converter from class org.bson.Document to class org.springframework.data.mongodb.core.geo.GeoJsonMultiPoint as reading converter
2024-11-14T11:01:47.135+05:30 DEBUG 12858 --- [BlogsBackend] [           main] o.s.data.convert.CustomConversions       : Adding converter from class org.bson.Document to class org.springframework.data.mongodb.core.geo.GeoJsonMultiPolygon as reading converter
2024-11-14T11:01:47.136+05:30 DEBUG 12858 --- [BlogsBackend] [           main] o.s.data.convert.CustomConversions       : Adding converter from class org.bson.Document to class org.springframework.data.mongodb.core.geo.GeoJsonGeometryCollection as reading converter
2024-11-14T11:01:47.136+05:30 DEBUG 12858 --- [BlogsBackend] [           main] o.s.data.convert.CustomConversions       : Adding converter from class org.bson.Document to interface org.springframework.data.mongodb.core.geo.GeoJson as reading converter
2024-11-14T11:01:47.136+05:30 DEBUG 12858 --- [BlogsBackend] [           main] o.s.data.convert.CustomConversions       : Adding converter from class java.util.Date to class java.time.LocalDateTime as reading converter
2024-11-14T11:01:47.137+05:30 DEBUG 12858 --- [BlogsBackend] [           main] o.s.data.convert.CustomConversions       : Adding converter from class java.time.LocalDateTime to class java.util.Date as writing converter
2024-11-14T11:01:47.137+05:30 DEBUG 12858 --- [BlogsBackend] [           main] o.s.data.convert.CustomConversions       : Adding converter from class java.util.Date to class java.time.LocalDate as reading converter
2024-11-14T11:01:47.137+05:30 DEBUG 12858 --- [BlogsBackend] [           main] o.s.data.convert.CustomConversions       : Adding converter from class java.time.LocalDate to class java.util.Date as writing converter
2024-11-14T11:01:47.137+05:30 DEBUG 12858 --- [BlogsBackend] [           main] o.s.data.convert.CustomConversions       : Adding converter from class java.util.Date to class java.time.LocalTime as reading converter
2024-11-14T11:01:47.137+05:30 DEBUG 12858 --- [BlogsBackend] [           main] o.s.data.convert.CustomConversions       : Adding converter from class java.time.LocalTime to class java.util.Date as writing converter
2024-11-14T11:01:47.137+05:30 DEBUG 12858 --- [BlogsBackend] [           main] o.s.data.convert.CustomConversions       : Adding converter from class java.util.Date to class java.time.Instant as reading converter
2024-11-14T11:01:47.138+05:30 DEBUG 12858 --- [BlogsBackend] [           main] o.s.data.convert.CustomConversions       : Adding converter from class java.time.Instant to class java.util.Date as writing converter
2024-11-14T11:01:47.138+05:30 DEBUG 12858 --- [BlogsBackend] [           main] o.s.data.convert.CustomConversions       : Skipping converter from class java.time.LocalDateTime to class java.time.Instant as reading converter class java.time.LocalDateTime is not a store supported simple type
2024-11-14T11:01:47.138+05:30 DEBUG 12858 --- [BlogsBackend] [           main] o.s.data.convert.CustomConversions       : Skipping converter from class java.time.Instant to class java.time.LocalDateTime as reading converter class java.time.Instant is not a store supported simple type
2024-11-14T11:01:47.138+05:30 DEBUG 12858 --- [BlogsBackend] [           main] o.s.data.convert.CustomConversions       : Adding converter from class java.time.ZoneId to class java.lang.String as writing converter
2024-11-14T11:01:47.138+05:30 DEBUG 12858 --- [BlogsBackend] [           main] o.s.data.convert.CustomConversions       : Adding converter from class java.lang.String to class java.time.ZoneId as reading converter
2024-11-14T11:01:47.139+05:30 DEBUG 12858 --- [BlogsBackend] [           main] o.s.data.convert.CustomConversions       : Adding converter from class java.time.Duration to class java.lang.String as writing converter
2024-11-14T11:01:47.139+05:30 DEBUG 12858 --- [BlogsBackend] [           main] o.s.data.convert.CustomConversions       : Adding converter from class java.lang.String to class java.time.Duration as reading converter
2024-11-14T11:01:47.139+05:30 DEBUG 12858 --- [BlogsBackend] [           main] o.s.data.convert.CustomConversions       : Adding converter from class java.time.Period to class java.lang.String as writing converter
2024-11-14T11:01:47.139+05:30 DEBUG 12858 --- [BlogsBackend] [           main] o.s.data.convert.CustomConversions       : Adding converter from class java.lang.String to class java.time.Period as reading converter
2024-11-14T11:01:47.140+05:30 DEBUG 12858 --- [BlogsBackend] [           main] o.s.data.convert.CustomConversions       : Adding converter from class java.lang.String to class java.time.LocalDate as reading converter
2024-11-14T11:01:47.140+05:30 DEBUG 12858 --- [BlogsBackend] [           main] o.s.data.convert.CustomConversions       : Adding converter from class java.lang.String to class java.time.LocalDateTime as reading converter
2024-11-14T11:01:47.140+05:30 DEBUG 12858 --- [BlogsBackend] [           main] o.s.data.convert.CustomConversions       : Adding converter from class java.lang.String to class java.time.Instant as reading converter
2024-11-14T11:01:47.145+05:30 DEBUG 12858 --- [BlogsBackend] [           main] o.s.b.f.s.DefaultListableBeanFactory     : Creating shared instance of singleton bean 'mongoManagedTypes'
2024-11-14T11:01:47.146+05:30 DEBUG 12858 --- [BlogsBackend] [           main] o.s.b.f.s.DefaultListableBeanFactory     : Autowiring by type from bean name 'mongoManagedTypes' via factory method to bean named 'org.springframework.web.context.support.GenericWebApplicationContext@21ca139c'
2024-11-14T11:01:47.157+05:30 DEBUG 12858 --- [BlogsBackend] [           main] ssPathScanningCandidateComponentProvider : Identified candidate component class: file [/home/crest/Desktop/BlogsBackend/target/classes/com/Blogs/Backend/BlogsBackend/Security/entity/Blog.class]
2024-11-14T11:01:47.157+05:30 DEBUG 12858 --- [BlogsBackend] [           main] ssPathScanningCandidateComponentProvider : Identified candidate component class: file [/home/crest/Desktop/BlogsBackend/target/classes/com/Blogs/Backend/BlogsBackend/Security/entity/BlogRequest.class]
2024-11-14T11:01:47.157+05:30 DEBUG 12858 --- [BlogsBackend] [           main] ssPathScanningCandidateComponentProvider : Identified candidate component class: file [/home/crest/Desktop/BlogsBackend/target/classes/com/Blogs/Backend/BlogsBackend/Security/entity/Customer.class]
2024-11-14T11:01:47.158+05:30 DEBUG 12858 --- [BlogsBackend] [           main] ssPathScanningCandidateComponentProvider : Identified candidate component class: file [/home/crest/Desktop/BlogsBackend/target/classes/com/Blogs/Backend/BlogsBackend/Security/entity/Seller.class]
2024-11-14T11:01:47.158+05:30 DEBUG 12858 --- [BlogsBackend] [           main] ssPathScanningCandidateComponentProvider : Identified candidate component class: file [/home/crest/Desktop/BlogsBackend/target/classes/com/Blogs/Backend/BlogsBackend/Security/entity/SellerRequest.class]
2024-11-14T11:01:47.158+05:30 DEBUG 12858 --- [BlogsBackend] [           main] ssPathScanningCandidateComponentProvider : Identified candidate component class: file [/home/crest/Desktop/BlogsBackend/target/classes/com/Blogs/Backend/BlogsBackend/Security/entity/User.class]
2024-11-14T11:01:47.162+05:30 DEBUG 12858 --- [BlogsBackend] [           main] o.s.b.f.s.DefaultListableBeanFactory     : Autowiring by type from bean name 'mongoMappingContext' via factory method to bean named 'spring.data.mongodb-org.springframework.boot.autoconfigure.mongo.MongoProperties'
2024-11-14T11:01:47.162+05:30 DEBUG 12858 --- [BlogsBackend] [           main] o.s.b.f.s.DefaultListableBeanFactory     : Autowiring by type from bean name 'mongoMappingContext' via factory method to bean named 'mongoCustomConversions'
2024-11-14T11:01:47.162+05:30 DEBUG 12858 --- [BlogsBackend] [           main] o.s.b.f.s.DefaultListableBeanFactory     : Autowiring by type from bean name 'mongoMappingContext' via factory method to bean named 'mongoManagedTypes'
2024-11-14T11:01:47.252+05:30 DEBUG 12858 --- [BlogsBackend] [           main] o.s.b.f.s.DefaultListableBeanFactory     : Creating shared instance of singleton bean 'delegatingApplicationListener'
2024-11-14T11:01:47.333+05:30 DEBUG 12858 --- [BlogsBackend] [           main] o.s.b.f.s.DefaultListableBeanFactory     : Autowiring by type from bean name 'mappingMongoConverter' via factory method to bean named 'mongoMappingContext'
2024-11-14T11:01:47.333+05:30 DEBUG 12858 --- [BlogsBackend] [           main] o.s.b.f.s.DefaultListableBeanFactory     : Autowiring by type from bean name 'mappingMongoConverter' via factory method to bean named 'mongoCustomConversions'
2024-11-14T11:01:47.346+05:30 DEBUG 12858 --- [BlogsBackend] [           main] o.s.data.convert.CustomConversions       : Adding converter from class java.lang.Character to class java.lang.String as writing converter
2024-11-14T11:01:47.347+05:30 DEBUG 12858 --- [BlogsBackend] [           main] o.s.data.convert.CustomConversions       : Adding converter from class java.util.Locale to class java.lang.String as writing converter
2024-11-14T11:01:47.347+05:30 DEBUG 12858 --- [BlogsBackend] [           main] o.s.data.convert.CustomConversions       : Adding converter from class java.math.BigDecimal to class java.lang.String as writing converter
2024-11-14T11:01:47.347+05:30 DEBUG 12858 --- [BlogsBackend] [           main] o.s.data.convert.CustomConversions       : Adding converter from class java.math.BigDecimal to class org.bson.types.Decimal128 as writing converter
2024-11-14T11:01:47.347+05:30 DEBUG 12858 --- [BlogsBackend] [           main] o.s.data.convert.CustomConversions       : Adding converter from class java.lang.String to class java.math.BigDecimal as reading converter
2024-11-14T11:01:47.347+05:30 DEBUG 12858 --- [BlogsBackend] [           main] o.s.data.convert.CustomConversions       : Adding converter from class org.bson.types.Decimal128 to class java.math.BigDecimal as reading converter
2024-11-14T11:01:47.348+05:30 DEBUG 12858 --- [BlogsBackend] [           main] o.s.data.convert.CustomConversions       : Adding converter from class java.math.BigInteger to class java.lang.String as writing converter
2024-11-14T11:01:47.348+05:30 DEBUG 12858 --- [BlogsBackend] [           main] o.s.data.convert.CustomConversions       : Adding converter from class java.lang.String to class java.math.BigInteger as reading converter
2024-11-14T11:01:47.348+05:30 DEBUG 12858 --- [BlogsBackend] [           main] o.s.data.convert.CustomConversions       : Adding converter from class java.net.URL to class java.lang.String as writing converter
2024-11-14T11:01:47.348+05:30 DEBUG 12858 --- [BlogsBackend] [           main] o.s.data.convert.CustomConversions       : Adding converter from class java.lang.String to class java.net.URL as reading converter
2024-11-14T11:01:47.348+05:30 DEBUG 12858 --- [BlogsBackend] [           main] o.s.data.convert.CustomConversions       : Adding converter from class org.bson.Document to class java.lang.String as reading converter
2024-11-14T11:01:47.348+05:30 DEBUG 12858 --- [BlogsBackend] [           main] o.s.data.convert.CustomConversions       : Adding converter from class org.springframework.data.mongodb.core.query.Term to class java.lang.String as writing converter
2024-11-14T11:01:47.349+05:30 DEBUG 12858 --- [BlogsBackend] [           main] o.s.data.convert.CustomConversions       : Adding converter from class org.springframework.data.mongodb.core.script.NamedMongoScript to class org.bson.Document as writing converter
2024-11-14T11:01:47.349+05:30 DEBUG 12858 --- [BlogsBackend] [           main] o.s.data.convert.CustomConversions       : Adding converter from class org.bson.Document to class org.springframework.data.mongodb.core.script.NamedMongoScript as reading converter
2024-11-14T11:01:47.349+05:30 DEBUG 12858 --- [BlogsBackend] [           main] o.s.data.convert.CustomConversions       : Adding converter from class java.util.Currency to class java.lang.String as writing converter
2024-11-14T11:01:47.349+05:30 DEBUG 12858 --- [BlogsBackend] [           main] o.s.data.convert.CustomConversions       : Adding converter from class java.lang.String to class java.util.Currency as reading converter
2024-11-14T11:01:47.349+05:30 DEBUG 12858 --- [BlogsBackend] [           main] o.s.data.convert.CustomConversions       : Adding converter from class java.util.concurrent.atomic.AtomicInteger to class java.lang.Integer as writing converter
2024-11-14T11:01:47.349+05:30 DEBUG 12858 --- [BlogsBackend] [           main] o.s.data.convert.CustomConversions       : Adding converter from class java.util.concurrent.atomic.AtomicLong to class java.lang.Long as writing converter
2024-11-14T11:01:47.350+05:30 DEBUG 12858 --- [BlogsBackend] [           main] o.s.data.convert.CustomConversions       : Adding converter from class java.lang.Long to class java.util.concurrent.atomic.AtomicLong as reading converter
2024-11-14T11:01:47.350+05:30 DEBUG 12858 --- [BlogsBackend] [           main] o.s.data.convert.CustomConversions       : Adding converter from class java.lang.Integer to class java.util.concurrent.atomic.AtomicInteger as reading converter
2024-11-14T11:01:47.350+05:30 DEBUG 12858 --- [BlogsBackend] [           main] o.s.data.convert.CustomConversions       : Adding converter from class org.bson.types.Binary to class [B as reading converter
2024-11-14T11:01:47.350+05:30 DEBUG 12858 --- [BlogsBackend] [           main] o.s.data.convert.CustomConversions       : Adding converter from class org.bson.BsonTimestamp to class java.time.Instant as reading converter
2024-11-14T11:01:47.350+05:30 DEBUG 12858 --- [BlogsBackend] [           main] o.s.data.convert.CustomConversions       : Adding converter from class org.bson.BsonUndefined to class java.lang.Object as reading converter
2024-11-14T11:01:47.351+05:30 DEBUG 12858 --- [BlogsBackend] [           main] o.s.data.convert.CustomConversions       : Adding converter from class java.net.URI to class java.lang.String as writing converter
2024-11-14T11:01:47.351+05:30 DEBUG 12858 --- [BlogsBackend] [           main] o.s.data.convert.CustomConversions       : Adding converter from class java.lang.String to class java.net.URI as reading converter
2024-11-14T11:01:47.351+05:30 DEBUG 12858 --- [BlogsBackend] [           main] o.s.data.convert.CustomConversions       : Adding converter from class org.springframework.data.geo.Box to class org.bson.Document as writing converter
2024-11-14T11:01:47.351+05:30 DEBUG 12858 --- [BlogsBackend] [           main] o.s.data.convert.CustomConversions       : Adding converter from class org.springframework.data.geo.Polygon to class org.bson.Document as writing converter
2024-11-14T11:01:47.351+05:30 DEBUG 12858 --- [BlogsBackend] [           main] o.s.data.convert.CustomConversions       : Adding converter from class org.springframework.data.geo.Circle to class org.bson.Document as writing converter
2024-11-14T11:01:47.351+05:30 DEBUG 12858 --- [BlogsBackend] [           main] o.s.data.convert.CustomConversions       : Adding converter from class org.springframework.data.mongodb.core.geo.Sphere to class org.bson.Document as writing converter
2024-11-14T11:01:47.352+05:30 DEBUG 12858 --- [BlogsBackend] [           main] o.s.data.convert.CustomConversions       : Adding converter from class org.bson.Document to class org.springframework.data.geo.Box as reading converter
2024-11-14T11:01:47.352+05:30 DEBUG 12858 --- [BlogsBackend] [           main] o.s.data.convert.CustomConversions       : Adding converter from class org.bson.Document to class org.springframework.data.geo.Polygon as reading converter
2024-11-14T11:01:47.352+05:30 DEBUG 12858 --- [BlogsBackend] [           main] o.s.data.convert.CustomConversions       : Adding converter from class org.bson.Document to class org.springframework.data.geo.Circle as reading converter
2024-11-14T11:01:47.352+05:30 DEBUG 12858 --- [BlogsBackend] [           main] o.s.data.convert.CustomConversions       : Adding converter from class org.bson.Document to class org.springframework.data.mongodb.core.geo.Sphere as reading converter
2024-11-14T11:01:47.352+05:30 DEBUG 12858 --- [BlogsBackend] [           main] o.s.data.convert.CustomConversions       : Adding converter from class org.bson.Document to class org.springframework.data.geo.Point as reading converter
2024-11-14T11:01:47.352+05:30 DEBUG 12858 --- [BlogsBackend] [           main] o.s.data.convert.CustomConversions       : Adding converter from class org.springframework.data.geo.Point to class org.bson.Document as writing converter
2024-11-14T11:01:47.353+05:30 DEBUG 12858 --- [BlogsBackend] [           main] o.s.data.convert.CustomConversions       : Adding converter from class org.springframework.data.mongodb.core.query.GeoCommand to class org.bson.Document as writing converter
2024-11-14T11:01:47.353+05:30 DEBUG 12858 --- [BlogsBackend] [           main] o.s.data.convert.CustomConversions       : Adding converter from interface org.springframework.data.mongodb.core.geo.GeoJson to class org.bson.Document as writing converter
2024-11-14T11:01:47.353+05:30 DEBUG 12858 --- [BlogsBackend] [           main] o.s.data.convert.CustomConversions       : Adding converter from class org.springframework.data.mongodb.core.geo.GeoJsonPoint to class org.bson.Document as writing converter
2024-11-14T11:01:47.353+05:30 DEBUG 12858 --- [BlogsBackend] [           main] o.s.data.convert.CustomConversions       : Adding converter from class org.springframework.data.mongodb.core.geo.GeoJsonPolygon to class org.bson.Document as writing converter
2024-11-14T11:01:47.353+05:30 DEBUG 12858 --- [BlogsBackend] [           main] o.s.data.convert.CustomConversions       : Adding converter from class org.bson.Document to class org.springframework.data.mongodb.core.geo.GeoJsonPoint as reading converter
2024-11-14T11:01:47.353+05:30 DEBUG 12858 --- [BlogsBackend] [           main] o.s.data.convert.CustomConversions       : Adding converter from class org.bson.Document to class org.springframework.data.mongodb.core.geo.GeoJsonPolygon as reading converter
2024-11-14T11:01:47.353+05:30 DEBUG 12858 --- [BlogsBackend] [           main] o.s.data.convert.CustomConversions       : Adding converter from class org.bson.Document to class org.springframework.data.mongodb.core.geo.GeoJsonLineString as reading converter
2024-11-14T11:01:47.354+05:30 DEBUG 12858 --- [BlogsBackend] [           main] o.s.data.convert.CustomConversions       : Adding converter from class org.bson.Document to class org.springframework.data.mongodb.core.geo.GeoJsonMultiLineString as reading converter
2024-11-14T11:01:47.354+05:30 DEBUG 12858 --- [BlogsBackend] [           main] o.s.data.convert.CustomConversions       : Adding converter from class org.bson.Document to class org.springframework.data.mongodb.core.geo.GeoJsonMultiPoint as reading converter
2024-11-14T11:01:47.354+05:30 DEBUG 12858 --- [BlogsBackend] [           main] o.s.data.convert.CustomConversions       : Adding converter from class org.bson.Document to class org.springframework.data.mongodb.core.geo.GeoJsonMultiPolygon as reading converter
2024-11-14T11:01:47.354+05:30 DEBUG 12858 --- [BlogsBackend] [           main] o.s.data.convert.CustomConversions       : Adding converter from class org.bson.Document to class org.springframework.data.mongodb.core.geo.GeoJsonGeometryCollection as reading converter
2024-11-14T11:01:47.354+05:30 DEBUG 12858 --- [BlogsBackend] [           main] o.s.data.convert.CustomConversions       : Adding converter from class org.bson.Document to interface org.springframework.data.mongodb.core.geo.GeoJson as reading converter
2024-11-14T11:01:47.354+05:30 DEBUG 12858 --- [BlogsBackend] [           main] o.s.data.convert.CustomConversions       : Adding converter from class java.util.Date to class java.time.LocalDateTime as reading converter
2024-11-14T11:01:47.355+05:30 DEBUG 12858 --- [BlogsBackend] [           main] o.s.data.convert.CustomConversions       : Adding converter from class java.time.LocalDateTime to class java.util.Date as writing converter
2024-11-14T11:01:47.355+05:30 DEBUG 12858 --- [BlogsBackend] [           main] o.s.data.convert.CustomConversions       : Adding converter from class java.util.Date to class java.time.LocalDate as reading converter
2024-11-14T11:01:47.355+05:30 DEBUG 12858 --- [BlogsBackend] [           main] o.s.data.convert.CustomConversions       : Adding converter from class java.time.LocalDate to class java.util.Date as writing converter
2024-11-14T11:01:47.355+05:30 DEBUG 12858 --- [BlogsBackend] [           main] o.s.data.convert.CustomConversions       : Adding converter from class java.util.Date to class java.time.LocalTime as reading converter
2024-11-14T11:01:47.355+05:30 DEBUG 12858 --- [BlogsBackend] [           main] o.s.data.convert.CustomConversions       : Adding converter from class java.time.LocalTime to class java.util.Date as writing converter
2024-11-14T11:01:47.355+05:30 DEBUG 12858 --- [BlogsBackend] [           main] o.s.data.convert.CustomConversions       : Adding converter from class java.util.Date to class java.time.Instant as reading converter
2024-11-14T11:01:47.356+05:30 DEBUG 12858 --- [BlogsBackend] [           main] o.s.data.convert.CustomConversions       : Adding converter from class java.time.Instant to class java.util.Date as writing converter
2024-11-14T11:01:47.356+05:30 DEBUG 12858 --- [BlogsBackend] [           main] o.s.data.convert.CustomConversions       : Skipping converter from class java.time.LocalDateTime to class java.time.Instant as reading converter class java.time.LocalDateTime is not a store supported simple type
2024-11-14T11:01:47.356+05:30 DEBUG 12858 --- [BlogsBackend] [           main] o.s.data.convert.CustomConversions       : Skipping converter from class java.time.Instant to class java.time.LocalDateTime as reading converter class java.time.Instant is not a store supported simple type
2024-11-14T11:01:47.356+05:30 DEBUG 12858 --- [BlogsBackend] [           main] o.s.data.convert.CustomConversions       : Adding converter from class java.time.ZoneId to class java.lang.String as writing converter
2024-11-14T11:01:47.356+05:30 DEBUG 12858 --- [BlogsBackend] [           main] o.s.data.convert.CustomConversions       : Adding converter from class java.lang.String to class java.time.ZoneId as reading converter
2024-11-14T11:01:47.356+05:30 DEBUG 12858 --- [BlogsBackend] [           main] o.s.data.convert.CustomConversions       : Adding converter from class java.time.Duration to class java.lang.String as writing converter
2024-11-14T11:01:47.356+05:30 DEBUG 12858 --- [BlogsBackend] [           main] o.s.data.convert.CustomConversions       : Adding converter from class java.lang.String to class java.time.Duration as reading converter
2024-11-14T11:01:47.357+05:30 DEBUG 12858 --- [BlogsBackend] [           main] o.s.data.convert.CustomConversions       : Adding converter from class java.time.Period to class java.lang.String as writing converter
2024-11-14T11:01:47.357+05:30 DEBUG 12858 --- [BlogsBackend] [           main] o.s.data.convert.CustomConversions       : Adding converter from class java.lang.String to class java.time.Period as reading converter
2024-11-14T11:01:47.357+05:30 DEBUG 12858 --- [BlogsBackend] [           main] o.s.data.convert.CustomConversions       : Adding converter from class java.lang.String to class java.time.LocalDate as reading converter
2024-11-14T11:01:47.357+05:30 DEBUG 12858 --- [BlogsBackend] [           main] o.s.data.convert.CustomConversions       : Adding converter from class java.lang.String to class java.time.LocalDateTime as reading converter
2024-11-14T11:01:47.357+05:30 DEBUG 12858 --- [BlogsBackend] [           main] o.s.data.convert.CustomConversions       : Adding converter from class java.lang.String to class java.time.Instant as reading converter
2024-11-14T11:01:47.451+05:30 DEBUG 12858 --- [BlogsBackend] [           main] o.s.b.f.s.DefaultListableBeanFactory     : Autowiring by type from bean name 'mongoTemplate' via factory method to bean named 'mongoDatabaseFactory'
2024-11-14T11:01:47.452+05:30 DEBUG 12858 --- [BlogsBackend] [           main] o.s.b.f.s.DefaultListableBeanFactory     : Autowiring by type from bean name 'mongoTemplate' via factory method to bean named 'mappingMongoConverter'
2024-11-14T11:01:47.662+05:30 DEBUG 12858 --- [BlogsBackend] [           main] o.s.d.r.c.s.RepositoryFactorySupport     : Initializing repository instance for com.Blogs.Backend.BlogsBackend.Security.repository.UserDetailsRepository…
2024-11-14T11:01:47.797+05:30 DEBUG 12858 --- [BlogsBackend] [           main] o.s.d.r.c.s.RepositoryFactorySupport     : Finished creation of repository instance for com.Blogs.Backend.BlogsBackend.Security.repository.UserDetailsRepository.
2024-11-14T11:01:47.825+05:30 DEBUG 12858 --- [BlogsBackend] [           main] o.s.b.f.s.DefaultListableBeanFactory     : Creating shared instance of singleton bean 'jwtAuthFilter'
2024-11-14T11:01:47.829+05:30 DEBUG 12858 --- [BlogsBackend] [           main] o.s.b.f.s.DefaultListableBeanFactory     : Creating shared instance of singleton bean 'jwtService'
2024-11-14T11:01:47.844+05:30 DEBUG 12858 --- [BlogsBackend] [           main] o.s.b.f.s.DefaultListableBeanFactory     : Creating shared instance of singleton bean 'threadPoolConfig'
2024-11-14T11:01:47.847+05:30 DEBUG 12858 --- [BlogsBackend] [           main] o.s.b.f.s.DefaultListableBeanFactory     : Creating shared instance of singleton bean 'adminController'
2024-11-14T11:01:47.856+05:30 DEBUG 12858 --- [BlogsBackend] [           main] o.s.b.f.s.DefaultListableBeanFactory     : Creating shared instance of singleton bean 'adminService'
2024-11-14T11:01:47.858+05:30 DEBUG 12858 --- [BlogsBackend] [           main] o.s.b.f.s.DefaultListableBeanFactory     : Creating shared instance of singleton bean 'sellerRequestRepository'
2024-11-14T11:01:47.859+05:30 DEBUG 12858 --- [BlogsBackend] [           main] o.s.b.f.s.DefaultListableBeanFactory     : Creating shared instance of singleton bean 'mongo.named-queries#2'
2024-11-14T11:01:47.864+05:30 DEBUG 12858 --- [BlogsBackend] [           main] o.s.b.f.s.DefaultListableBeanFactory     : Creating shared instance of singleton bean 'mongodb.SellerRequestRepository.fragments#0'
2024-11-14T11:01:47.871+05:30 DEBUG 12858 --- [BlogsBackend] [           main] o.s.d.r.c.s.RepositoryFactorySupport     : Initializing repository instance for com.Blogs.Backend.BlogsBackend.Security.repository.SellerRequestRepository…
2024-11-14T11:01:47.909+05:30 DEBUG 12858 --- [BlogsBackend] [           main] o.s.d.r.c.s.RepositoryFactorySupport     : Finished creation of repository instance for com.Blogs.Backend.BlogsBackend.Security.repository.SellerRequestRepository.
2024-11-14T11:01:47.924+05:30 DEBUG 12858 --- [BlogsBackend] [           main] o.s.b.f.s.DefaultListableBeanFactory     : Creating shared instance of singleton bean 'userRepository'
2024-11-14T11:01:47.925+05:30 DEBUG 12858 --- [BlogsBackend] [           main] o.s.b.f.s.DefaultListableBeanFactory     : Creating shared instance of singleton bean 'mongo.named-queries#4'
2024-11-14T11:01:47.929+05:30 DEBUG 12858 --- [BlogsBackend] [           main] o.s.b.f.s.DefaultListableBeanFactory     : Creating shared instance of singleton bean 'mongodb.UserRepository.fragments#0'
2024-11-14T11:01:47.936+05:30 DEBUG 12858 --- [BlogsBackend] [           main] o.s.d.r.c.s.RepositoryFactorySupport     : Initializing repository instance for com.Blogs.Backend.BlogsBackend.Security.repository.UserRepository…
2024-11-14T11:01:47.958+05:30 DEBUG 12858 --- [BlogsBackend] [           main] o.s.d.r.c.s.RepositoryFactorySupport     : Finished creation of repository instance for com.Blogs.Backend.BlogsBackend.Security.repository.UserRepository.
2024-11-14T11:01:47.973+05:30 DEBUG 12858 --- [BlogsBackend] [           main] o.s.b.f.s.DefaultListableBeanFactory     : Creating shared instance of singleton bean 'sellerRepository'
2024-11-14T11:01:47.974+05:30 DEBUG 12858 --- [BlogsBackend] [           main] o.s.b.f.s.DefaultListableBeanFactory     : Creating shared instance of singleton bean 'mongo.named-queries#7'
2024-11-14T11:01:47.978+05:30 DEBUG 12858 --- [BlogsBackend] [           main] o.s.b.f.s.DefaultListableBeanFactory     : Creating shared instance of singleton bean 'mongodb.SellerRepository.fragments#0'
2024-11-14T11:01:47.985+05:30 DEBUG 12858 --- [BlogsBackend] [           main] o.s.d.r.c.s.RepositoryFactorySupport     : Initializing repository instance for com.Blogs.Backend.BlogsBackend.Security.repository.SellerRepository…
2024-11-14T11:01:48.005+05:30 DEBUG 12858 --- [BlogsBackend] [           main] o.s.d.r.c.s.RepositoryFactorySupport     : Finished creation of repository instance for com.Blogs.Backend.BlogsBackend.Security.repository.SellerRepository.
2024-11-14T11:01:48.018+05:30 DEBUG 12858 --- [BlogsBackend] [           main] o.s.b.f.s.DefaultListableBeanFactory     : Creating shared instance of singleton bean 'rejectedSellerRequestRepository'
2024-11-14T11:01:48.019+05:30 DEBUG 12858 --- [BlogsBackend] [           main] o.s.b.f.s.DefaultListableBeanFactory     : Creating shared instance of singleton bean 'mongo.named-queries#0'
2024-11-14T11:01:48.023+05:30 DEBUG 12858 --- [BlogsBackend] [           main] o.s.b.f.s.DefaultListableBeanFactory     : Creating shared instance of singleton bean 'mongodb.RejectedSellerRequestRepository.fragments#0'
2024-11-14T11:01:48.029+05:30 DEBUG 12858 --- [BlogsBackend] [           main] o.s.d.r.c.s.RepositoryFactorySupport     : Initializing repository instance for com.Blogs.Backend.BlogsBackend.Security.repository.RejectedSellerRequestRepository…
2024-11-14T11:01:48.059+05:30 DEBUG 12858 --- [BlogsBackend] [           main] o.s.d.r.c.s.RepositoryFactorySupport     : Finished creation of repository instance for com.Blogs.Backend.BlogsBackend.Security.repository.RejectedSellerRequestRepository.
2024-11-14T11:01:48.071+05:30 DEBUG 12858 --- [BlogsBackend] [           main] o.s.b.f.s.DefaultListableBeanFactory     : Creating shared instance of singleton bean 'customerController'
2024-11-14T11:01:48.073+05:30 DEBUG 12858 --- [BlogsBackend] [           main] o.s.b.f.s.DefaultListableBeanFactory     : Creating shared instance of singleton bean 'blogService'
2024-11-14T11:01:48.074+05:30 DEBUG 12858 --- [BlogsBackend] [           main] o.s.b.f.s.DefaultListableBeanFactory     : Creating shared instance of singleton bean 'blogRepository'
2024-11-14T11:01:48.075+05:30 DEBUG 12858 --- [BlogsBackend] [           main] o.s.b.f.s.DefaultListableBeanFactory     : Creating shared instance of singleton bean 'mongo.named-queries#6'
2024-11-14T11:01:48.077+05:30 DEBUG 12858 --- [BlogsBackend] [           main] o.s.b.f.s.DefaultListableBeanFactory     : Creating shared instance of singleton bean 'mongodb.BlogRepository.fragments#0'
2024-11-14T11:01:48.080+05:30 DEBUG 12858 --- [BlogsBackend] [           main] o.s.d.r.c.s.RepositoryFactorySupport     : Initializing repository instance for com.Blogs.Backend.BlogsBackend.Security.repository.BlogRepository…
2024-11-14T11:01:48.088+05:30 DEBUG 12858 --- [BlogsBackend] [           main] o.s.d.r.c.s.RepositoryFactorySupport     : Finished creation of repository instance for com.Blogs.Backend.BlogsBackend.Security.repository.BlogRepository.
2024-11-14T11:01:48.096+05:30 DEBUG 12858 --- [BlogsBackend] [           main] o.s.b.f.s.DefaultListableBeanFactory     : Creating shared instance of singleton bean 'sellerController'
2024-11-14T11:01:48.101+05:30 DEBUG 12858 --- [BlogsBackend] [           main] o.s.b.f.s.DefaultListableBeanFactory     : Creating shared instance of singleton bean 'sellerService'
2024-11-14T11:01:48.103+05:30 DEBUG 12858 --- [BlogsBackend] [           main] o.s.b.f.s.DefaultListableBeanFactory     : Creating shared instance of singleton bean 'blogRequestRepository'
2024-11-14T11:01:48.103+05:30 DEBUG 12858 --- [BlogsBackend] [           main] o.s.b.f.s.DefaultListableBeanFactory     : Creating shared instance of singleton bean 'mongo.named-queries#3'
2024-11-14T11:01:48.106+05:30 DEBUG 12858 --- [BlogsBackend] [           main] o.s.b.f.s.DefaultListableBeanFactory     : Creating shared instance of singleton bean 'mongodb.BlogRequestRepository.fragments#0'
2024-11-14T11:01:48.109+05:30 DEBUG 12858 --- [BlogsBackend] [           main] o.s.d.r.c.s.RepositoryFactorySupport     : Initializing repository instance for com.Blogs.Backend.BlogsBackend.Security.repository.BlogRequestRepository…
2024-11-14T11:01:48.118+05:30 DEBUG 12858 --- [BlogsBackend] [           main] o.s.d.r.c.s.RepositoryFactorySupport     : Finished creation of repository instance for com.Blogs.Backend.BlogsBackend.Security.repository.BlogRequestRepository.
2024-11-14T11:01:48.126+05:30 DEBUG 12858 --- [BlogsBackend] [           main] o.s.b.f.s.DefaultListableBeanFactory     : Creating shared instance of singleton bean 'userController'
2024-11-14T11:01:48.128+05:30 DEBUG 12858 --- [BlogsBackend] [           main] o.s.b.f.s.DefaultListableBeanFactory     : Creating shared instance of singleton bean 'userService'
2024-11-14T11:01:48.133+05:30 DEBUG 12858 --- [BlogsBackend] [           main] o.s.b.f.s.DefaultListableBeanFactory     : Creating shared instance of singleton bean 'authenticationManager'
2024-11-14T11:01:48.135+05:30 DEBUG 12858 --- [BlogsBackend] [           main] o.s.b.f.s.DefaultListableBeanFactory     : Creating shared instance of singleton bean 'org.springframework.security.config.annotation.authentication.configuration.AuthenticationConfiguration'
2024-11-14T11:01:48.139+05:30 DEBUG 12858 --- [BlogsBackend] [           main] o.s.b.f.s.DefaultListableBeanFactory     : Creating shared instance of singleton bean 'enableGlobalAuthenticationAutowiredConfigurer'
2024-11-14T11:01:48.140+05:30 DEBUG 12858 --- [BlogsBackend] [           main] o.s.b.f.s.DefaultListableBeanFactory     : Autowiring by type from bean name 'enableGlobalAuthenticationAutowiredConfigurer' via factory method to bean named 'org.springframework.web.context.support.GenericWebApplicationContext@21ca139c'
2024-11-14T11:01:48.142+05:30 DEBUG 12858 --- [BlogsBackend] [           main] o.s.b.f.s.DefaultListableBeanFactory     : Creating shared instance of singleton bean 'initializeUserDetailsBeanManagerConfigurer'
2024-11-14T11:01:48.143+05:30 DEBUG 12858 --- [BlogsBackend] [           main] o.s.b.f.s.DefaultListableBeanFactory     : Autowiring by type from bean name 'initializeUserDetailsBeanManagerConfigurer' via factory method to bean named 'org.springframework.web.context.support.GenericWebApplicationContext@21ca139c'
2024-11-14T11:01:48.146+05:30 DEBUG 12858 --- [BlogsBackend] [           main] o.s.b.f.s.DefaultListableBeanFactory     : Creating shared instance of singleton bean 'initializeAuthenticationProviderBeanManagerConfigurer'
2024-11-14T11:01:48.146+05:30 DEBUG 12858 --- [BlogsBackend] [           main] o.s.b.f.s.DefaultListableBeanFactory     : Autowiring by type from bean name 'initializeAuthenticationProviderBeanManagerConfigurer' via factory method to bean named 'org.springframework.web.context.support.GenericWebApplicationContext@21ca139c'
2024-11-14T11:01:48.151+05:30 DEBUG 12858 --- [BlogsBackend] [           main] o.s.b.f.s.DefaultListableBeanFactory     : Creating shared instance of singleton bean 'objectPostProcessor'
2024-11-14T11:01:48.152+05:30 DEBUG 12858 --- [BlogsBackend] [           main] o.s.b.f.s.DefaultListableBeanFactory     : Creating shared instance of singleton bean 'org.springframework.security.config.annotation.configuration.ObjectPostProcessorConfiguration'
2024-11-14T11:01:48.154+05:30 DEBUG 12858 --- [BlogsBackend] [           main] o.s.b.f.s.DefaultListableBeanFactory     : Autowiring by type from bean name 'objectPostProcessor' via factory method to bean named 'org.springframework.beans.factory.support.DefaultListableBeanFactory@3ecedf21'
2024-11-14T11:01:48.158+05:30 DEBUG 12858 --- [BlogsBackend] [           main] o.s.b.f.s.DefaultListableBeanFactory     : Autowiring by type from bean name 'authenticationManager' via factory method to bean named 'org.springframework.security.config.annotation.authentication.configuration.AuthenticationConfiguration'
2024-11-14T11:01:48.160+05:30 DEBUG 12858 --- [BlogsBackend] [           main] o.s.b.f.s.DefaultListableBeanFactory     : Creating shared instance of singleton bean 'authenticationManagerBuilder'
2024-11-14T11:01:48.161+05:30 DEBUG 12858 --- [BlogsBackend] [           main] o.s.b.f.s.DefaultListableBeanFactory     : Autowiring by type from bean name 'authenticationManagerBuilder' via factory method to bean named 'objectPostProcessor'
2024-11-14T11:01:48.161+05:30 DEBUG 12858 --- [BlogsBackend] [           main] o.s.b.f.s.DefaultListableBeanFactory     : Autowiring by type from bean name 'authenticationManagerBuilder' via factory method to bean named 'org.springframework.web.context.support.GenericWebApplicationContext@21ca139c'
2024-11-14T11:01:48.163+05:30 DEBUG 12858 --- [BlogsBackend] [           main] o.s.b.f.s.DefaultListableBeanFactory     : Creating shared instance of singleton bean 'authenticationEventPublisher'
2024-11-14T11:01:48.163+05:30 DEBUG 12858 --- [BlogsBackend] [           main] o.s.b.f.s.DefaultListableBeanFactory     : Creating shared instance of singleton bean 'org.springframework.boot.autoconfigure.security.servlet.SecurityAutoConfiguration'
2024-11-14T11:01:48.166+05:30 DEBUG 12858 --- [BlogsBackend] [           main] o.s.b.f.s.DefaultListableBeanFactory     : Autowiring by type from bean name 'authenticationEventPublisher' via factory method to bean named 'org.springframework.web.context.support.GenericWebApplicationContext@21ca139c'
2024-11-14T11:01:48.190+05:30 DEBUG 12858 --- [BlogsBackend] [           main] o.s.b.f.s.DefaultListableBeanFactory     : Creating shared instance of singleton bean 'authenticationProvider'
2024-11-14T11:01:48.226+05:30  INFO 12858 --- [BlogsBackend] [           main] eAuthenticationProviderManagerConfigurer : Global AuthenticationManager configured with AuthenticationProvider bean with name authenticationProvider
2024-11-14T11:01:48.226+05:30  WARN 12858 --- [BlogsBackend] [           main] r$InitializeUserDetailsManagerConfigurer : Global AuthenticationManager configured with an AuthenticationProvider bean. UserDetailsService beans will not be used for username/password login. Consider removing the AuthenticationProvider bean. Alternatively, consider using the UserDetailsService in a manually instantiated DaoAuthenticationProvider.
2024-11-14T11:01:48.233+05:30 DEBUG 12858 --- [BlogsBackend] [           main] o.s.b.f.s.DefaultListableBeanFactory     : Creating shared instance of singleton bean 'blogRequestService'
2024-11-14T11:01:48.234+05:30 DEBUG 12858 --- [BlogsBackend] [           main] o.s.b.f.s.DefaultListableBeanFactory     : Creating shared instance of singleton bean 'org.springframework.security.config.annotation.web.configuration.WebSecurityConfiguration'
2024-11-14T11:01:48.239+05:30 DEBUG 12858 --- [BlogsBackend] [           main] o.s.b.f.s.DefaultListableBeanFactory     : Creating shared instance of singleton bean 'org.springframework.security.config.annotation.web.configuration.HttpSecurityConfiguration'
2024-11-14T11:01:48.245+05:30 DEBUG 12858 --- [BlogsBackend] [           main] o.s.b.f.s.DefaultListableBeanFactory     : Creating shared instance of singleton bean 'mvcContentNegotiationManager'
2024-11-14T11:01:48.245+05:30 DEBUG 12858 --- [BlogsBackend] [           main] o.s.b.f.s.DefaultListableBeanFactory     : Creating shared instance of singleton bean 'org.springframework.boot.autoconfigure.web.servlet.WebMvcAutoConfiguration$EnableWebMvcConfiguration'
2024-11-14T11:01:48.246+05:30 DEBUG 12858 --- [BlogsBackend] [           main] o.s.b.f.s.DefaultListableBeanFactory     : Creating shared instance of singleton bean 'spring.mvc-org.springframework.boot.autoconfigure.web.servlet.WebMvcProperties'
2024-11-14T11:01:48.261+05:30 DEBUG 12858 --- [BlogsBackend] [           main] o.s.b.f.s.DefaultListableBeanFactory     : Creating shared instance of singleton bean 'spring.web-org.springframework.boot.autoconfigure.web.WebProperties'
2024-11-14T11:01:48.268+05:30 DEBUG 12858 --- [BlogsBackend] [           main] o.s.b.f.s.DefaultListableBeanFactory     : Autowiring by type from bean name 'org.springframework.boot.autoconfigure.web.servlet.WebMvcAutoConfiguration$EnableWebMvcConfiguration' via constructor to bean named 'spring.mvc-org.springframework.boot.autoconfigure.web.servlet.WebMvcProperties'
2024-11-14T11:01:48.268+05:30 DEBUG 12858 --- [BlogsBackend] [           main] o.s.b.f.s.DefaultListableBeanFactory     : Autowiring by type from bean name 'org.springframework.boot.autoconfigure.web.servlet.WebMvcAutoConfiguration$EnableWebMvcConfiguration' via constructor to bean named 'spring.web-org.springframework.boot.autoconfigure.web.WebProperties'
2024-11-14T11:01:48.268+05:30 DEBUG 12858 --- [BlogsBackend] [           main] o.s.b.f.s.DefaultListableBeanFactory     : Autowiring by type from bean name 'org.springframework.boot.autoconfigure.web.servlet.WebMvcAutoConfiguration$EnableWebMvcConfiguration' via constructor to bean named 'org.springframework.beans.factory.support.DefaultListableBeanFactory@3ecedf21'
2024-11-14T11:01:48.279+05:30 DEBUG 12858 --- [BlogsBackend] [           main] o.s.b.f.s.DefaultListableBeanFactory     : Creating shared instance of singleton bean 'org.springframework.security.config.annotation.web.configuration.WebMvcSecurityConfiguration'
2024-11-14T11:01:48.283+05:30 DEBUG 12858 --- [BlogsBackend] [           main] o.s.b.f.s.DefaultListableBeanFactory     : Creating shared instance of singleton bean 'org.springframework.boot.autoconfigure.web.servlet.WebMvcAutoConfiguration$WebMvcAutoConfigurationAdapter'
2024-11-14T11:01:48.284+05:30 DEBUG 12858 --- [BlogsBackend] [           main] o.s.b.f.s.DefaultListableBeanFactory     : Autowiring by type from bean name 'org.springframework.boot.autoconfigure.web.servlet.WebMvcAutoConfiguration$WebMvcAutoConfigurationAdapter' via constructor to bean named 'spring.web-org.springframework.boot.autoconfigure.web.WebProperties'
2024-11-14T11:01:48.285+05:30 DEBUG 12858 --- [BlogsBackend] [           main] o.s.b.f.s.DefaultListableBeanFactory     : Autowiring by type from bean name 'org.springframework.boot.autoconfigure.web.servlet.WebMvcAutoConfiguration$WebMvcAutoConfigurationAdapter' via constructor to bean named 'spring.mvc-org.springframework.boot.autoconfigure.web.servlet.WebMvcProperties'
2024-11-14T11:01:48.285+05:30 DEBUG 12858 --- [BlogsBackend] [           main] o.s.b.f.s.DefaultListableBeanFactory     : Autowiring by type from bean name 'org.springframework.boot.autoconfigure.web.servlet.WebMvcAutoConfiguration$WebMvcAutoConfigurationAdapter' via constructor to bean named 'org.springframework.beans.factory.support.DefaultListableBeanFactory@3ecedf21'
2024-11-14T11:01:48.296+05:30 DEBUG 12858 --- [BlogsBackend] [           main] o.s.b.f.s.DefaultListableBeanFactory     : Creating shared instance of singleton bean 'org.springframework.data.web.config.SpringDataWebConfiguration'
2024-11-14T11:01:48.299+05:30 DEBUG 12858 --- [BlogsBackend] [           main] o.s.b.f.s.DefaultListableBeanFactory     : Autowiring by type from bean name 'org.springframework.data.web.config.SpringDataWebConfiguration' via constructor to bean named 'org.springframework.web.context.support.GenericWebApplicationContext@21ca139c'
2024-11-14T11:01:48.411+05:30 DEBUG 12858 --- [BlogsBackend] [           main] o.s.b.f.s.DefaultListableBeanFactory     : Creating shared instance of singleton bean 'mvcHandlerMappingIntrospectorRequestTransformer'
2024-11-14T11:01:48.412+05:30 DEBUG 12858 --- [BlogsBackend] [           main] o.s.b.f.s.DefaultListableBeanFactory     : Creating shared instance of singleton bean 'mvcHandlerMappingIntrospector'
2024-11-14T11:01:48.418+05:30 DEBUG 12858 --- [BlogsBackend] [           main] o.s.b.f.s.DefaultListableBeanFactory     : Creating shared instance of singleton bean 'welcomePageHandlerMapping'
2024-11-14T11:01:48.419+05:30 DEBUG 12858 --- [BlogsBackend] [           main] o.s.b.f.s.DefaultListableBeanFactory     : Creating shared instance of singleton bean 'mvcConversionService'
2024-11-14T11:01:48.436+05:30 DEBUG 12858 --- [BlogsBackend] [           main] o.s.b.f.s.DefaultListableBeanFactory     : Creating shared instance of singleton bean 'mvcResourceUrlProvider'
2024-11-14T11:01:48.441+05:30 DEBUG 12858 --- [BlogsBackend] [           main] o.s.b.f.s.DefaultListableBeanFactory     : Autowiring by type from bean name 'welcomePageHandlerMapping' via factory method to bean named 'org.springframework.web.context.support.GenericWebApplicationContext@21ca139c'
2024-11-14T11:01:48.441+05:30 DEBUG 12858 --- [BlogsBackend] [           main] o.s.b.f.s.DefaultListableBeanFactory     : Autowiring by type from bean name 'welcomePageHandlerMapping' via factory method to bean named 'mvcConversionService'
2024-11-14T11:01:48.441+05:30 DEBUG 12858 --- [BlogsBackend] [           main] o.s.b.f.s.DefaultListableBeanFactory     : Autowiring by type from bean name 'welcomePageHandlerMapping' via factory method to bean named 'mvcResourceUrlProvider'
2024-11-14T11:01:48.467+05:30 DEBUG 12858 --- [BlogsBackend] [           main] o.s.b.f.s.DefaultListableBeanFactory     : Creating shared instance of singleton bean 'welcomePageNotAcceptableHandlerMapping'
2024-11-14T11:01:48.468+05:30 DEBUG 12858 --- [BlogsBackend] [           main] o.s.b.f.s.DefaultListableBeanFactory     : Autowiring by type from bean name 'welcomePageNotAcceptableHandlerMapping' via factory method to bean named 'org.springframework.web.context.support.GenericWebApplicationContext@21ca139c'
2024-11-14T11:01:48.468+05:30 DEBUG 12858 --- [BlogsBackend] [           main] o.s.b.f.s.DefaultListableBeanFactory     : Autowiring by type from bean name 'welcomePageNotAcceptableHandlerMapping' via factory method to bean named 'mvcConversionService'
2024-11-14T11:01:48.468+05:30 DEBUG 12858 --- [BlogsBackend] [           main] o.s.b.f.s.DefaultListableBeanFactory     : Autowiring by type from bean name 'welcomePageNotAcceptableHandlerMapping' via factory method to bean named 'mvcResourceUrlProvider'
2024-11-14T11:01:48.479+05:30 DEBUG 12858 --- [BlogsBackend] [           main] o.s.b.f.s.DefaultListableBeanFactory     : Creating shared instance of singleton bean 'requestMappingHandlerMapping'
2024-11-14T11:01:48.482+05:30 DEBUG 12858 --- [BlogsBackend] [           main] o.s.b.f.s.DefaultListableBeanFactory     : Autowiring by type from bean name 'requestMappingHandlerMapping' via factory method to bean named 'mvcContentNegotiationManager'
2024-11-14T11:01:48.482+05:30 DEBUG 12858 --- [BlogsBackend] [           main] o.s.b.f.s.DefaultListableBeanFactory     : Autowiring by type from bean name 'requestMappingHandlerMapping' via factory method to bean named 'mvcConversionService'
2024-11-14T11:01:48.482+05:30 DEBUG 12858 --- [BlogsBackend] [           main] o.s.b.f.s.DefaultListableBeanFactory     : Autowiring by type from bean name 'requestMappingHandlerMapping' via factory method to bean named 'mvcResourceUrlProvider'
2024-11-14T11:01:48.534+05:30 DEBUG 12858 --- [BlogsBackend] [           main] _.s.web.servlet.HandlerMapping.Mappings  : 
	c.B.B.B.S.c.AdminController:
	{POST [/admin/getAllRequests]}: getAllRequests()
	{POST [/admin/approveRequest]}: approveRequest(RequestStringDto)
	{POST [/admin/rejectRequest]}: rejectRequest(RequestStringDto)
	{POST [/admin/getRejectedRequest]}: getRejectedRequest(RequestStringDto)
	{GET [/admin/getAllUsers]}: getAllUsers()
	{POST [/admin/getAllRejectedRequests]}: getAllRejectedSellerRequests()
2024-11-14T11:01:48.542+05:30 DEBUG 12858 --- [BlogsBackend] [           main] _.s.web.servlet.HandlerMapping.Mappings  : 
	c.B.B.B.S.c.CustomerController:
	{GET [/user/getAllBlogs]}: getAllBlogs()
2024-11-14T11:01:48.546+05:30 DEBUG 12858 --- [BlogsBackend] [           main] _.s.web.servlet.HandlerMapping.Mappings  : 
	c.B.B.B.S.c.SellerController:
	{POST [/seller/addBlog]}: addMyBlog(BlogRequest,Principal)
	{DELETE [/seller/deleteBlog/{blogId}]}: deleteBlog(String,Principal)
	{GET [/seller/getMyBlogs]}: getMyBlogs(Principal)
	{PUT [/seller/updateBlog]}: updateBlog(Blog)
2024-11-14T11:01:48.551+05:30 DEBUG 12858 --- [BlogsBackend] [           main] _.s.web.servlet.HandlerMapping.Mappings  : 
	c.B.B.B.S.c.UserController:
	{POST [/authenticate]}: generateToken(AuthRequestDto,HttpServletResponse)
	{POST [/getMyAccount]}: getMyAccount(Principal)
	{PUT [/updateAccount]}: updateAccount(UserDto,Principal)
	{DELETE [/deleteAccount]}: deleteAccount(HttpServletRequest)
	{POST [/register]}: resisterDummy(UserDto)
	{POST [/sellers/register]}: sellerRegistration(UserDto)
2024-11-14T11:01:48.564+05:30 DEBUG 12858 --- [BlogsBackend] [           main] _.s.web.servlet.HandlerMapping.Mappings  : 
	o.s.b.a.w.s.e.BasicErrorController:
	{ [/error]}: error(HttpServletRequest)
	{ [/error], produces [text/html]}: errorHtml(HttpServletRequest,HttpServletResponse)
2024-11-14T11:01:48.574+05:30 DEBUG 12858 --- [BlogsBackend] [           main] s.w.s.m.m.a.RequestMappingHandlerMapping : 19 mappings in 'requestMappingHandlerMapping'
2024-11-14T11:01:48.589+05:30 DEBUG 12858 --- [BlogsBackend] [           main] o.s.b.f.s.DefaultListableBeanFactory     : Creating shared instance of singleton bean 'viewControllerHandlerMapping'
2024-11-14T11:01:48.590+05:30 DEBUG 12858 --- [BlogsBackend] [           main] o.s.b.f.s.DefaultListableBeanFactory     : Autowiring by type from bean name 'viewControllerHandlerMapping' via factory method to bean named 'mvcConversionService'
2024-11-14T11:01:48.590+05:30 DEBUG 12858 --- [BlogsBackend] [           main] o.s.b.f.s.DefaultListableBeanFactory     : Autowiring by type from bean name 'viewControllerHandlerMapping' via factory method to bean named 'mvcResourceUrlProvider'
2024-11-14T11:01:48.592+05:30 DEBUG 12858 --- [BlogsBackend] [           main] o.s.b.f.s.DefaultListableBeanFactory     : Creating shared instance of singleton bean 'beanNameHandlerMapping'
2024-11-14T11:01:48.593+05:30 DEBUG 12858 --- [BlogsBackend] [           main] o.s.b.f.s.DefaultListableBeanFactory     : Autowiring by type from bean name 'beanNameHandlerMapping' via factory method to bean named 'mvcConversionService'
2024-11-14T11:01:48.593+05:30 DEBUG 12858 --- [BlogsBackend] [           main] o.s.b.f.s.DefaultListableBeanFactory     : Autowiring by type from bean name 'beanNameHandlerMapping' via factory method to bean named 'mvcResourceUrlProvider'
2024-11-14T11:01:48.597+05:30 DEBUG 12858 --- [BlogsBackend] [           main] _.s.web.servlet.HandlerMapping.Mappings  : 'beanNameHandlerMapping' {}
2024-11-14T11:01:48.607+05:30 DEBUG 12858 --- [BlogsBackend] [           main] o.s.b.f.s.DefaultListableBeanFactory     : Creating shared instance of singleton bean 'routerFunctionMapping'
2024-11-14T11:01:48.609+05:30 DEBUG 12858 --- [BlogsBackend] [           main] o.s.b.f.s.DefaultListableBeanFactory     : Autowiring by type from bean name 'routerFunctionMapping' via factory method to bean named 'mvcConversionService'
2024-11-14T11:01:48.609+05:30 DEBUG 12858 --- [BlogsBackend] [           main] o.s.b.f.s.DefaultListableBeanFactory     : Autowiring by type from bean name 'routerFunctionMapping' via factory method to bean named 'mvcResourceUrlProvider'
2024-11-14T11:01:48.612+05:30 DEBUG 12858 --- [BlogsBackend] [           main] o.s.b.f.s.DefaultListableBeanFactory     : Creating shared instance of singleton bean 'messageConverters'
2024-11-14T11:01:48.612+05:30 DEBUG 12858 --- [BlogsBackend] [           main] o.s.b.f.s.DefaultListableBeanFactory     : Creating shared instance of singleton bean 'org.springframework.boot.autoconfigure.http.HttpMessageConvertersAutoConfiguration'
2024-11-14T11:01:48.620+05:30 DEBUG 12858 --- [BlogsBackend] [           main] o.s.b.f.s.DefaultListableBeanFactory     : Creating shared instance of singleton bean 'stringHttpMessageConverter'
2024-11-14T11:01:48.620+05:30 DEBUG 12858 --- [BlogsBackend] [           main] o.s.b.f.s.DefaultListableBeanFactory     : Creating shared instance of singleton bean 'org.springframework.boot.autoconfigure.http.HttpMessageConvertersAutoConfiguration$StringHttpMessageConverterConfiguration'
2024-11-14T11:01:48.623+05:30 DEBUG 12858 --- [BlogsBackend] [           main] o.s.b.f.s.DefaultListableBeanFactory     : Autowiring by type from bean name 'stringHttpMessageConverter' via factory method to bean named 'environment'
2024-11-14T11:01:48.634+05:30 DEBUG 12858 --- [BlogsBackend] [           main] o.s.b.f.s.DefaultListableBeanFactory     : Creating shared instance of singleton bean 'mappingJackson2XmlHttpMessageConverter'
2024-11-14T11:01:48.634+05:30 DEBUG 12858 --- [BlogsBackend] [           main] o.s.b.f.s.DefaultListableBeanFactory     : Creating shared instance of singleton bean 'org.springframework.boot.autoconfigure.http.JacksonHttpMessageConvertersConfiguration$MappingJackson2XmlHttpMessageConverterConfiguration'
2024-11-14T11:01:48.637+05:30 DEBUG 12858 --- [BlogsBackend] [           main] o.s.b.f.s.DefaultListableBeanFactory     : Creating shared instance of singleton bean 'org.springframework.boot.autoconfigure.jackson.JacksonAutoConfiguration$JacksonObjectMapperBuilderConfiguration'
2024-11-14T11:01:48.641+05:30 DEBUG 12858 --- [BlogsBackend] [           main] o.s.b.f.s.DefaultListableBeanFactory     : Creating shared instance of singleton bean 'standardJacksonObjectMapperBuilderCustomizer'
2024-11-14T11:01:48.642+05:30 DEBUG 12858 --- [BlogsBackend] [           main] o.s.b.f.s.DefaultListableBeanFactory     : Creating shared instance of singleton bean 'org.springframework.boot.autoconfigure.jackson.JacksonAutoConfiguration$Jackson2ObjectMapperBuilderCustomizerConfiguration'
2024-11-14T11:01:48.646+05:30 DEBUG 12858 --- [BlogsBackend] [           main] o.s.b.f.s.DefaultListableBeanFactory     : Creating shared instance of singleton bean 'spring.jackson-org.springframework.boot.autoconfigure.jackson.JacksonProperties'
2024-11-14T11:01:48.655+05:30 DEBUG 12858 --- [BlogsBackend] [           main] o.s.b.f.s.DefaultListableBeanFactory     : Autowiring by type from bean name 'standardJacksonObjectMapperBuilderCustomizer' via factory method to bean named 'spring.jackson-org.springframework.boot.autoconfigure.jackson.JacksonProperties'
2024-11-14T11:01:48.658+05:30 DEBUG 12858 --- [BlogsBackend] [           main] o.s.b.f.s.DefaultListableBeanFactory     : Creating shared instance of singleton bean 'parameterNamesModule'
2024-11-14T11:01:48.658+05:30 DEBUG 12858 --- [BlogsBackend] [           main] o.s.b.f.s.DefaultListableBeanFactory     : Creating shared instance of singleton bean 'org.springframework.boot.autoconfigure.jackson.JacksonAutoConfiguration$ParameterNamesModuleConfiguration'
2024-11-14T11:01:48.666+05:30 DEBUG 12858 --- [BlogsBackend] [           main] o.s.b.f.s.DefaultListableBeanFactory     : Creating shared instance of singleton bean 'jsonMixinModule'
2024-11-14T11:01:48.667+05:30 DEBUG 12858 --- [BlogsBackend] [           main] o.s.b.f.s.DefaultListableBeanFactory     : Creating shared instance of singleton bean 'org.springframework.boot.autoconfigure.jackson.JacksonAutoConfiguration$JacksonMixinConfiguration'
2024-11-14T11:01:48.669+05:30 DEBUG 12858 --- [BlogsBackend] [           main] o.s.b.f.s.DefaultListableBeanFactory     : Creating shared instance of singleton bean 'jsonMixinModuleEntries'
2024-11-14T11:01:48.670+05:30 DEBUG 12858 --- [BlogsBackend] [           main] o.s.b.f.s.DefaultListableBeanFactory     : Autowiring by type from bean name 'jsonMixinModuleEntries' via factory method to bean named 'org.springframework.web.context.support.GenericWebApplicationContext@21ca139c'
2024-11-14T11:01:48.685+05:30 DEBUG 12858 --- [BlogsBackend] [           main] o.s.b.f.s.DefaultListableBeanFactory     : Autowiring by type from bean name 'jsonMixinModule' via factory method to bean named 'org.springframework.web.context.support.GenericWebApplicationContext@21ca139c'
2024-11-14T11:01:48.685+05:30 DEBUG 12858 --- [BlogsBackend] [           main] o.s.b.f.s.DefaultListableBeanFactory     : Autowiring by type from bean name 'jsonMixinModule' via factory method to bean named 'jsonMixinModuleEntries'
2024-11-14T11:01:48.690+05:30 DEBUG 12858 --- [BlogsBackend] [           main] o.s.b.f.s.DefaultListableBeanFactory     : Creating shared instance of singleton bean 'jsonComponentModule'
2024-11-14T11:01:48.690+05:30 DEBUG 12858 --- [BlogsBackend] [           main] o.s.b.f.s.DefaultListableBeanFactory     : Creating shared instance of singleton bean 'org.springframework.boot.autoconfigure.jackson.JacksonAutoConfiguration'
2024-11-14T11:01:48.700+05:30 DEBUG 12858 --- [BlogsBackend] [           main] o.s.b.f.s.DefaultListableBeanFactory     : Creating shared instance of singleton bean 'jacksonGeoModule'
2024-11-14T11:01:48.700+05:30 DEBUG 12858 --- [BlogsBackend] [           main] o.s.b.f.s.DefaultListableBeanFactory     : Creating shared instance of singleton bean 'org.springframework.data.web.config.SpringDataJacksonConfiguration'
2024-11-14T11:01:48.708+05:30 DEBUG 12858 --- [BlogsBackend] [           main] o.s.b.f.s.DefaultListableBeanFactory     : Creating shared instance of singleton bean 'pageModule'
2024-11-14T11:01:48.712+05:30 DEBUG 12858 --- [BlogsBackend] [           main] o.s.b.f.s.DefaultListableBeanFactory     : Creating shared instance of singleton bean 'geoJsonModule'
2024-11-14T11:01:48.713+05:30 DEBUG 12858 --- [BlogsBackend] [           main] o.s.b.f.s.DefaultListableBeanFactory     : Creating shared instance of singleton bean 'org.springframework.data.mongodb.config.GeoJsonConfiguration'
2024-11-14T11:01:48.721+05:30 DEBUG 12858 --- [BlogsBackend] [           main] o.s.b.f.s.DefaultListableBeanFactory     : Autowiring by type from bean name 'jacksonObjectMapperBuilder' via factory method to bean named 'org.springframework.web.context.support.GenericWebApplicationContext@21ca139c'
2024-11-14T11:01:48.722+05:30 DEBUG 12858 --- [BlogsBackend] [           main] o.s.b.f.s.DefaultListableBeanFactory     : Autowiring by type from bean name 'jacksonObjectMapperBuilder' via factory method to bean named 'standardJacksonObjectMapperBuilderCustomizer'
2024-11-14T11:01:48.727+05:30 DEBUG 12858 --- [BlogsBackend] [           main] o.s.b.f.s.DefaultListableBeanFactory     : Autowiring by type from bean name 'mappingJackson2XmlHttpMessageConverter' via factory method to bean named 'jacksonObjectMapperBuilder'
2024-11-14T11:01:48.742+05:30 DEBUG 12858 --- [BlogsBackend] [           main] o.s.b.f.s.DefaultListableBeanFactory     : Creating shared instance of singleton bean 'mappingJackson2HttpMessageConverter'
2024-11-14T11:01:48.743+05:30 DEBUG 12858 --- [BlogsBackend] [           main] o.s.b.f.s.DefaultListableBeanFactory     : Creating shared instance of singleton bean 'org.springframework.boot.autoconfigure.http.JacksonHttpMessageConvertersConfiguration$MappingJackson2HttpMessageConverterConfiguration'
2024-11-14T11:01:48.746+05:30 DEBUG 12858 --- [BlogsBackend] [           main] o.s.b.f.s.DefaultListableBeanFactory     : Creating shared instance of singleton bean 'jacksonObjectMapper'
2024-11-14T11:01:48.747+05:30 DEBUG 12858 --- [BlogsBackend] [           main] o.s.b.f.s.DefaultListableBeanFactory     : Creating shared instance of singleton bean 'org.springframework.boot.autoconfigure.jackson.JacksonAutoConfiguration$JacksonObjectMapperConfiguration'
2024-11-14T11:01:48.750+05:30 DEBUG 12858 --- [BlogsBackend] [           main] o.s.b.f.s.DefaultListableBeanFactory     : Autowiring by type from bean name 'jacksonObjectMapper' via factory method to bean named 'jacksonObjectMapperBuilder'
2024-11-14T11:01:48.771+05:30 DEBUG 12858 --- [BlogsBackend] [           main] o.s.b.f.s.DefaultListableBeanFactory     : Autowiring by type from bean name 'mappingJackson2HttpMessageConverter' via factory method to bean named 'jacksonObjectMapper'
2024-11-14T11:01:48.841+05:30 DEBUG 12858 --- [BlogsBackend] [           main] o.s.b.f.s.DefaultListableBeanFactory     : Creating shared instance of singleton bean 'resourceHandlerMapping'
2024-11-14T11:01:48.843+05:30 DEBUG 12858 --- [BlogsBackend] [           main] o.s.b.f.s.DefaultListableBeanFactory     : Autowiring by type from bean name 'resourceHandlerMapping' via factory method to bean named 'mvcContentNegotiationManager'
2024-11-14T11:01:48.843+05:30 DEBUG 12858 --- [BlogsBackend] [           main] o.s.b.f.s.DefaultListableBeanFactory     : Autowiring by type from bean name 'resourceHandlerMapping' via factory method to bean named 'mvcConversionService'
2024-11-14T11:01:48.843+05:30 DEBUG 12858 --- [BlogsBackend] [           main] o.s.b.f.s.DefaultListableBeanFactory     : Autowiring by type from bean name 'resourceHandlerMapping' via factory method to bean named 'mvcResourceUrlProvider'
2024-11-14T11:01:48.859+05:30 DEBUG 12858 --- [BlogsBackend] [           main] _.s.web.servlet.HandlerMapping.Mappings  : 'resourceHandlerMapping' {/webjars/**=ResourceHttpRequestHandler [classpath [META-INF/resources/webjars/]], /**=ResourceHttpRequestHandler [classpath [META-INF/resources/], classpath [resources/], classpath [static/], classpath [public/], ServletContext [/]]}
2024-11-14T11:01:48.865+05:30 DEBUG 12858 --- [BlogsBackend] [           main] o.s.b.f.s.DefaultListableBeanFactory     : Creating shared instance of singleton bean 'defaultServletHandlerMapping'
2024-11-14T11:01:48.879+05:30 DEBUG 12858 --- [BlogsBackend] [           main] o.s.b.f.s.DefaultListableBeanFactory     : Creating shared instance of singleton bean 'securityFilterChain'
2024-11-14T11:01:48.880+05:30 DEBUG 12858 --- [BlogsBackend] [           main] o.s.b.f.s.DefaultListableBeanFactory     : Autowiring by type from bean name 'securityFilterChain' via factory method to bean named 'org.springframework.security.config.annotation.web.configuration.HttpSecurityConfiguration.httpSecurity'
2024-11-14T11:01:48.954+05:30 DEBUG 12858 --- [BlogsBackend] [           main] o.s.b.f.s.DefaultListableBeanFactory     : Creating shared instance of singleton bean 'corsConfigurationSource'
2024-11-14T11:01:48.961+05:30 DEBUG 12858 --- [BlogsBackend] [           main] o.s.s.web.DefaultSecurityFilterChain     : Will secure any request with filters: DisableEncodeUrlFilter, WebAsyncManagerIntegrationFilter, SecurityContextHolderFilter, HeaderWriterFilter, CorsFilter, LogoutFilter, JwtAuthFilter, RequestCacheAwareFilter, SecurityContextHolderAwareRequestFilter, AnonymousAuthenticationFilter, SessionManagementFilter, ExceptionTranslationFilter, AuthorizationFilter
2024-11-14T11:01:48.966+05:30 DEBUG 12858 --- [BlogsBackend] [           main] o.s.b.f.s.DefaultListableBeanFactory     : Creating shared instance of singleton bean 'springSecurityFilterChain'
2024-11-14T11:01:48.987+05:30 DEBUG 12858 --- [BlogsBackend] [           main] o.s.b.f.s.DefaultListableBeanFactory     : Creating shared instance of singleton bean 'webSecurityExpressionHandler'
2024-11-14T11:01:48.988+05:30 DEBUG 12858 --- [BlogsBackend] [           main] o.s.b.f.s.DefaultListableBeanFactory     : Creating shared instance of singleton bean 'privilegeEvaluator'
2024-11-14T11:01:48.990+05:30 DEBUG 12858 --- [BlogsBackend] [           main] o.s.b.f.s.DefaultListableBeanFactory     : Creating shared instance of singleton bean 'requestDataValueProcessor'
2024-11-14T11:01:48.992+05:30 DEBUG 12858 --- [BlogsBackend] [           main] o.s.b.f.s.DefaultListableBeanFactory     : Creating shared instance of singleton bean '_prePostMethodSecurityConfiguration'
2024-11-14T11:01:48.998+05:30 DEBUG 12858 --- [BlogsBackend] [           main] o.s.b.f.s.DefaultListableBeanFactory     : Creating shared instance of singleton bean 'org.springframework.security.config.annotation.method.configuration.AuthorizationProxyConfiguration'
2024-11-14T11:01:48.998+05:30 DEBUG 12858 --- [BlogsBackend] [           main] o.s.b.f.s.DefaultListableBeanFactory     : Creating shared instance of singleton bean 'taskExecutor'
2024-11-14T11:01:49.001+05:30 DEBUG 12858 --- [BlogsBackend] [           main] o.s.s.concurrent.ThreadPoolTaskExecutor  : Initializing ExecutorService
2024-11-14T11:01:49.004+05:30 DEBUG 12858 --- [BlogsBackend] [           main] o.s.s.concurrent.ThreadPoolTaskExecutor  : Initializing ExecutorService 'taskExecutor'
2024-11-14T11:01:49.011+05:30 DEBUG 12858 --- [BlogsBackend] [           main] o.s.b.f.s.DefaultListableBeanFactory     : Creating shared instance of singleton bean 'org.springframework.boot.autoconfigure.context.PropertyPlaceholderAutoConfiguration'
2024-11-14T11:01:49.012+05:30 DEBUG 12858 --- [BlogsBackend] [           main] o.s.b.f.s.DefaultListableBeanFactory     : Creating shared instance of singleton bean 'org.springframework.boot.context.properties.EnableConfigurationPropertiesRegistrar.methodValidationExcludeFilter'
2024-11-14T11:01:49.016+05:30 DEBUG 12858 --- [BlogsBackend] [           main] o.s.b.f.s.DefaultListableBeanFactory     : Creating shared instance of singleton bean 'org.springframework.boot.autoconfigure.websocket.servlet.WebSocketServletAutoConfiguration$TomcatWebSocketConfiguration'
2024-11-14T11:01:49.017+05:30 DEBUG 12858 --- [BlogsBackend] [           main] o.s.b.f.s.DefaultListableBeanFactory     : Creating shared instance of singleton bean 'websocketServletWebServerCustomizer'
2024-11-14T11:01:49.020+05:30 DEBUG 12858 --- [BlogsBackend] [           main] o.s.b.f.s.DefaultListableBeanFactory     : Creating shared instance of singleton bean 'org.springframework.boot.autoconfigure.websocket.servlet.WebSocketServletAutoConfiguration'
2024-11-14T11:01:49.021+05:30 DEBUG 12858 --- [BlogsBackend] [           main] o.s.b.f.s.DefaultListableBeanFactory     : Creating shared instance of singleton bean 'org.springframework.boot.autoconfigure.web.servlet.ServletWebServerFactoryConfiguration$EmbeddedTomcat'
2024-11-14T11:01:49.022+05:30 DEBUG 12858 --- [BlogsBackend] [           main] o.s.b.f.s.DefaultListableBeanFactory     : Creating shared instance of singleton bean 'tomcatServletWebServerFactory'
2024-11-14T11:01:49.044+05:30 DEBUG 12858 --- [BlogsBackend] [           main] o.a.catalina.core.AprLifecycleListener   : The Apache Tomcat Native library could not be found using names [tcnative-2, libtcnative-2, tcnative-1, libtcnative-1] on the java.library.path [/usr/java/packages/lib:/usr/lib64:/lib64:/lib:/usr/lib]. The errors reported were [Can't load library: /home/crest/Desktop/BlogsBackend/bin/libtcnative-2.so, Can't load library: /home/crest/Desktop/BlogsBackend/bin/liblibtcnative-2.so, Can't load library: /home/crest/Desktop/BlogsBackend/bin/libtcnative-1.so, Can't load library: /home/crest/Desktop/BlogsBackend/bin/liblibtcnative-1.so, no tcnative-2 in java.library.path: /usr/java/packages/lib:/usr/lib64:/lib64:/lib:/usr/lib, no libtcnative-2 in java.library.path: /usr/java/packages/lib:/usr/lib64:/lib64:/lib:/usr/lib, no tcnative-1 in java.library.path: /usr/java/packages/lib:/usr/lib64:/lib64:/lib:/usr/lib, no libtcnative-1 in java.library.path: /usr/java/packages/lib:/usr/lib64:/lib64:/lib:/usr/lib]

org.apache.tomcat.jni.LibraryNotFoundError: Can't load library: /home/crest/Desktop/BlogsBackend/bin/libtcnative-2.so, Can't load library: /home/crest/Desktop/BlogsBackend/bin/liblibtcnative-2.so, Can't load library: /home/crest/Desktop/BlogsBackend/bin/libtcnative-1.so, Can't load library: /home/crest/Desktop/BlogsBackend/bin/liblibtcnative-1.so, no tcnative-2 in java.library.path: /usr/java/packages/lib:/usr/lib64:/lib64:/lib:/usr/lib, no libtcnative-2 in java.library.path: /usr/java/packages/lib:/usr/lib64:/lib64:/lib:/usr/lib, no tcnative-1 in java.library.path: /usr/java/packages/lib:/usr/lib64:/lib64:/lib:/usr/lib, no libtcnative-1 in java.library.path: /usr/java/packages/lib:/usr/lib64:/lib64:/lib:/usr/lib
	at org.apache.tomcat.jni.Library.<init>(Library.java:91) ~[tomcat-embed-core-10.1.31.jar:10.1.31]
	at org.apache.tomcat.jni.Library.initialize(Library.java:147) ~[tomcat-embed-core-10.1.31.jar:10.1.31]
	at org.apache.catalina.core.AprLifecycleListener.init(AprLifecycleListener.java:211) ~[tomcat-embed-core-10.1.31.jar:10.1.31]
	at org.apache.catalina.core.AprLifecycleListener.isAprAvailable(AprLifecycleListener.java:113) ~[tomcat-embed-core-10.1.31.jar:10.1.31]
	at org.springframework.boot.web.embedded.tomcat.TomcatServletWebServerFactory.getDefaultServerLifecycleListeners(TomcatServletWebServerFactory.java:191) ~[spring-boot-3.3.5.jar:3.3.5]
	at org.springframework.boot.web.embedded.tomcat.TomcatServletWebServerFactory.<init>(TomcatServletWebServerFactory.java:138) ~[spring-boot-3.3.5.jar:3.3.5]
	at org.springframework.boot.autoconfigure.web.servlet.ServletWebServerFactoryConfiguration$EmbeddedTomcat.tomcatServletWebServerFactory(ServletWebServerFactoryConfiguration.java:73) ~[spring-boot-autoconfigure-3.3.5.jar:3.3.5]
	at java.base/jdk.internal.reflect.DirectMethodHandleAccessor.invoke(DirectMethodHandleAccessor.java:103) ~[na:na]
	at java.base/java.lang.reflect.Method.invoke(Method.java:580) ~[na:na]
	at org.springframework.beans.factory.support.SimpleInstantiationStrategy.instantiate(SimpleInstantiationStrategy.java:146) ~[spring-beans-6.1.14.jar:6.1.14]
	at org.springframework.beans.factory.support.ConstructorResolver.instantiate(ConstructorResolver.java:644) ~[spring-beans-6.1.14.jar:6.1.14]
	at org.springframework.beans.factory.support.ConstructorResolver.instantiateUsingFactoryMethod(ConstructorResolver.java:636) ~[spring-beans-6.1.14.jar:6.1.14]
	at org.springframework.beans.factory.support.AbstractAutowireCapableBeanFactory.instantiateUsingFactoryMethod(AbstractAutowireCapableBeanFactory.java:1355) ~[spring-beans-6.1.14.jar:6.1.14]
	at org.springframework.beans.factory.support.AbstractAutowireCapableBeanFactory.createBeanInstance(AbstractAutowireCapableBeanFactory.java:1185) ~[spring-beans-6.1.14.jar:6.1.14]
	at org.springframework.beans.factory.support.AbstractAutowireCapableBeanFactory.doCreateBean(AbstractAutowireCapableBeanFactory.java:562) ~[spring-beans-6.1.14.jar:6.1.14]
	at org.springframework.beans.factory.support.AbstractAutowireCapableBeanFactory.createBean(AbstractAutowireCapableBeanFactory.java:522) ~[spring-beans-6.1.14.jar:6.1.14]
	at org.springframework.beans.factory.support.AbstractBeanFactory.lambda$doGetBean$0(AbstractBeanFactory.java:337) ~[spring-beans-6.1.14.jar:6.1.14]
	at org.springframework.beans.factory.support.DefaultSingletonBeanRegistry.getSingleton(DefaultSingletonBeanRegistry.java:234) ~[spring-beans-6.1.14.jar:6.1.14]
	at org.springframework.beans.factory.support.AbstractBeanFactory.doGetBean(AbstractBeanFactory.java:335) ~[spring-beans-6.1.14.jar:6.1.14]
	at org.springframework.beans.factory.support.AbstractBeanFactory.getBean(AbstractBeanFactory.java:200) ~[spring-beans-6.1.14.jar:6.1.14]
	at org.springframework.beans.factory.support.DefaultListableBeanFactory.preInstantiateSingletons(DefaultListableBeanFactory.java:975) ~[spring-beans-6.1.14.jar:6.1.14]
	at org.springframework.context.support.AbstractApplicationContext.finishBeanFactoryInitialization(AbstractApplicationContext.java:971) ~[spring-context-6.1.14.jar:6.1.14]
	at org.springframework.context.support.AbstractApplicationContext.refresh(AbstractApplicationContext.java:625) ~[spring-context-6.1.14.jar:6.1.14]
	at org.springframework.boot.SpringApplication.refresh(SpringApplication.java:754) ~[spring-boot-3.3.5.jar:3.3.5]
	at org.springframework.boot.SpringApplication.refreshContext(SpringApplication.java:456) ~[spring-boot-3.3.5.jar:3.3.5]
	at org.springframework.boot.SpringApplication.run(SpringApplication.java:335) ~[spring-boot-3.3.5.jar:3.3.5]
	at org.springframework.boot.test.context.SpringBootContextLoader.lambda$loadContext$3(SpringBootContextLoader.java:137) ~[spring-boot-test-3.3.5.jar:3.3.5]
	at org.springframework.util.function.ThrowingSupplier.get(ThrowingSupplier.java:58) ~[spring-core-6.1.14.jar:6.1.14]
	at org.springframework.util.function.ThrowingSupplier.get(ThrowingSupplier.java:46) ~[spring-core-6.1.14.jar:6.1.14]
	at org.springframework.boot.SpringApplication.withHook(SpringApplication.java:1463) ~[spring-boot-3.3.5.jar:3.3.5]
	at org.springframework.boot.test.context.SpringBootContextLoader$ContextLoaderHook.run(SpringBootContextLoader.java:553) ~[spring-boot-test-3.3.5.jar:3.3.5]
	at org.springframework.boot.test.context.SpringBootContextLoader.loadContext(SpringBootContextLoader.java:137) ~[spring-boot-test-3.3.5.jar:3.3.5]
	at org.springframework.boot.test.context.SpringBootContextLoader.loadContext(SpringBootContextLoader.java:108) ~[spring-boot-test-3.3.5.jar:3.3.5]
	at org.springframework.test.context.cache.DefaultCacheAwareContextLoaderDelegate.loadContextInternal(DefaultCacheAwareContextLoaderDelegate.java:225) ~[spring-test-6.1.14.jar:6.1.14]
	at org.springframework.test.context.cache.DefaultCacheAwareContextLoaderDelegate.loadContext(DefaultCacheAwareContextLoaderDelegate.java:152) ~[spring-test-6.1.14.jar:6.1.14]
	at org.springframework.test.context.support.DefaultTestContext.getApplicationContext(DefaultTestContext.java:130) ~[spring-test-6.1.14.jar:6.1.14]
	at org.springframework.test.context.web.ServletTestExecutionListener.setUpRequestContextIfNecessary(ServletTestExecutionListener.java:191) ~[spring-test-6.1.14.jar:6.1.14]
	at org.springframework.test.context.web.ServletTestExecutionListener.prepareTestInstance(ServletTestExecutionListener.java:130) ~[spring-test-6.1.14.jar:6.1.14]
	at org.springframework.test.context.TestContextManager.prepareTestInstance(TestContextManager.java:260) ~[spring-test-6.1.14.jar:6.1.14]
	at org.springframework.test.context.junit.jupiter.SpringExtension.postProcessTestInstance(SpringExtension.java:163) ~[spring-test-6.1.14.jar:6.1.14]
	at org.junit.jupiter.engine.descriptor.ClassBasedTestDescriptor.lambda$invokeTestInstancePostProcessors$10(ClassBasedTestDescriptor.java:378) ~[junit-jupiter-engine-5.10.5.jar:5.10.5]
	at org.junit.jupiter.engine.descriptor.ClassBasedTestDescriptor.executeAndMaskThrowable(ClassBasedTestDescriptor.java:383) ~[junit-jupiter-engine-5.10.5.jar:5.10.5]
	at org.junit.jupiter.engine.descriptor.ClassBasedTestDescriptor.lambda$invokeTestInstancePostProcessors$11(ClassBasedTestDescriptor.java:378) ~[junit-jupiter-engine-5.10.5.jar:5.10.5]
	at java.base/java.util.stream.ReferencePipeline$3$1.accept(ReferencePipeline.java:197) ~[na:na]
	at java.base/java.util.stream.ReferencePipeline$2$1.accept(ReferencePipeline.java:179) ~[na:na]
	at java.base/java.util.ArrayList$ArrayListSpliterator.forEachRemaining(ArrayList.java:1708) ~[na:na]
	at java.base/java.util.stream.AbstractPipeline.copyInto(AbstractPipeline.java:509) ~[na:na]
	at java.base/java.util.stream.AbstractPipeline.wrapAndCopyInto(AbstractPipeline.java:499) ~[na:na]
	at java.base/java.util.stream.StreamSpliterators$WrappingSpliterator.forEachRemaining(StreamSpliterators.java:310) ~[na:na]
	at java.base/java.util.stream.Streams$ConcatSpliterator.forEachRemaining(Streams.java:735) ~[na:na]
	at java.base/java.util.stream.Streams$ConcatSpliterator.forEachRemaining(Streams.java:734) ~[na:na]
	at java.base/java.util.stream.ReferencePipeline$Head.forEach(ReferencePipeline.java:762) ~[na:na]
	at org.junit.jupiter.engine.descriptor.ClassBasedTestDescriptor.invokeTestInstancePostProcessors(ClassBasedTestDescriptor.java:377) ~[junit-jupiter-engine-5.10.5.jar:5.10.5]
	at org.junit.jupiter.engine.descriptor.ClassBasedTestDescriptor.lambda$instantiateAndPostProcessTestInstance$6(ClassBasedTestDescriptor.java:290) ~[junit-jupiter-engine-5.10.5.jar:5.10.5]
	at org.junit.platform.engine.support.hierarchical.ThrowableCollector.execute(ThrowableCollector.java:73) ~[junit-platform-engine-1.10.5.jar:1.10.5]
	at org.junit.jupiter.engine.descriptor.ClassBasedTestDescriptor.instantiateAndPostProcessTestInstance(ClassBasedTestDescriptor.java:289) ~[junit-jupiter-engine-5.10.5.jar:5.10.5]
	at org.junit.jupiter.engine.descriptor.ClassBasedTestDescriptor.lambda$testInstancesProvider$4(ClassBasedTestDescriptor.java:279) ~[junit-jupiter-engine-5.10.5.jar:5.10.5]
	at java.base/java.util.Optional.orElseGet(Optional.java:364) ~[na:na]
	at org.junit.jupiter.engine.descriptor.ClassBasedTestDescriptor.lambda$testInstancesProvider$5(ClassBasedTestDescriptor.java:278) ~[junit-jupiter-engine-5.10.5.jar:5.10.5]
	at org.junit.jupiter.engine.execution.TestInstancesProvider.getTestInstances(TestInstancesProvider.java:31) ~[junit-jupiter-engine-5.10.5.jar:5.10.5]
	at org.junit.jupiter.engine.descriptor.TestMethodTestDescriptor.lambda$prepare$0(TestMethodTestDescriptor.java:106) ~[junit-jupiter-engine-5.10.5.jar:5.10.5]
	at org.junit.platform.engine.support.hierarchical.ThrowableCollector.execute(ThrowableCollector.java:73) ~[junit-platform-engine-1.10.5.jar:1.10.5]
	at org.junit.jupiter.engine.descriptor.TestMethodTestDescriptor.prepare(TestMethodTestDescriptor.java:105) ~[junit-jupiter-engine-5.10.5.jar:5.10.5]
	at org.junit.jupiter.engine.descriptor.TestMethodTestDescriptor.prepare(TestMethodTestDescriptor.java:69) ~[junit-jupiter-engine-5.10.5.jar:5.10.5]
	at org.junit.platform.engine.support.hierarchical.NodeTestTask.lambda$prepare$2(NodeTestTask.java:128) ~[junit-platform-engine-1.10.5.jar:1.10.5]
	at org.junit.platform.engine.support.hierarchical.ThrowableCollector.execute(ThrowableCollector.java:73) ~[junit-platform-engine-1.10.5.jar:1.10.5]
	at org.junit.platform.engine.support.hierarchical.NodeTestTask.prepare(NodeTestTask.java:128) ~[junit-platform-engine-1.10.5.jar:1.10.5]
	at org.junit.platform.engine.support.hierarchical.NodeTestTask.execute(NodeTestTask.java:95) ~[junit-platform-engine-1.10.5.jar:1.10.5]
	at java.base/java.util.ArrayList.forEach(ArrayList.java:1596) ~[na:na]
	at org.junit.platform.engine.support.hierarchical.SameThreadHierarchicalTestExecutorService.invokeAll(SameThreadHierarchicalTestExecutorService.java:41) ~[junit-platform-engine-1.10.5.jar:1.10.5]
	at org.junit.platform.engine.support.hierarchical.NodeTestTask.lambda$executeRecursively$6(NodeTestTask.java:160) ~[junit-platform-engine-1.10.5.jar:1.10.5]
	at org.junit.platform.engine.support.hierarchical.ThrowableCollector.execute(ThrowableCollector.java:73) ~[junit-platform-engine-1.10.5.jar:1.10.5]
	at org.junit.platform.engine.support.hierarchical.NodeTestTask.lambda$executeRecursively$8(NodeTestTask.java:146) ~[junit-platform-engine-1.10.5.jar:1.10.5]
	at org.junit.platform.engine.support.hierarchical.Node.around(Node.java:137) ~[junit-platform-engine-1.10.5.jar:1.10.5]
	at org.junit.platform.engine.support.hierarchical.NodeTestTask.lambda$executeRecursively$9(NodeTestTask.java:144) ~[junit-platform-engine-1.10.5.jar:1.10.5]
	at org.junit.platform.engine.support.hierarchical.ThrowableCollector.execute(ThrowableCollector.java:73) ~[junit-platform-engine-1.10.5.jar:1.10.5]
	at org.junit.platform.engine.support.hierarchical.NodeTestTask.executeRecursively(NodeTestTask.java:143) ~[junit-platform-engine-1.10.5.jar:1.10.5]
	at org.junit.platform.engine.support.hierarchical.NodeTestTask.execute(NodeTestTask.java:100) ~[junit-platform-engine-1.10.5.jar:1.10.5]
	at java.base/java.util.ArrayList.forEach(ArrayList.java:1596) ~[na:na]
	at org.junit.platform.engine.support.hierarchical.SameThreadHierarchicalTestExecutorService.invokeAll(SameThreadHierarchicalTestExecutorService.java:41) ~[junit-platform-engine-1.10.5.jar:1.10.5]
	at org.junit.platform.engine.support.hierarchical.NodeTestTask.lambda$executeRecursively$6(NodeTestTask.java:160) ~[junit-platform-engine-1.10.5.jar:1.10.5]
	at org.junit.platform.engine.support.hierarchical.ThrowableCollector.execute(ThrowableCollector.java:73) ~[junit-platform-engine-1.10.5.jar:1.10.5]
	at org.junit.platform.engine.support.hierarchical.NodeTestTask.lambda$executeRecursively$8(NodeTestTask.java:146) ~[junit-platform-engine-1.10.5.jar:1.10.5]
	at org.junit.platform.engine.support.hierarchical.Node.around(Node.java:137) ~[junit-platform-engine-1.10.5.jar:1.10.5]
	at org.junit.platform.engine.support.hierarchical.NodeTestTask.lambda$executeRecursively$9(NodeTestTask.java:144) ~[junit-platform-engine-1.10.5.jar:1.10.5]
	at org.junit.platform.engine.support.hierarchical.ThrowableCollector.execute(ThrowableCollector.java:73) ~[junit-platform-engine-1.10.5.jar:1.10.5]
	at org.junit.platform.engine.support.hierarchical.NodeTestTask.executeRecursively(NodeTestTask.java:143) ~[junit-platform-engine-1.10.5.jar:1.10.5]
	at org.junit.platform.engine.support.hierarchical.NodeTestTask.execute(NodeTestTask.java:100) ~[junit-platform-engine-1.10.5.jar:1.10.5]
	at org.junit.platform.engine.support.hierarchical.SameThreadHierarchicalTestExecutorService.submit(SameThreadHierarchicalTestExecutorService.java:35) ~[junit-platform-engine-1.10.5.jar:1.10.5]
	at org.junit.platform.engine.support.hierarchical.HierarchicalTestExecutor.execute(HierarchicalTestExecutor.java:57) ~[junit-platform-engine-1.10.5.jar:1.10.5]
	at org.junit.platform.engine.support.hierarchical.HierarchicalTestEngine.execute(HierarchicalTestEngine.java:54) ~[junit-platform-engine-1.10.5.jar:1.10.5]
	at org.junit.platform.launcher.core.EngineExecutionOrchestrator.execute(EngineExecutionOrchestrator.java:198) ~[junit-platform-launcher-1.10.5.jar:1.10.5]
	at org.junit.platform.launcher.core.EngineExecutionOrchestrator.execute(EngineExecutionOrchestrator.java:169) ~[junit-platform-launcher-1.10.5.jar:1.10.5]
	at org.junit.platform.launcher.core.EngineExecutionOrchestrator.execute(EngineExecutionOrchestrator.java:93) ~[junit-platform-launcher-1.10.5.jar:1.10.5]
	at org.junit.platform.launcher.core.EngineExecutionOrchestrator.lambda$execute$0(EngineExecutionOrchestrator.java:58) ~[junit-platform-launcher-1.10.5.jar:1.10.5]
	at org.junit.platform.launcher.core.EngineExecutionOrchestrator.withInterceptedStreams(EngineExecutionOrchestrator.java:141) ~[junit-platform-launcher-1.10.5.jar:1.10.5]
	at org.junit.platform.launcher.core.EngineExecutionOrchestrator.execute(EngineExecutionOrchestrator.java:57) ~[junit-platform-launcher-1.10.5.jar:1.10.5]
	at org.junit.platform.launcher.core.DefaultLauncher.execute(DefaultLauncher.java:103) ~[junit-platform-launcher-1.10.5.jar:1.10.5]
	at org.junit.platform.launcher.core.DefaultLauncher.execute(DefaultLauncher.java:85) ~[junit-platform-launcher-1.10.5.jar:1.10.5]
	at org.junit.platform.launcher.core.DelegatingLauncher.execute(DelegatingLauncher.java:47) ~[junit-platform-launcher-1.10.5.jar:1.10.5]
	at org.apache.maven.surefire.junitplatform.LazyLauncher.execute(LazyLauncher.java:56) ~[surefire-junit-platform-3.2.5.jar:3.2.5]
	at org.apache.maven.surefire.junitplatform.JUnitPlatformProvider.execute(JUnitPlatformProvider.java:184) ~[surefire-junit-platform-3.2.5.jar:3.2.5]
	at org.apache.maven.surefire.junitplatform.JUnitPlatformProvider.invokeAllTests(JUnitPlatformProvider.java:148) ~[surefire-junit-platform-3.2.5.jar:3.2.5]
	at org.apache.maven.surefire.junitplatform.JUnitPlatformProvider.invoke(JUnitPlatformProvider.java:122) ~[surefire-junit-platform-3.2.5.jar:3.2.5]
	at org.apache.maven.surefire.booter.ForkedBooter.runSuitesInProcess(ForkedBooter.java:385) ~[surefire-booter-3.2.5.jar:3.2.5]
	at org.apache.maven.surefire.booter.ForkedBooter.execute(ForkedBooter.java:162) ~[surefire-booter-3.2.5.jar:3.2.5]
	at org.apache.maven.surefire.booter.ForkedBooter.run(ForkedBooter.java:507) ~[surefire-booter-3.2.5.jar:3.2.5]
	at org.apache.maven.surefire.booter.ForkedBooter.main(ForkedBooter.java:495) ~[surefire-booter-3.2.5.jar:3.2.5]

2024-11-14T11:01:49.073+05:30 DEBUG 12858 --- [BlogsBackend] [           main] o.s.b.f.s.DefaultListableBeanFactory     : Creating shared instance of singleton bean 'servletWebServerFactoryCustomizer'
2024-11-14T11:01:49.073+05:30 DEBUG 12858 --- [BlogsBackend] [           main] o.s.b.f.s.DefaultListableBeanFactory     : Creating shared instance of singleton bean 'org.springframework.boot.autoconfigure.web.servlet.ServletWebServerFactoryAutoConfiguration'
2024-11-14T11:01:49.076+05:30 DEBUG 12858 --- [BlogsBackend] [           main] o.s.b.f.s.DefaultListableBeanFactory     : Creating shared instance of singleton bean 'server-org.springframework.boot.autoconfigure.web.ServerProperties'
2024-11-14T11:01:49.090+05:30 DEBUG 12858 --- [BlogsBackend] [           main] o.s.b.f.s.DefaultListableBeanFactory     : Autowiring by type from bean name 'servletWebServerFactoryCustomizer' via factory method to bean named 'server-org.springframework.boot.autoconfigure.web.ServerProperties'
2024-11-14T11:01:49.096+05:30 DEBUG 12858 --- [BlogsBackend] [           main] o.s.b.f.s.DefaultListableBeanFactory     : Creating shared instance of singleton bean 'tomcatServletWebServerFactoryCustomizer'
2024-11-14T11:01:49.096+05:30 DEBUG 12858 --- [BlogsBackend] [           main] o.s.b.f.s.DefaultListableBeanFactory     : Autowiring by type from bean name 'tomcatServletWebServerFactoryCustomizer' via factory method to bean named 'server-org.springframework.boot.autoconfigure.web.ServerProperties'
2024-11-14T11:01:49.098+05:30 DEBUG 12858 --- [BlogsBackend] [           main] o.s.b.f.s.DefaultListableBeanFactory     : Creating shared instance of singleton bean 'localeCharsetMappingsCustomizer'
2024-11-14T11:01:49.098+05:30 DEBUG 12858 --- [BlogsBackend] [           main] o.s.b.f.s.DefaultListableBeanFactory     : Creating shared instance of singleton bean 'org.springframework.boot.autoconfigure.web.servlet.HttpEncodingAutoConfiguration'
2024-11-14T11:01:49.098+05:30 DEBUG 12858 --- [BlogsBackend] [           main] o.s.b.f.s.DefaultListableBeanFactory     : Autowiring by type from bean name 'org.springframework.boot.autoconfigure.web.servlet.HttpEncodingAutoConfiguration' via constructor to bean named 'server-org.springframework.boot.autoconfigure.web.ServerProperties'
2024-11-14T11:01:49.117+05:30 DEBUG 12858 --- [BlogsBackend] [           main] o.s.b.f.s.DefaultListableBeanFactory     : Creating shared instance of singleton bean 'errorPageCustomizer'
2024-11-14T11:01:49.117+05:30 DEBUG 12858 --- [BlogsBackend] [           main] o.s.b.f.s.DefaultListableBeanFactory     : Creating shared instance of singleton bean 'org.springframework.boot.autoconfigure.web.servlet.error.ErrorMvcAutoConfiguration'
2024-11-14T11:01:49.118+05:30 DEBUG 12858 --- [BlogsBackend] [           main] o.s.b.f.s.DefaultListableBeanFactory     : Autowiring by type from bean name 'org.springframework.boot.autoconfigure.web.servlet.error.ErrorMvcAutoConfiguration' via constructor to bean named 'server-org.springframework.boot.autoconfigure.web.ServerProperties'
2024-11-14T11:01:49.120+05:30 DEBUG 12858 --- [BlogsBackend] [           main] o.s.b.f.s.DefaultListableBeanFactory     : Creating shared instance of singleton bean 'dispatcherServletRegistration'
2024-11-14T11:01:49.121+05:30 DEBUG 12858 --- [BlogsBackend] [           main] o.s.b.f.s.DefaultListableBeanFactory     : Creating shared instance of singleton bean 'org.springframework.boot.autoconfigure.web.servlet.DispatcherServletAutoConfiguration$DispatcherServletRegistrationConfiguration'
2024-11-14T11:01:49.123+05:30 DEBUG 12858 --- [BlogsBackend] [           main] o.s.b.f.s.DefaultListableBeanFactory     : Creating shared instance of singleton bean 'dispatcherServlet'
2024-11-14T11:01:49.123+05:30 DEBUG 12858 --- [BlogsBackend] [           main] o.s.b.f.s.DefaultListableBeanFactory     : Creating shared instance of singleton bean 'org.springframework.boot.autoconfigure.web.servlet.DispatcherServletAutoConfiguration$DispatcherServletConfiguration'
2024-11-14T11:01:49.125+05:30 DEBUG 12858 --- [BlogsBackend] [           main] o.s.b.f.s.DefaultListableBeanFactory     : Autowiring by type from bean name 'dispatcherServlet' via factory method to bean named 'spring.mvc-org.springframework.boot.autoconfigure.web.servlet.WebMvcProperties'
2024-11-14T11:01:49.143+05:30 DEBUG 12858 --- [BlogsBackend] [           main] o.s.b.f.s.DefaultListableBeanFactory     : Autowiring by type from bean name 'dispatcherServletRegistration' via factory method to bean named 'dispatcherServlet'
2024-11-14T11:01:49.143+05:30 DEBUG 12858 --- [BlogsBackend] [           main] o.s.b.f.s.DefaultListableBeanFactory     : Autowiring by type from bean name 'dispatcherServletRegistration' via factory method to bean named 'spring.mvc-org.springframework.boot.autoconfigure.web.servlet.WebMvcProperties'
2024-11-14T11:01:49.147+05:30 DEBUG 12858 --- [BlogsBackend] [           main] o.s.b.f.s.DefaultListableBeanFactory     : Creating shared instance of singleton bean 'multipartConfigElement'
2024-11-14T11:01:49.147+05:30 DEBUG 12858 --- [BlogsBackend] [           main] o.s.b.f.s.DefaultListableBeanFactory     : Creating shared instance of singleton bean 'org.springframework.boot.autoconfigure.web.servlet.MultipartAutoConfiguration'
2024-11-14T11:01:49.148+05:30 DEBUG 12858 --- [BlogsBackend] [           main] o.s.b.f.s.DefaultListableBeanFactory     : Creating shared instance of singleton bean 'spring.servlet.multipart-org.springframework.boot.autoconfigure.web.servlet.MultipartProperties'
2024-11-14T11:01:49.155+05:30 DEBUG 12858 --- [BlogsBackend] [           main] o.s.b.f.s.DefaultListableBeanFactory     : Autowiring by type from bean name 'org.springframework.boot.autoconfigure.web.servlet.MultipartAutoConfiguration' via constructor to bean named 'spring.servlet.multipart-org.springframework.boot.autoconfigure.web.servlet.MultipartProperties'
2024-11-14T11:01:49.162+05:30 DEBUG 12858 --- [BlogsBackend] [           main] o.s.b.f.s.DefaultListableBeanFactory     : Autowiring by type from bean name 'errorPageCustomizer' via factory method to bean named 'dispatcherServletRegistration'
2024-11-14T11:01:49.171+05:30 DEBUG 12858 --- [BlogsBackend] [           main] o.s.b.f.s.DefaultListableBeanFactory     : Creating shared instance of singleton bean 'org.springframework.boot.autoconfigure.web.servlet.DispatcherServletAutoConfiguration'
2024-11-14T11:01:49.172+05:30 DEBUG 12858 --- [BlogsBackend] [           main] o.s.b.f.s.DefaultListableBeanFactory     : Creating shared instance of singleton bean 'org.springframework.boot.autoconfigure.task.TaskExecutorConfigurations$ThreadPoolTaskExecutorBuilderConfiguration'
2024-11-14T11:01:49.173+05:30 DEBUG 12858 --- [BlogsBackend] [           main] o.s.b.f.s.DefaultListableBeanFactory     : Creating shared instance of singleton bean 'threadPoolTaskExecutorBuilder'
2024-11-14T11:01:49.174+05:30 DEBUG 12858 --- [BlogsBackend] [           main] o.s.b.f.s.DefaultListableBeanFactory     : Creating shared instance of singleton bean 'spring.task.execution-org.springframework.boot.autoconfigure.task.TaskExecutionProperties'
2024-11-14T11:01:49.177+05:30 DEBUG 12858 --- [BlogsBackend] [           main] o.s.b.f.s.DefaultListableBeanFactory     : Autowiring by type from bean name 'threadPoolTaskExecutorBuilder' via factory method to bean named 'spring.task.execution-org.springframework.boot.autoconfigure.task.TaskExecutionProperties'
2024-11-14T11:01:49.185+05:30 DEBUG 12858 --- [BlogsBackend] [           main] o.s.b.f.s.DefaultListableBeanFactory     : Creating shared instance of singleton bean 'org.springframework.boot.autoconfigure.task.TaskExecutorConfigurations$TaskExecutorBuilderConfiguration'
2024-11-14T11:01:49.186+05:30 DEBUG 12858 --- [BlogsBackend] [           main] o.s.b.f.s.DefaultListableBeanFactory     : Creating shared instance of singleton bean 'taskExecutorBuilder'
2024-11-14T11:01:49.186+05:30 DEBUG 12858 --- [BlogsBackend] [           main] o.s.b.f.s.DefaultListableBeanFactory     : Autowiring by type from bean name 'taskExecutorBuilder' via factory method to bean named 'spring.task.execution-org.springframework.boot.autoconfigure.task.TaskExecutionProperties'
2024-11-14T11:01:49.189+05:30 DEBUG 12858 --- [BlogsBackend] [           main] o.s.b.f.s.DefaultListableBeanFactory     : Creating shared instance of singleton bean 'org.springframework.boot.autoconfigure.task.TaskExecutorConfigurations$SimpleAsyncTaskExecutorBuilderConfiguration'
2024-11-14T11:01:49.190+05:30 DEBUG 12858 --- [BlogsBackend] [           main] o.s.b.f.s.DefaultListableBeanFactory     : Autowiring by type from bean name 'org.springframework.boot.autoconfigure.task.TaskExecutorConfigurations$SimpleAsyncTaskExecutorBuilderConfiguration' via constructor to bean named 'spring.task.execution-org.springframework.boot.autoconfigure.task.TaskExecutionProperties'
2024-11-14T11:01:49.192+05:30 DEBUG 12858 --- [BlogsBackend] [           main] o.s.b.f.s.DefaultListableBeanFactory     : Creating shared instance of singleton bean 'simpleAsyncTaskExecutorBuilder'
2024-11-14T11:01:49.196+05:30 DEBUG 12858 --- [BlogsBackend] [           main] o.s.b.f.s.DefaultListableBeanFactory     : Creating shared instance of singleton bean 'org.springframework.boot.autoconfigure.task.TaskExecutionAutoConfiguration'
2024-11-14T11:01:49.197+05:30 DEBUG 12858 --- [BlogsBackend] [           main] o.s.b.f.s.DefaultListableBeanFactory     : Creating shared instance of singleton bean 'org.springframework.boot.autoconfigure.web.servlet.error.ErrorMvcAutoConfiguration$WhitelabelErrorViewConfiguration'
2024-11-14T11:01:49.199+05:30 DEBUG 12858 --- [BlogsBackend] [           main] o.s.b.f.s.DefaultListableBeanFactory     : Creating shared instance of singleton bean 'error'
2024-11-14T11:01:49.200+05:30 DEBUG 12858 --- [BlogsBackend] [           main] o.s.b.f.s.DefaultListableBeanFactory     : Creating shared instance of singleton bean 'beanNameViewResolver'
2024-11-14T11:01:49.202+05:30 DEBUG 12858 --- [BlogsBackend] [           main] o.s.b.f.s.DefaultListableBeanFactory     : Creating shared instance of singleton bean 'org.springframework.boot.autoconfigure.web.servlet.error.ErrorMvcAutoConfiguration$DefaultErrorViewResolverConfiguration'
2024-11-14T11:01:49.203+05:30 DEBUG 12858 --- [BlogsBackend] [           main] o.s.b.f.s.DefaultListableBeanFactory     : Autowiring by type from bean name 'org.springframework.boot.autoconfigure.web.servlet.error.ErrorMvcAutoConfiguration$DefaultErrorViewResolverConfiguration' via constructor to bean named 'org.springframework.web.context.support.GenericWebApplicationContext@21ca139c'
2024-11-14T11:01:49.203+05:30 DEBUG 12858 --- [BlogsBackend] [           main] o.s.b.f.s.DefaultListableBeanFactory     : Autowiring by type from bean name 'org.springframework.boot.autoconfigure.web.servlet.error.ErrorMvcAutoConfiguration$DefaultErrorViewResolverConfiguration' via constructor to bean named 'spring.web-org.springframework.boot.autoconfigure.web.WebProperties'
2024-11-14T11:01:49.204+05:30 DEBUG 12858 --- [BlogsBackend] [           main] o.s.b.f.s.DefaultListableBeanFactory     : Creating shared instance of singleton bean 'conventionErrorViewResolver'
2024-11-14T11:01:49.206+05:30 DEBUG 12858 --- [BlogsBackend] [           main] o.s.b.f.s.DefaultListableBeanFactory     : Creating shared instance of singleton bean 'errorAttributes'
2024-11-14T11:01:49.209+05:30 DEBUG 12858 --- [BlogsBackend] [           main] o.s.b.f.s.DefaultListableBeanFactory     : Creating shared instance of singleton bean 'basicErrorController'
2024-11-14T11:01:49.210+05:30 DEBUG 12858 --- [BlogsBackend] [           main] o.s.b.f.s.DefaultListableBeanFactory     : Autowiring by type from bean name 'basicErrorController' via factory method to bean named 'errorAttributes'
2024-11-14T11:01:49.214+05:30 DEBUG 12858 --- [BlogsBackend] [           main] o.s.b.f.s.DefaultListableBeanFactory     : Creating shared instance of singleton bean 'localeResolver'
2024-11-14T11:01:49.217+05:30 DEBUG 12858 --- [BlogsBackend] [           main] o.s.b.f.s.DefaultListableBeanFactory     : Creating shared instance of singleton bean 'themeResolver'
2024-11-14T11:01:49.220+05:30 DEBUG 12858 --- [BlogsBackend] [           main] o.s.b.f.s.DefaultListableBeanFactory     : Creating shared instance of singleton bean 'flashMapManager'
2024-11-14T11:01:49.224+05:30 DEBUG 12858 --- [BlogsBackend] [           main] o.s.b.f.s.DefaultListableBeanFactory     : Creating shared instance of singleton bean 'mvcValidator'
2024-11-14T11:01:49.227+05:30 DEBUG 12858 --- [BlogsBackend] [           main] o.s.b.f.s.DefaultListableBeanFactory     : Creating shared instance of singleton bean 'mvcPatternParser'
2024-11-14T11:01:49.228+05:30 DEBUG 12858 --- [BlogsBackend] [           main] o.s.b.f.s.DefaultListableBeanFactory     : Creating shared instance of singleton bean 'mvcUrlPathHelper'
2024-11-14T11:01:49.230+05:30 DEBUG 12858 --- [BlogsBackend] [           main] o.s.b.f.s.DefaultListableBeanFactory     : Creating shared instance of singleton bean 'mvcPathMatcher'
2024-11-14T11:01:49.231+05:30 DEBUG 12858 --- [BlogsBackend] [           main] o.s.b.f.s.DefaultListableBeanFactory     : Creating shared instance of singleton bean 'requestMappingHandlerAdapter'
2024-11-14T11:01:49.234+05:30 DEBUG 12858 --- [BlogsBackend] [           main] o.s.b.f.s.DefaultListableBeanFactory     : Autowiring by type from bean name 'requestMappingHandlerAdapter' via factory method to bean named 'mvcContentNegotiationManager'
2024-11-14T11:01:49.234+05:30 DEBUG 12858 --- [BlogsBackend] [           main] o.s.b.f.s.DefaultListableBeanFactory     : Autowiring by type from bean name 'requestMappingHandlerAdapter' via factory method to bean named 'mvcConversionService'
2024-11-14T11:01:49.234+05:30 DEBUG 12858 --- [BlogsBackend] [           main] o.s.b.f.s.DefaultListableBeanFactory     : Autowiring by type from bean name 'requestMappingHandlerAdapter' via factory method to bean named 'mvcValidator'
2024-11-14T11:01:49.245+05:30 DEBUG 12858 --- [BlogsBackend] [           main] o.s.b.f.s.DefaultListableBeanFactory     : Creating shared instance of singleton bean 'sortResolver'
2024-11-14T11:01:49.247+05:30 DEBUG 12858 --- [BlogsBackend] [           main] o.s.b.f.s.DefaultListableBeanFactory     : Creating shared instance of singleton bean 'sortCustomizer'
2024-11-14T11:01:49.248+05:30 DEBUG 12858 --- [BlogsBackend] [           main] o.s.b.f.s.DefaultListableBeanFactory     : Creating shared instance of singleton bean 'org.springframework.boot.autoconfigure.data.web.SpringDataWebAutoConfiguration'
2024-11-14T11:01:49.249+05:30 DEBUG 12858 --- [BlogsBackend] [           main] o.s.b.f.s.DefaultListableBeanFactory     : Creating shared instance of singleton bean 'spring.data.web-org.springframework.boot.autoconfigure.data.web.SpringDataWebProperties'
2024-11-14T11:01:49.251+05:30 DEBUG 12858 --- [BlogsBackend] [           main] o.s.b.f.s.DefaultListableBeanFactory     : Autowiring by type from bean name 'org.springframework.boot.autoconfigure.data.web.SpringDataWebAutoConfiguration' via constructor to bean named 'spring.data.web-org.springframework.boot.autoconfigure.data.web.SpringDataWebProperties'
2024-11-14T11:01:49.256+05:30 DEBUG 12858 --- [BlogsBackend] [           main] o.s.b.f.s.DefaultListableBeanFactory     : Creating shared instance of singleton bean 'pageableResolver'
2024-11-14T11:01:49.259+05:30 DEBUG 12858 --- [BlogsBackend] [           main] o.s.b.f.s.DefaultListableBeanFactory     : Creating shared instance of singleton bean 'pageableCustomizer'
2024-11-14T11:01:49.278+05:30 DEBUG 12858 --- [BlogsBackend] [           main] s.w.s.m.m.a.RequestMappingHandlerAdapter : ControllerAdvice beans: 0 @ModelAttribute, 0 @InitBinder, 1 RequestBodyAdvice, 1 ResponseBodyAdvice
2024-11-14T11:01:49.320+05:30 DEBUG 12858 --- [BlogsBackend] [           main] o.s.b.f.s.DefaultListableBeanFactory     : Creating shared instance of singleton bean 'handlerFunctionAdapter'
2024-11-14T11:01:49.323+05:30 DEBUG 12858 --- [BlogsBackend] [           main] o.s.b.f.s.DefaultListableBeanFactory     : Creating shared instance of singleton bean 'mvcUriComponentsContributor'
2024-11-14T11:01:49.325+05:30 DEBUG 12858 --- [BlogsBackend] [           main] o.s.b.f.s.DefaultListableBeanFactory     : Autowiring by type from bean name 'mvcUriComponentsContributor' via factory method to bean named 'mvcConversionService'
2024-11-14T11:01:49.325+05:30 DEBUG 12858 --- [BlogsBackend] [           main] o.s.b.f.s.DefaultListableBeanFactory     : Autowiring by type from bean name 'mvcUriComponentsContributor' via factory method to bean named 'requestMappingHandlerAdapter'
2024-11-14T11:01:49.328+05:30 DEBUG 12858 --- [BlogsBackend] [           main] o.s.b.f.s.DefaultListableBeanFactory     : Creating shared instance of singleton bean 'httpRequestHandlerAdapter'
2024-11-14T11:01:49.329+05:30 DEBUG 12858 --- [BlogsBackend] [           main] o.s.b.f.s.DefaultListableBeanFactory     : Creating shared instance of singleton bean 'simpleControllerHandlerAdapter'
2024-11-14T11:01:49.331+05:30 DEBUG 12858 --- [BlogsBackend] [           main] o.s.b.f.s.DefaultListableBeanFactory     : Creating shared instance of singleton bean 'handlerExceptionResolver'
2024-11-14T11:01:49.332+05:30 DEBUG 12858 --- [BlogsBackend] [           main] o.s.b.f.s.DefaultListableBeanFactory     : Autowiring by type from bean name 'handlerExceptionResolver' via factory method to bean named 'mvcContentNegotiationManager'
2024-11-14T11:01:49.335+05:30 DEBUG 12858 --- [BlogsBackend] [           main] .m.m.a.ExceptionHandlerExceptionResolver : ControllerAdvice beans: 0 @ExceptionHandler, 1 ResponseBodyAdvice
2024-11-14T11:01:49.340+05:30 DEBUG 12858 --- [BlogsBackend] [           main] o.s.b.f.s.DefaultListableBeanFactory     : Creating shared instance of singleton bean 'mvcViewResolver'
2024-11-14T11:01:49.340+05:30 DEBUG 12858 --- [BlogsBackend] [           main] o.s.b.f.s.DefaultListableBeanFactory     : Autowiring by type from bean name 'mvcViewResolver' via factory method to bean named 'mvcContentNegotiationManager'
2024-11-14T11:01:49.344+05:30 DEBUG 12858 --- [BlogsBackend] [           main] o.s.b.f.s.DefaultListableBeanFactory     : Creating shared instance of singleton bean 'viewNameTranslator'
2024-11-14T11:01:49.346+05:30 DEBUG 12858 --- [BlogsBackend] [           main] o.s.b.f.s.DefaultListableBeanFactory     : Creating shared instance of singleton bean 'defaultViewResolver'
2024-11-14T11:01:49.357+05:30 DEBUG 12858 --- [BlogsBackend] [           main] o.s.b.f.s.DefaultListableBeanFactory     : Creating shared instance of singleton bean 'viewResolver'
2024-11-14T11:01:49.358+05:30 DEBUG 12858 --- [BlogsBackend] [           main] o.s.b.f.s.DefaultListableBeanFactory     : Autowiring by type from bean name 'viewResolver' via factory method to bean named 'org.springframework.beans.factory.support.DefaultListableBeanFactory@3ecedf21'
2024-11-14T11:01:49.361+05:30 DEBUG 12858 --- [BlogsBackend] [           main] o.s.b.f.s.DefaultListableBeanFactory     : Creating shared instance of singleton bean 'viewResolver'
2024-11-14T11:01:49.364+05:30 DEBUG 12858 --- [BlogsBackend] [           main] o.s.b.f.s.DefaultListableBeanFactory     : Creating shared instance of singleton bean 'requestContextFilter'
2024-11-14T11:01:49.367+05:30 DEBUG 12858 --- [BlogsBackend] [           main] o.s.b.f.s.DefaultListableBeanFactory     : Creating shared instance of singleton bean 'org.springframework.boot.autoconfigure.web.servlet.WebMvcAutoConfiguration'
2024-11-14T11:01:49.369+05:30 DEBUG 12858 --- [BlogsBackend] [           main] o.s.b.f.s.DefaultListableBeanFactory     : Creating shared instance of singleton bean 'formContentFilter'
2024-11-14T11:01:49.375+05:30 DEBUG 12858 --- [BlogsBackend] [           main] o.s.b.f.s.DefaultListableBeanFactory     : Creating shared instance of singleton bean 'org.springframework.boot.autoconfigure.aop.AopAutoConfiguration$AspectJAutoProxyingConfiguration$CglibAutoProxyConfiguration'
2024-11-14T11:01:49.376+05:30 DEBUG 12858 --- [BlogsBackend] [           main] o.s.b.f.s.DefaultListableBeanFactory     : Creating shared instance of singleton bean 'org.springframework.boot.autoconfigure.aop.AopAutoConfiguration$AspectJAutoProxyingConfiguration'
2024-11-14T11:01:49.377+05:30 DEBUG 12858 --- [BlogsBackend] [           main] o.s.b.f.s.DefaultListableBeanFactory     : Creating shared instance of singleton bean 'org.springframework.boot.autoconfigure.aop.AopAutoConfiguration'
2024-11-14T11:01:49.377+05:30 DEBUG 12858 --- [BlogsBackend] [           main] o.s.b.f.s.DefaultListableBeanFactory     : Creating shared instance of singleton bean 'org.springframework.boot.autoconfigure.availability.ApplicationAvailabilityAutoConfiguration'
2024-11-14T11:01:49.378+05:30 DEBUG 12858 --- [BlogsBackend] [           main] o.s.b.f.s.DefaultListableBeanFactory     : Creating shared instance of singleton bean 'applicationAvailability'
2024-11-14T11:01:49.381+05:30 DEBUG 12858 --- [BlogsBackend] [           main] o.s.b.f.s.DefaultListableBeanFactory     : Creating shared instance of singleton bean 'org.springframework.boot.autoconfigure.transaction.jta.JtaAutoConfiguration'
2024-11-14T11:01:49.382+05:30 DEBUG 12858 --- [BlogsBackend] [           main] o.s.b.f.s.DefaultListableBeanFactory     : Creating shared instance of singleton bean 'org.springframework.boot.autoconfigure.transaction.TransactionManagerCustomizationAutoConfiguration'
2024-11-14T11:01:49.383+05:30 DEBUG 12858 --- [BlogsBackend] [           main] o.s.b.f.s.DefaultListableBeanFactory     : Creating shared instance of singleton bean 'platformTransactionManagerCustomizers'
2024-11-14T11:01:49.384+05:30 DEBUG 12858 --- [BlogsBackend] [           main] o.s.b.f.s.DefaultListableBeanFactory     : Creating shared instance of singleton bean 'transactionExecutionListeners'
2024-11-14T11:01:49.387+05:30 DEBUG 12858 --- [BlogsBackend] [           main] o.s.b.f.s.DefaultListableBeanFactory     : Creating shared instance of singleton bean 'spring.transaction-org.springframework.boot.autoconfigure.transaction.TransactionProperties'
2024-11-14T11:01:49.392+05:30 DEBUG 12858 --- [BlogsBackend] [           main] o.s.b.f.s.DefaultListableBeanFactory     : Creating shared instance of singleton bean 'org.springframework.boot.autoconfigure.orm.jpa.HibernateJpaAutoConfiguration'
2024-11-14T11:01:49.394+05:30 DEBUG 12858 --- [BlogsBackend] [           main] o.s.b.f.s.DefaultListableBeanFactory     : Creating shared instance of singleton bean 'spring.jpa-org.springframework.boot.autoconfigure.orm.jpa.JpaProperties'
2024-11-14T11:01:49.398+05:30 DEBUG 12858 --- [BlogsBackend] [           main] o.s.b.f.s.DefaultListableBeanFactory     : Creating shared instance of singleton bean 'org.springframework.boot.autoconfigure.context.ConfigurationPropertiesAutoConfiguration'
2024-11-14T11:01:49.399+05:30 DEBUG 12858 --- [BlogsBackend] [           main] o.s.b.f.s.DefaultListableBeanFactory     : Creating shared instance of singleton bean 'org.springframework.boot.autoconfigure.context.LifecycleAutoConfiguration'
2024-11-14T11:01:49.400+05:30 DEBUG 12858 --- [BlogsBackend] [           main] o.s.b.f.s.DefaultListableBeanFactory     : Creating shared instance of singleton bean 'lifecycleProcessor'
2024-11-14T11:01:49.401+05:30 DEBUG 12858 --- [BlogsBackend] [           main] o.s.b.f.s.DefaultListableBeanFactory     : Creating shared instance of singleton bean 'spring.lifecycle-org.springframework.boot.autoconfigure.context.LifecycleProperties'
2024-11-14T11:01:49.403+05:30 DEBUG 12858 --- [BlogsBackend] [           main] o.s.b.f.s.DefaultListableBeanFactory     : Autowiring by type from bean name 'lifecycleProcessor' via factory method to bean named 'spring.lifecycle-org.springframework.boot.autoconfigure.context.LifecycleProperties'
2024-11-14T11:01:49.406+05:30 DEBUG 12858 --- [BlogsBackend] [           main] o.s.b.f.s.DefaultListableBeanFactory     : Creating shared instance of singleton bean 'org.springframework.boot.autoconfigure.dao.PersistenceExceptionTranslationAutoConfiguration'
2024-11-14T11:01:49.408+05:30 DEBUG 12858 --- [BlogsBackend] [           main] o.s.b.f.s.DefaultListableBeanFactory     : Creating shared instance of singleton bean 'gridFsTemplate'
2024-11-14T11:01:49.409+05:30 DEBUG 12858 --- [BlogsBackend] [           main] o.s.b.f.s.DefaultListableBeanFactory     : Autowiring by type from bean name 'gridFsTemplate' via factory method to bean named 'spring.data.mongodb-org.springframework.boot.autoconfigure.mongo.MongoProperties'
2024-11-14T11:01:49.409+05:30 DEBUG 12858 --- [BlogsBackend] [           main] o.s.b.f.s.DefaultListableBeanFactory     : Autowiring by type from bean name 'gridFsTemplate' via factory method to bean named 'mongoDatabaseFactory'
2024-11-14T11:01:49.409+05:30 DEBUG 12858 --- [BlogsBackend] [           main] o.s.b.f.s.DefaultListableBeanFactory     : Autowiring by type from bean name 'gridFsTemplate' via factory method to bean named 'mongoTemplate'
2024-11-14T11:01:49.410+05:30 DEBUG 12858 --- [BlogsBackend] [           main] o.s.b.f.s.DefaultListableBeanFactory     : Autowiring by type from bean name 'gridFsTemplate' via factory method to bean named 'mongoConnectionDetails'
2024-11-14T11:01:49.422+05:30 DEBUG 12858 --- [BlogsBackend] [           main] o.s.b.f.s.DefaultListableBeanFactory     : Creating shared instance of singleton bean 'org.springframework.boot.autoconfigure.data.mongo.MongoDataAutoConfiguration'
2024-11-14T11:01:49.424+05:30 DEBUG 12858 --- [BlogsBackend] [           main] o.s.b.f.s.DefaultListableBeanFactory     : Creating shared instance of singleton bean 'org.springframework.boot.autoconfigure.data.mongo.MongoRepositoriesAutoConfiguration'
2024-11-14T11:01:49.426+05:30 DEBUG 12858 --- [BlogsBackend] [           main] o.s.b.f.s.DefaultListableBeanFactory     : Creating shared instance of singleton bean 'mongo.named-queries#1'
2024-11-14T11:01:49.428+05:30 DEBUG 12858 --- [BlogsBackend] [           main] o.s.b.f.s.DefaultListableBeanFactory     : Creating shared instance of singleton bean 'mongodb.CustomerRepository.fragments#0'
2024-11-14T11:01:49.429+05:30 DEBUG 12858 --- [BlogsBackend] [           main] o.s.b.f.s.DefaultListableBeanFactory     : Creating shared instance of singleton bean 'customerRepository'
2024-11-14T11:01:49.433+05:30 DEBUG 12858 --- [BlogsBackend] [           main] o.s.d.r.c.s.RepositoryFactorySupport     : Initializing repository instance for com.Blogs.Backend.BlogsBackend.Security.repository.CustomerRepository…
2024-11-14T11:01:49.445+05:30 DEBUG 12858 --- [BlogsBackend] [           main] o.s.d.r.c.s.RepositoryFactorySupport     : Finished creation of repository instance for com.Blogs.Backend.BlogsBackend.Security.repository.CustomerRepository.
2024-11-14T11:01:49.447+05:30 DEBUG 12858 --- [BlogsBackend] [           main] o.s.b.f.s.DefaultListableBeanFactory     : Creating shared instance of singleton bean 'data-mongo.repository-aot-processor#0'
2024-11-14T11:01:49.457+05:30 DEBUG 12858 --- [BlogsBackend] [           main] o.s.b.f.s.DefaultListableBeanFactory     : Creating shared instance of singleton bean 'org.springframework.boot.autoconfigure.http.JacksonHttpMessageConvertersConfiguration'
2024-11-14T11:01:49.459+05:30 DEBUG 12858 --- [BlogsBackend] [           main] o.s.b.f.s.DefaultListableBeanFactory     : Creating shared instance of singleton bean 'org.springframework.data.web.config.ProjectingArgumentResolverRegistrar'
2024-11-14T11:01:49.459+05:30 DEBUG 12858 --- [BlogsBackend] [           main] o.s.b.f.s.DefaultListableBeanFactory     : Creating shared instance of singleton bean 'offsetResolver'
2024-11-14T11:01:49.463+05:30 DEBUG 12858 --- [BlogsBackend] [           main] o.s.b.f.s.DefaultListableBeanFactory     : Creating shared instance of singleton bean 'org.springframework.boot.autoconfigure.info.ProjectInfoAutoConfiguration'
2024-11-14T11:01:49.467+05:30 DEBUG 12858 --- [BlogsBackend] [           main] o.s.b.f.s.DefaultListableBeanFactory     : Creating shared instance of singleton bean 'spring.info-org.springframework.boot.autoconfigure.info.ProjectInfoProperties'
2024-11-14T11:01:49.470+05:30 DEBUG 12858 --- [BlogsBackend] [           main] o.s.b.f.s.DefaultListableBeanFactory     : Autowiring by type from bean name 'org.springframework.boot.autoconfigure.info.ProjectInfoAutoConfiguration' via constructor to bean named 'spring.info-org.springframework.boot.autoconfigure.info.ProjectInfoProperties'
2024-11-14T11:01:49.471+05:30 DEBUG 12858 --- [BlogsBackend] [           main] o.s.b.f.s.DefaultListableBeanFactory     : Creating shared instance of singleton bean 'org.springframework.boot.autoconfigure.mail.MailSenderPropertiesConfiguration'
2024-11-14T11:01:49.472+05:30 DEBUG 12858 --- [BlogsBackend] [           main] o.s.b.f.s.DefaultListableBeanFactory     : Creating shared instance of singleton bean 'mailSender'
2024-11-14T11:01:49.473+05:30 DEBUG 12858 --- [BlogsBackend] [           main] o.s.b.f.s.DefaultListableBeanFactory     : Creating shared instance of singleton bean 'spring.mail-org.springframework.boot.autoconfigure.mail.MailProperties'
2024-11-14T11:01:49.480+05:30 DEBUG 12858 --- [BlogsBackend] [           main] o.s.b.f.s.DefaultListableBeanFactory     : Autowiring by type from bean name 'mailSender' via factory method to bean named 'spring.mail-org.springframework.boot.autoconfigure.mail.MailProperties'
2024-11-14T11:01:49.489+05:30 DEBUG 12858 --- [BlogsBackend] [           main] jakarta.activation                       : MimetypesFileTypeMap: load HOME
2024-11-14T11:01:49.491+05:30 DEBUG 12858 --- [BlogsBackend] [           main] jakarta.activation                       : Checking system property jakarta.activation.spi.MimeTypeRegistryProvider
2024-11-14T11:01:49.492+05:30 DEBUG 12858 --- [BlogsBackend] [           main] jakarta.activation                       :   not found
2024-11-14T11:01:49.495+05:30 DEBUG 12858 --- [BlogsBackend] [           main] jakarta.activation                       : Using java.util.ServiceLoader to find jakarta.activation.spi.MimeTypeRegistryProvider
2024-11-14T11:01:49.497+05:30 DEBUG 12858 --- [BlogsBackend] [           main] jakarta.activation                       : ServiceProvider loading Facility used; returning object [org.eclipse.angus.activation.MimeTypeRegistryProviderImpl]
2024-11-14T11:01:49.498+05:30 DEBUG 12858 --- [BlogsBackend] [           main] jakarta.activation                       : MimeTypeRegistry: can't load from file - /home/crest/.mime.types

java.io.FileNotFoundException: /home/crest/.mime.types (No such file or directory)
	at java.base/java.io.FileInputStream.open0(Native Method) ~[na:na]
	at java.base/java.io.FileInputStream.open(FileInputStream.java:213) ~[na:na]
	at java.base/java.io.FileInputStream.<init>(FileInputStream.java:152) ~[na:na]
	at java.base/java.io.FileReader.<init>(FileReader.java:75) ~[na:na]
	at org.eclipse.angus.activation.MimeTypeFile.<init>(MimeTypeFile.java:47) ~[angus-activation-2.0.2.jar:na]
	at org.eclipse.angus.activation.MimeTypeRegistryProviderImpl.getByFileName(MimeTypeRegistryProviderImpl.java:28) ~[angus-activation-2.0.2.jar:na]
	at jakarta.activation.MimetypesFileTypeMap.loadFile(MimetypesFileTypeMap.java:263) ~[jakarta.activation-api-2.1.3.jar:na]
	at jakarta.activation.MimetypesFileTypeMap.<init>(MimetypesFileTypeMap.java:107) ~[jakarta.activation-api-2.1.3.jar:na]
	at jakarta.activation.MimetypesFileTypeMap.<init>(MimetypesFileTypeMap.java:305) ~[jakarta.activation-api-2.1.3.jar:na]
	at org.springframework.mail.javamail.ConfigurableMimeFileTypeMap.createFileTypeMap(ConfigurableMimeFileTypeMap.java:150) ~[spring-context-support-6.1.14.jar:6.1.14]
	at org.springframework.mail.javamail.ConfigurableMimeFileTypeMap.getFileTypeMap(ConfigurableMimeFileTypeMap.java:123) ~[spring-context-support-6.1.14.jar:6.1.14]
	at org.springframework.mail.javamail.ConfigurableMimeFileTypeMap.afterPropertiesSet(ConfigurableMimeFileTypeMap.java:110) ~[spring-context-support-6.1.14.jar:6.1.14]
	at org.springframework.mail.javamail.JavaMailSenderImpl.<init>(JavaMailSenderImpl.java:114) ~[spring-context-support-6.1.14.jar:6.1.14]
	at org.springframework.boot.autoconfigure.mail.MailSenderPropertiesConfiguration.mailSender(MailSenderPropertiesConfiguration.java:44) ~[spring-boot-autoconfigure-3.3.5.jar:3.3.5]
	at java.base/jdk.internal.reflect.DirectMethodHandleAccessor.invoke(DirectMethodHandleAccessor.java:103) ~[na:na]
	at java.base/java.lang.reflect.Method.invoke(Method.java:580) ~[na:na]
	at org.springframework.beans.factory.support.SimpleInstantiationStrategy.instantiate(SimpleInstantiationStrategy.java:146) ~[spring-beans-6.1.14.jar:6.1.14]
	at org.springframework.beans.factory.support.ConstructorResolver.instantiate(ConstructorResolver.java:644) ~[spring-beans-6.1.14.jar:6.1.14]
	at org.springframework.beans.factory.support.ConstructorResolver.instantiateUsingFactoryMethod(ConstructorResolver.java:636) ~[spring-beans-6.1.14.jar:6.1.14]
	at org.springframework.beans.factory.support.AbstractAutowireCapableBeanFactory.instantiateUsingFactoryMethod(AbstractAutowireCapableBeanFactory.java:1355) ~[spring-beans-6.1.14.jar:6.1.14]
	at org.springframework.beans.factory.support.AbstractAutowireCapableBeanFactory.createBeanInstance(AbstractAutowireCapableBeanFactory.java:1185) ~[spring-beans-6.1.14.jar:6.1.14]
	at org.springframework.beans.factory.support.AbstractAutowireCapableBeanFactory.doCreateBean(AbstractAutowireCapableBeanFactory.java:562) ~[spring-beans-6.1.14.jar:6.1.14]
	at org.springframework.beans.factory.support.AbstractAutowireCapableBeanFactory.createBean(AbstractAutowireCapableBeanFactory.java:522) ~[spring-beans-6.1.14.jar:6.1.14]
	at org.springframework.beans.factory.support.AbstractBeanFactory.lambda$doGetBean$0(AbstractBeanFactory.java:337) ~[spring-beans-6.1.14.jar:6.1.14]
	at org.springframework.beans.factory.support.DefaultSingletonBeanRegistry.getSingleton(DefaultSingletonBeanRegistry.java:234) ~[spring-beans-6.1.14.jar:6.1.14]
	at org.springframework.beans.factory.support.AbstractBeanFactory.doGetBean(AbstractBeanFactory.java:335) ~[spring-beans-6.1.14.jar:6.1.14]
	at org.springframework.beans.factory.support.AbstractBeanFactory.getBean(AbstractBeanFactory.java:200) ~[spring-beans-6.1.14.jar:6.1.14]
	at org.springframework.beans.factory.support.DefaultListableBeanFactory.preInstantiateSingletons(DefaultListableBeanFactory.java:975) ~[spring-beans-6.1.14.jar:6.1.14]
	at org.springframework.context.support.AbstractApplicationContext.finishBeanFactoryInitialization(AbstractApplicationContext.java:971) ~[spring-context-6.1.14.jar:6.1.14]
	at org.springframework.context.support.AbstractApplicationContext.refresh(AbstractApplicationContext.java:625) ~[spring-context-6.1.14.jar:6.1.14]
	at org.springframework.boot.SpringApplication.refresh(SpringApplication.java:754) ~[spring-boot-3.3.5.jar:3.3.5]
	at org.springframework.boot.SpringApplication.refreshContext(SpringApplication.java:456) ~[spring-boot-3.3.5.jar:3.3.5]
	at org.springframework.boot.SpringApplication.run(SpringApplication.java:335) ~[spring-boot-3.3.5.jar:3.3.5]
	at org.springframework.boot.test.context.SpringBootContextLoader.lambda$loadContext$3(SpringBootContextLoader.java:137) ~[spring-boot-test-3.3.5.jar:3.3.5]
	at org.springframework.util.function.ThrowingSupplier.get(ThrowingSupplier.java:58) ~[spring-core-6.1.14.jar:6.1.14]
	at org.springframework.util.function.ThrowingSupplier.get(ThrowingSupplier.java:46) ~[spring-core-6.1.14.jar:6.1.14]
	at org.springframework.boot.SpringApplication.withHook(SpringApplication.java:1463) ~[spring-boot-3.3.5.jar:3.3.5]
	at org.springframework.boot.test.context.SpringBootContextLoader$ContextLoaderHook.run(SpringBootContextLoader.java:553) ~[spring-boot-test-3.3.5.jar:3.3.5]
	at org.springframework.boot.test.context.SpringBootContextLoader.loadContext(SpringBootContextLoader.java:137) ~[spring-boot-test-3.3.5.jar:3.3.5]
	at org.springframework.boot.test.context.SpringBootContextLoader.loadContext(SpringBootContextLoader.java:108) ~[spring-boot-test-3.3.5.jar:3.3.5]
	at org.springframework.test.context.cache.DefaultCacheAwareContextLoaderDelegate.loadContextInternal(DefaultCacheAwareContextLoaderDelegate.java:225) ~[spring-test-6.1.14.jar:6.1.14]
	at org.springframework.test.context.cache.DefaultCacheAwareContextLoaderDelegate.loadContext(DefaultCacheAwareContextLoaderDelegate.java:152) ~[spring-test-6.1.14.jar:6.1.14]
	at org.springframework.test.context.support.DefaultTestContext.getApplicationContext(DefaultTestContext.java:130) ~[spring-test-6.1.14.jar:6.1.14]
	at org.springframework.test.context.web.ServletTestExecutionListener.setUpRequestContextIfNecessary(ServletTestExecutionListener.java:191) ~[spring-test-6.1.14.jar:6.1.14]
	at org.springframework.test.context.web.ServletTestExecutionListener.prepareTestInstance(ServletTestExecutionListener.java:130) ~[spring-test-6.1.14.jar:6.1.14]
	at org.springframework.test.context.TestContextManager.prepareTestInstance(TestContextManager.java:260) ~[spring-test-6.1.14.jar:6.1.14]
	at org.springframework.test.context.junit.jupiter.SpringExtension.postProcessTestInstance(SpringExtension.java:163) ~[spring-test-6.1.14.jar:6.1.14]
	at org.junit.jupiter.engine.descriptor.ClassBasedTestDescriptor.lambda$invokeTestInstancePostProcessors$10(ClassBasedTestDescriptor.java:378) ~[junit-jupiter-engine-5.10.5.jar:5.10.5]
	at org.junit.jupiter.engine.descriptor.ClassBasedTestDescriptor.executeAndMaskThrowable(ClassBasedTestDescriptor.java:383) ~[junit-jupiter-engine-5.10.5.jar:5.10.5]
	at org.junit.jupiter.engine.descriptor.ClassBasedTestDescriptor.lambda$invokeTestInstancePostProcessors$11(ClassBasedTestDescriptor.java:378) ~[junit-jupiter-engine-5.10.5.jar:5.10.5]
	at java.base/java.util.stream.ReferencePipeline$3$1.accept(ReferencePipeline.java:197) ~[na:na]
	at java.base/java.util.stream.ReferencePipeline$2$1.accept(ReferencePipeline.java:179) ~[na:na]
	at java.base/java.util.ArrayList$ArrayListSpliterator.forEachRemaining(ArrayList.java:1708) ~[na:na]
	at java.base/java.util.stream.AbstractPipeline.copyInto(AbstractPipeline.java:509) ~[na:na]
	at java.base/java.util.stream.AbstractPipeline.wrapAndCopyInto(AbstractPipeline.java:499) ~[na:na]
	at java.base/java.util.stream.StreamSpliterators$WrappingSpliterator.forEachRemaining(StreamSpliterators.java:310) ~[na:na]
	at java.base/java.util.stream.Streams$ConcatSpliterator.forEachRemaining(Streams.java:735) ~[na:na]
	at java.base/java.util.stream.Streams$ConcatSpliterator.forEachRemaining(Streams.java:734) ~[na:na]
	at java.base/java.util.stream.ReferencePipeline$Head.forEach(ReferencePipeline.java:762) ~[na:na]
	at org.junit.jupiter.engine.descriptor.ClassBasedTestDescriptor.invokeTestInstancePostProcessors(ClassBasedTestDescriptor.java:377) ~[junit-jupiter-engine-5.10.5.jar:5.10.5]
	at org.junit.jupiter.engine.descriptor.ClassBasedTestDescriptor.lambda$instantiateAndPostProcessTestInstance$6(ClassBasedTestDescriptor.java:290) ~[junit-jupiter-engine-5.10.5.jar:5.10.5]
	at org.junit.platform.engine.support.hierarchical.ThrowableCollector.execute(ThrowableCollector.java:73) ~[junit-platform-engine-1.10.5.jar:1.10.5]
	at org.junit.jupiter.engine.descriptor.ClassBasedTestDescriptor.instantiateAndPostProcessTestInstance(ClassBasedTestDescriptor.java:289) ~[junit-jupiter-engine-5.10.5.jar:5.10.5]
	at org.junit.jupiter.engine.descriptor.ClassBasedTestDescriptor.lambda$testInstancesProvider$4(ClassBasedTestDescriptor.java:279) ~[junit-jupiter-engine-5.10.5.jar:5.10.5]
	at java.base/java.util.Optional.orElseGet(Optional.java:364) ~[na:na]
	at org.junit.jupiter.engine.descriptor.ClassBasedTestDescriptor.lambda$testInstancesProvider$5(ClassBasedTestDescriptor.java:278) ~[junit-jupiter-engine-5.10.5.jar:5.10.5]
	at org.junit.jupiter.engine.execution.TestInstancesProvider.getTestInstances(TestInstancesProvider.java:31) ~[junit-jupiter-engine-5.10.5.jar:5.10.5]
	at org.junit.jupiter.engine.descriptor.TestMethodTestDescriptor.lambda$prepare$0(TestMethodTestDescriptor.java:106) ~[junit-jupiter-engine-5.10.5.jar:5.10.5]
	at org.junit.platform.engine.support.hierarchical.ThrowableCollector.execute(ThrowableCollector.java:73) ~[junit-platform-engine-1.10.5.jar:1.10.5]
	at org.junit.jupiter.engine.descriptor.TestMethodTestDescriptor.prepare(TestMethodTestDescriptor.java:105) ~[junit-jupiter-engine-5.10.5.jar:5.10.5]
	at org.junit.jupiter.engine.descriptor.TestMethodTestDescriptor.prepare(TestMethodTestDescriptor.java:69) ~[junit-jupiter-engine-5.10.5.jar:5.10.5]
	at org.junit.platform.engine.support.hierarchical.NodeTestTask.lambda$prepare$2(NodeTestTask.java:128) ~[junit-platform-engine-1.10.5.jar:1.10.5]
	at org.junit.platform.engine.support.hierarchical.ThrowableCollector.execute(ThrowableCollector.java:73) ~[junit-platform-engine-1.10.5.jar:1.10.5]
	at org.junit.platform.engine.support.hierarchical.NodeTestTask.prepare(NodeTestTask.java:128) ~[junit-platform-engine-1.10.5.jar:1.10.5]
	at org.junit.platform.engine.support.hierarchical.NodeTestTask.execute(NodeTestTask.java:95) ~[junit-platform-engine-1.10.5.jar:1.10.5]
	at java.base/java.util.ArrayList.forEach(ArrayList.java:1596) ~[na:na]
	at org.junit.platform.engine.support.hierarchical.SameThreadHierarchicalTestExecutorService.invokeAll(SameThreadHierarchicalTestExecutorService.java:41) ~[junit-platform-engine-1.10.5.jar:1.10.5]
	at org.junit.platform.engine.support.hierarchical.NodeTestTask.lambda$executeRecursively$6(NodeTestTask.java:160) ~[junit-platform-engine-1.10.5.jar:1.10.5]
	at org.junit.platform.engine.support.hierarchical.ThrowableCollector.execute(ThrowableCollector.java:73) ~[junit-platform-engine-1.10.5.jar:1.10.5]
	at org.junit.platform.engine.support.hierarchical.NodeTestTask.lambda$executeRecursively$8(NodeTestTask.java:146) ~[junit-platform-engine-1.10.5.jar:1.10.5]
	at org.junit.platform.engine.support.hierarchical.Node.around(Node.java:137) ~[junit-platform-engine-1.10.5.jar:1.10.5]
	at org.junit.platform.engine.support.hierarchical.NodeTestTask.lambda$executeRecursively$9(NodeTestTask.java:144) ~[junit-platform-engine-1.10.5.jar:1.10.5]
	at org.junit.platform.engine.support.hierarchical.ThrowableCollector.execute(ThrowableCollector.java:73) ~[junit-platform-engine-1.10.5.jar:1.10.5]
	at org.junit.platform.engine.support.hierarchical.NodeTestTask.executeRecursively(NodeTestTask.java:143) ~[junit-platform-engine-1.10.5.jar:1.10.5]
	at org.junit.platform.engine.support.hierarchical.NodeTestTask.execute(NodeTestTask.java:100) ~[junit-platform-engine-1.10.5.jar:1.10.5]
	at java.base/java.util.ArrayList.forEach(ArrayList.java:1596) ~[na:na]
	at org.junit.platform.engine.support.hierarchical.SameThreadHierarchicalTestExecutorService.invokeAll(SameThreadHierarchicalTestExecutorService.java:41) ~[junit-platform-engine-1.10.5.jar:1.10.5]
	at org.junit.platform.engine.support.hierarchical.NodeTestTask.lambda$executeRecursively$6(NodeTestTask.java:160) ~[junit-platform-engine-1.10.5.jar:1.10.5]
	at org.junit.platform.engine.support.hierarchical.ThrowableCollector.execute(ThrowableCollector.java:73) ~[junit-platform-engine-1.10.5.jar:1.10.5]
	at org.junit.platform.engine.support.hierarchical.NodeTestTask.lambda$executeRecursively$8(NodeTestTask.java:146) ~[junit-platform-engine-1.10.5.jar:1.10.5]
	at org.junit.platform.engine.support.hierarchical.Node.around(Node.java:137) ~[junit-platform-engine-1.10.5.jar:1.10.5]
	at org.junit.platform.engine.support.hierarchical.NodeTestTask.lambda$executeRecursively$9(NodeTestTask.java:144) ~[junit-platform-engine-1.10.5.jar:1.10.5]
	at org.junit.platform.engine.support.hierarchical.ThrowableCollector.execute(ThrowableCollector.java:73) ~[junit-platform-engine-1.10.5.jar:1.10.5]
	at org.junit.platform.engine.support.hierarchical.NodeTestTask.executeRecursively(NodeTestTask.java:143) ~[junit-platform-engine-1.10.5.jar:1.10.5]
	at org.junit.platform.engine.support.hierarchical.NodeTestTask.execute(NodeTestTask.java:100) ~[junit-platform-engine-1.10.5.jar:1.10.5]
	at org.junit.platform.engine.support.hierarchical.SameThreadHierarchicalTestExecutorService.submit(SameThreadHierarchicalTestExecutorService.java:35) ~[junit-platform-engine-1.10.5.jar:1.10.5]
	at org.junit.platform.engine.support.hierarchical.HierarchicalTestExecutor.execute(HierarchicalTestExecutor.java:57) ~[junit-platform-engine-1.10.5.jar:1.10.5]
	at org.junit.platform.engine.support.hierarchical.HierarchicalTestEngine.execute(HierarchicalTestEngine.java:54) ~[junit-platform-engine-1.10.5.jar:1.10.5]
	at org.junit.platform.launcher.core.EngineExecutionOrchestrator.execute(EngineExecutionOrchestrator.java:198) ~[junit-platform-launcher-1.10.5.jar:1.10.5]
	at org.junit.platform.launcher.core.EngineExecutionOrchestrator.execute(EngineExecutionOrchestrator.java:169) ~[junit-platform-launcher-1.10.5.jar:1.10.5]
	at org.junit.platform.launcher.core.EngineExecutionOrchestrator.execute(EngineExecutionOrchestrator.java:93) ~[junit-platform-launcher-1.10.5.jar:1.10.5]
	at org.junit.platform.launcher.core.EngineExecutionOrchestrator.lambda$execute$0(EngineExecutionOrchestrator.java:58) ~[junit-platform-launcher-1.10.5.jar:1.10.5]
	at org.junit.platform.launcher.core.EngineExecutionOrchestrator.withInterceptedStreams(EngineExecutionOrchestrator.java:141) ~[junit-platform-launcher-1.10.5.jar:1.10.5]
	at org.junit.platform.launcher.core.EngineExecutionOrchestrator.execute(EngineExecutionOrchestrator.java:57) ~[junit-platform-launcher-1.10.5.jar:1.10.5]
	at org.junit.platform.launcher.core.DefaultLauncher.execute(DefaultLauncher.java:103) ~[junit-platform-launcher-1.10.5.jar:1.10.5]
	at org.junit.platform.launcher.core.DefaultLauncher.execute(DefaultLauncher.java:85) ~[junit-platform-launcher-1.10.5.jar:1.10.5]
	at org.junit.platform.launcher.core.DelegatingLauncher.execute(DelegatingLauncher.java:47) ~[junit-platform-launcher-1.10.5.jar:1.10.5]
	at org.apache.maven.surefire.junitplatform.LazyLauncher.execute(LazyLauncher.java:56) ~[surefire-junit-platform-3.2.5.jar:3.2.5]
	at org.apache.maven.surefire.junitplatform.JUnitPlatformProvider.execute(JUnitPlatformProvider.java:184) ~[surefire-junit-platform-3.2.5.jar:3.2.5]
	at org.apache.maven.surefire.junitplatform.JUnitPlatformProvider.invokeAllTests(JUnitPlatformProvider.java:148) ~[surefire-junit-platform-3.2.5.jar:3.2.5]
	at org.apache.maven.surefire.junitplatform.JUnitPlatformProvider.invoke(JUnitPlatformProvider.java:122) ~[surefire-junit-platform-3.2.5.jar:3.2.5]
	at org.apache.maven.surefire.booter.ForkedBooter.runSuitesInProcess(ForkedBooter.java:385) ~[surefire-booter-3.2.5.jar:3.2.5]
	at org.apache.maven.surefire.booter.ForkedBooter.execute(ForkedBooter.java:162) ~[surefire-booter-3.2.5.jar:3.2.5]
	at org.apache.maven.surefire.booter.ForkedBooter.run(ForkedBooter.java:507) ~[surefire-booter-3.2.5.jar:3.2.5]
	at org.apache.maven.surefire.booter.ForkedBooter.main(ForkedBooter.java:495) ~[surefire-booter-3.2.5.jar:3.2.5]

2024-11-14T11:01:49.501+05:30 DEBUG 12858 --- [BlogsBackend] [           main] jakarta.activation                       : MimetypesFileTypeMap: load SYS
2024-11-14T11:01:49.502+05:30 DEBUG 12858 --- [BlogsBackend] [           main] jakarta.activation                       : Checking system property jakarta.activation.spi.MimeTypeRegistryProvider
2024-11-14T11:01:49.502+05:30 DEBUG 12858 --- [BlogsBackend] [           main] jakarta.activation                       :   not found
2024-11-14T11:01:49.502+05:30 DEBUG 12858 --- [BlogsBackend] [           main] jakarta.activation                       : Using java.util.ServiceLoader to find jakarta.activation.spi.MimeTypeRegistryProvider
2024-11-14T11:01:49.503+05:30 DEBUG 12858 --- [BlogsBackend] [           main] jakarta.activation                       : ServiceProvider loading Facility used; returning object [org.eclipse.angus.activation.MimeTypeRegistryProviderImpl]
2024-11-14T11:01:49.503+05:30 DEBUG 12858 --- [BlogsBackend] [           main] jakarta.activation                       : MimeTypeRegistry: can't load from file - /usr/lib/jvm/jdk-21-oracle-x64/conf/mime.types

java.io.FileNotFoundException: /usr/lib/jvm/jdk-21-oracle-x64/conf/mime.types (No such file or directory)
	at java.base/java.io.FileInputStream.open0(Native Method) ~[na:na]
	at java.base/java.io.FileInputStream.open(FileInputStream.java:213) ~[na:na]
	at java.base/java.io.FileInputStream.<init>(FileInputStream.java:152) ~[na:na]
	at java.base/java.io.FileReader.<init>(FileReader.java:75) ~[na:na]
	at org.eclipse.angus.activation.MimeTypeFile.<init>(MimeTypeFile.java:47) ~[angus-activation-2.0.2.jar:na]
	at org.eclipse.angus.activation.MimeTypeRegistryProviderImpl.getByFileName(MimeTypeRegistryProviderImpl.java:28) ~[angus-activation-2.0.2.jar:na]
	at jakarta.activation.MimetypesFileTypeMap.loadFile(MimetypesFileTypeMap.java:263) ~[jakarta.activation-api-2.1.3.jar:na]
	at jakarta.activation.MimetypesFileTypeMap.<init>(MimetypesFileTypeMap.java:120) ~[jakarta.activation-api-2.1.3.jar:na]
	at jakarta.activation.MimetypesFileTypeMap.<init>(MimetypesFileTypeMap.java:305) ~[jakarta.activation-api-2.1.3.jar:na]
	at org.springframework.mail.javamail.ConfigurableMimeFileTypeMap.createFileTypeMap(ConfigurableMimeFileTypeMap.java:150) ~[spring-context-support-6.1.14.jar:6.1.14]
	at org.springframework.mail.javamail.ConfigurableMimeFileTypeMap.getFileTypeMap(ConfigurableMimeFileTypeMap.java:123) ~[spring-context-support-6.1.14.jar:6.1.14]
	at org.springframework.mail.javamail.ConfigurableMimeFileTypeMap.afterPropertiesSet(ConfigurableMimeFileTypeMap.java:110) ~[spring-context-support-6.1.14.jar:6.1.14]
	at org.springframework.mail.javamail.JavaMailSenderImpl.<init>(JavaMailSenderImpl.java:114) ~[spring-context-support-6.1.14.jar:6.1.14]
	at org.springframework.boot.autoconfigure.mail.MailSenderPropertiesConfiguration.mailSender(MailSenderPropertiesConfiguration.java:44) ~[spring-boot-autoconfigure-3.3.5.jar:3.3.5]
	at java.base/jdk.internal.reflect.DirectMethodHandleAccessor.invoke(DirectMethodHandleAccessor.java:103) ~[na:na]
	at java.base/java.lang.reflect.Method.invoke(Method.java:580) ~[na:na]
	at org.springframework.beans.factory.support.SimpleInstantiationStrategy.instantiate(SimpleInstantiationStrategy.java:146) ~[spring-beans-6.1.14.jar:6.1.14]
	at org.springframework.beans.factory.support.ConstructorResolver.instantiate(ConstructorResolver.java:644) ~[spring-beans-6.1.14.jar:6.1.14]
	at org.springframework.beans.factory.support.ConstructorResolver.instantiateUsingFactoryMethod(ConstructorResolver.java:636) ~[spring-beans-6.1.14.jar:6.1.14]
	at org.springframework.beans.factory.support.AbstractAutowireCapableBeanFactory.instantiateUsingFactoryMethod(AbstractAutowireCapableBeanFactory.java:1355) ~[spring-beans-6.1.14.jar:6.1.14]
	at org.springframework.beans.factory.support.AbstractAutowireCapableBeanFactory.createBeanInstance(AbstractAutowireCapableBeanFactory.java:1185) ~[spring-beans-6.1.14.jar:6.1.14]
	at org.springframework.beans.factory.support.AbstractAutowireCapableBeanFactory.doCreateBean(AbstractAutowireCapableBeanFactory.java:562) ~[spring-beans-6.1.14.jar:6.1.14]
	at org.springframework.beans.factory.support.AbstractAutowireCapableBeanFactory.createBean(AbstractAutowireCapableBeanFactory.java:522) ~[spring-beans-6.1.14.jar:6.1.14]
	at org.springframework.beans.factory.support.AbstractBeanFactory.lambda$doGetBean$0(AbstractBeanFactory.java:337) ~[spring-beans-6.1.14.jar:6.1.14]
	at org.springframework.beans.factory.support.DefaultSingletonBeanRegistry.getSingleton(DefaultSingletonBeanRegistry.java:234) ~[spring-beans-6.1.14.jar:6.1.14]
	at org.springframework.beans.factory.support.AbstractBeanFactory.doGetBean(AbstractBeanFactory.java:335) ~[spring-beans-6.1.14.jar:6.1.14]
	at org.springframework.beans.factory.support.AbstractBeanFactory.getBean(AbstractBeanFactory.java:200) ~[spring-beans-6.1.14.jar:6.1.14]
	at org.springframework.beans.factory.support.DefaultListableBeanFactory.preInstantiateSingletons(DefaultListableBeanFactory.java:975) ~[spring-beans-6.1.14.jar:6.1.14]
	at org.springframework.context.support.AbstractApplicationContext.finishBeanFactoryInitialization(AbstractApplicationContext.java:971) ~[spring-context-6.1.14.jar:6.1.14]
	at org.springframework.context.support.AbstractApplicationContext.refresh(AbstractApplicationContext.java:625) ~[spring-context-6.1.14.jar:6.1.14]
	at org.springframework.boot.SpringApplication.refresh(SpringApplication.java:754) ~[spring-boot-3.3.5.jar:3.3.5]
	at org.springframework.boot.SpringApplication.refreshContext(SpringApplication.java:456) ~[spring-boot-3.3.5.jar:3.3.5]
	at org.springframework.boot.SpringApplication.run(SpringApplication.java:335) ~[spring-boot-3.3.5.jar:3.3.5]
	at org.springframework.boot.test.context.SpringBootContextLoader.lambda$loadContext$3(SpringBootContextLoader.java:137) ~[spring-boot-test-3.3.5.jar:3.3.5]
	at org.springframework.util.function.ThrowingSupplier.get(ThrowingSupplier.java:58) ~[spring-core-6.1.14.jar:6.1.14]
	at org.springframework.util.function.ThrowingSupplier.get(ThrowingSupplier.java:46) ~[spring-core-6.1.14.jar:6.1.14]
	at org.springframework.boot.SpringApplication.withHook(SpringApplication.java:1463) ~[spring-boot-3.3.5.jar:3.3.5]
	at org.springframework.boot.test.context.SpringBootContextLoader$ContextLoaderHook.run(SpringBootContextLoader.java:553) ~[spring-boot-test-3.3.5.jar:3.3.5]
	at org.springframework.boot.test.context.SpringBootContextLoader.loadContext(SpringBootContextLoader.java:137) ~[spring-boot-test-3.3.5.jar:3.3.5]
	at org.springframework.boot.test.context.SpringBootContextLoader.loadContext(SpringBootContextLoader.java:108) ~[spring-boot-test-3.3.5.jar:3.3.5]
	at org.springframework.test.context.cache.DefaultCacheAwareContextLoaderDelegate.loadContextInternal(DefaultCacheAwareContextLoaderDelegate.java:225) ~[spring-test-6.1.14.jar:6.1.14]
	at org.springframework.test.context.cache.DefaultCacheAwareContextLoaderDelegate.loadContext(DefaultCacheAwareContextLoaderDelegate.java:152) ~[spring-test-6.1.14.jar:6.1.14]
	at org.springframework.test.context.support.DefaultTestContext.getApplicationContext(DefaultTestContext.java:130) ~[spring-test-6.1.14.jar:6.1.14]
	at org.springframework.test.context.web.ServletTestExecutionListener.setUpRequestContextIfNecessary(ServletTestExecutionListener.java:191) ~[spring-test-6.1.14.jar:6.1.14]
	at org.springframework.test.context.web.ServletTestExecutionListener.prepareTestInstance(ServletTestExecutionListener.java:130) ~[spring-test-6.1.14.jar:6.1.14]
	at org.springframework.test.context.TestContextManager.prepareTestInstance(TestContextManager.java:260) ~[spring-test-6.1.14.jar:6.1.14]
	at org.springframework.test.context.junit.jupiter.SpringExtension.postProcessTestInstance(SpringExtension.java:163) ~[spring-test-6.1.14.jar:6.1.14]
	at org.junit.jupiter.engine.descriptor.ClassBasedTestDescriptor.lambda$invokeTestInstancePostProcessors$10(ClassBasedTestDescriptor.java:378) ~[junit-jupiter-engine-5.10.5.jar:5.10.5]
	at org.junit.jupiter.engine.descriptor.ClassBasedTestDescriptor.executeAndMaskThrowable(ClassBasedTestDescriptor.java:383) ~[junit-jupiter-engine-5.10.5.jar:5.10.5]
	at org.junit.jupiter.engine.descriptor.ClassBasedTestDescriptor.lambda$invokeTestInstancePostProcessors$11(ClassBasedTestDescriptor.java:378) ~[junit-jupiter-engine-5.10.5.jar:5.10.5]
	at java.base/java.util.stream.ReferencePipeline$3$1.accept(ReferencePipeline.java:197) ~[na:na]
	at java.base/java.util.stream.ReferencePipeline$2$1.accept(ReferencePipeline.java:179) ~[na:na]
	at java.base/java.util.ArrayList$ArrayListSpliterator.forEachRemaining(ArrayList.java:1708) ~[na:na]
	at java.base/java.util.stream.AbstractPipeline.copyInto(AbstractPipeline.java:509) ~[na:na]
	at java.base/java.util.stream.AbstractPipeline.wrapAndCopyInto(AbstractPipeline.java:499) ~[na:na]
	at java.base/java.util.stream.StreamSpliterators$WrappingSpliterator.forEachRemaining(StreamSpliterators.java:310) ~[na:na]
	at java.base/java.util.stream.Streams$ConcatSpliterator.forEachRemaining(Streams.java:735) ~[na:na]
	at java.base/java.util.stream.Streams$ConcatSpliterator.forEachRemaining(Streams.java:734) ~[na:na]
	at java.base/java.util.stream.ReferencePipeline$Head.forEach(ReferencePipeline.java:762) ~[na:na]
	at org.junit.jupiter.engine.descriptor.ClassBasedTestDescriptor.invokeTestInstancePostProcessors(ClassBasedTestDescriptor.java:377) ~[junit-jupiter-engine-5.10.5.jar:5.10.5]
	at org.junit.jupiter.engine.descriptor.ClassBasedTestDescriptor.lambda$instantiateAndPostProcessTestInstance$6(ClassBasedTestDescriptor.java:290) ~[junit-jupiter-engine-5.10.5.jar:5.10.5]
	at org.junit.platform.engine.support.hierarchical.ThrowableCollector.execute(ThrowableCollector.java:73) ~[junit-platform-engine-1.10.5.jar:1.10.5]
	at org.junit.jupiter.engine.descriptor.ClassBasedTestDescriptor.instantiateAndPostProcessTestInstance(ClassBasedTestDescriptor.java:289) ~[junit-jupiter-engine-5.10.5.jar:5.10.5]
	at org.junit.jupiter.engine.descriptor.ClassBasedTestDescriptor.lambda$testInstancesProvider$4(ClassBasedTestDescriptor.java:279) ~[junit-jupiter-engine-5.10.5.jar:5.10.5]
	at java.base/java.util.Optional.orElseGet(Optional.java:364) ~[na:na]
	at org.junit.jupiter.engine.descriptor.ClassBasedTestDescriptor.lambda$testInstancesProvider$5(ClassBasedTestDescriptor.java:278) ~[junit-jupiter-engine-5.10.5.jar:5.10.5]
	at org.junit.jupiter.engine.execution.TestInstancesProvider.getTestInstances(TestInstancesProvider.java:31) ~[junit-jupiter-engine-5.10.5.jar:5.10.5]
	at org.junit.jupiter.engine.descriptor.TestMethodTestDescriptor.lambda$prepare$0(TestMethodTestDescriptor.java:106) ~[junit-jupiter-engine-5.10.5.jar:5.10.5]
	at org.junit.platform.engine.support.hierarchical.ThrowableCollector.execute(ThrowableCollector.java:73) ~[junit-platform-engine-1.10.5.jar:1.10.5]
	at org.junit.jupiter.engine.descriptor.TestMethodTestDescriptor.prepare(TestMethodTestDescriptor.java:105) ~[junit-jupiter-engine-5.10.5.jar:5.10.5]
	at org.junit.jupiter.engine.descriptor.TestMethodTestDescriptor.prepare(TestMethodTestDescriptor.java:69) ~[junit-jupiter-engine-5.10.5.jar:5.10.5]
	at org.junit.platform.engine.support.hierarchical.NodeTestTask.lambda$prepare$2(NodeTestTask.java:128) ~[junit-platform-engine-1.10.5.jar:1.10.5]
	at org.junit.platform.engine.support.hierarchical.ThrowableCollector.execute(ThrowableCollector.java:73) ~[junit-platform-engine-1.10.5.jar:1.10.5]
	at org.junit.platform.engine.support.hierarchical.NodeTestTask.prepare(NodeTestTask.java:128) ~[junit-platform-engine-1.10.5.jar:1.10.5]
	at org.junit.platform.engine.support.hierarchical.NodeTestTask.execute(NodeTestTask.java:95) ~[junit-platform-engine-1.10.5.jar:1.10.5]
	at java.base/java.util.ArrayList.forEach(ArrayList.java:1596) ~[na:na]
	at org.junit.platform.engine.support.hierarchical.SameThreadHierarchicalTestExecutorService.invokeAll(SameThreadHierarchicalTestExecutorService.java:41) ~[junit-platform-engine-1.10.5.jar:1.10.5]
	at org.junit.platform.engine.support.hierarchical.NodeTestTask.lambda$executeRecursively$6(NodeTestTask.java:160) ~[junit-platform-engine-1.10.5.jar:1.10.5]
	at org.junit.platform.engine.support.hierarchical.ThrowableCollector.execute(ThrowableCollector.java:73) ~[junit-platform-engine-1.10.5.jar:1.10.5]
	at org.junit.platform.engine.support.hierarchical.NodeTestTask.lambda$executeRecursively$8(NodeTestTask.java:146) ~[junit-platform-engine-1.10.5.jar:1.10.5]
	at org.junit.platform.engine.support.hierarchical.Node.around(Node.java:137) ~[junit-platform-engine-1.10.5.jar:1.10.5]
	at org.junit.platform.engine.support.hierarchical.NodeTestTask.lambda$executeRecursively$9(NodeTestTask.java:144) ~[junit-platform-engine-1.10.5.jar:1.10.5]
	at org.junit.platform.engine.support.hierarchical.ThrowableCollector.execute(ThrowableCollector.java:73) ~[junit-platform-engine-1.10.5.jar:1.10.5]
	at org.junit.platform.engine.support.hierarchical.NodeTestTask.executeRecursively(NodeTestTask.java:143) ~[junit-platform-engine-1.10.5.jar:1.10.5]
	at org.junit.platform.engine.support.hierarchical.NodeTestTask.execute(NodeTestTask.java:100) ~[junit-platform-engine-1.10.5.jar:1.10.5]
	at java.base/java.util.ArrayList.forEach(ArrayList.java:1596) ~[na:na]
	at org.junit.platform.engine.support.hierarchical.SameThreadHierarchicalTestExecutorService.invokeAll(SameThreadHierarchicalTestExecutorService.java:41) ~[junit-platform-engine-1.10.5.jar:1.10.5]
	at org.junit.platform.engine.support.hierarchical.NodeTestTask.lambda$executeRecursively$6(NodeTestTask.java:160) ~[junit-platform-engine-1.10.5.jar:1.10.5]
	at org.junit.platform.engine.support.hierarchical.ThrowableCollector.execute(ThrowableCollector.java:73) ~[junit-platform-engine-1.10.5.jar:1.10.5]
	at org.junit.platform.engine.support.hierarchical.NodeTestTask.lambda$executeRecursively$8(NodeTestTask.java:146) ~[junit-platform-engine-1.10.5.jar:1.10.5]
	at org.junit.platform.engine.support.hierarchical.Node.around(Node.java:137) ~[junit-platform-engine-1.10.5.jar:1.10.5]
	at org.junit.platform.engine.support.hierarchical.NodeTestTask.lambda$executeRecursively$9(NodeTestTask.java:144) ~[junit-platform-engine-1.10.5.jar:1.10.5]
	at org.junit.platform.engine.support.hierarchical.ThrowableCollector.execute(ThrowableCollector.java:73) ~[junit-platform-engine-1.10.5.jar:1.10.5]
	at org.junit.platform.engine.support.hierarchical.NodeTestTask.executeRecursively(NodeTestTask.java:143) ~[junit-platform-engine-1.10.5.jar:1.10.5]
	at org.junit.platform.engine.support.hierarchical.NodeTestTask.execute(NodeTestTask.java:100) ~[junit-platform-engine-1.10.5.jar:1.10.5]
	at org.junit.platform.engine.support.hierarchical.SameThreadHierarchicalTestExecutorService.submit(SameThreadHierarchicalTestExecutorService.java:35) ~[junit-platform-engine-1.10.5.jar:1.10.5]
	at org.junit.platform.engine.support.hierarchical.HierarchicalTestExecutor.execute(HierarchicalTestExecutor.java:57) ~[junit-platform-engine-1.10.5.jar:1.10.5]
	at org.junit.platform.engine.support.hierarchical.HierarchicalTestEngine.execute(HierarchicalTestEngine.java:54) ~[junit-platform-engine-1.10.5.jar:1.10.5]
	at org.junit.platform.launcher.core.EngineExecutionOrchestrator.execute(EngineExecutionOrchestrator.java:198) ~[junit-platform-launcher-1.10.5.jar:1.10.5]
	at org.junit.platform.launcher.core.EngineExecutionOrchestrator.execute(EngineExecutionOrchestrator.java:169) ~[junit-platform-launcher-1.10.5.jar:1.10.5]
	at org.junit.platform.launcher.core.EngineExecutionOrchestrator.execute(EngineExecutionOrchestrator.java:93) ~[junit-platform-launcher-1.10.5.jar:1.10.5]
	at org.junit.platform.launcher.core.EngineExecutionOrchestrator.lambda$execute$0(EngineExecutionOrchestrator.java:58) ~[junit-platform-launcher-1.10.5.jar:1.10.5]
	at org.junit.platform.launcher.core.EngineExecutionOrchestrator.withInterceptedStreams(EngineExecutionOrchestrator.java:141) ~[junit-platform-launcher-1.10.5.jar:1.10.5]
	at org.junit.platform.launcher.core.EngineExecutionOrchestrator.execute(EngineExecutionOrchestrator.java:57) ~[junit-platform-launcher-1.10.5.jar:1.10.5]
	at org.junit.platform.launcher.core.DefaultLauncher.execute(DefaultLauncher.java:103) ~[junit-platform-launcher-1.10.5.jar:1.10.5]
	at org.junit.platform.launcher.core.DefaultLauncher.execute(DefaultLauncher.java:85) ~[junit-platform-launcher-1.10.5.jar:1.10.5]
	at org.junit.platform.launcher.core.DelegatingLauncher.execute(DelegatingLauncher.java:47) ~[junit-platform-launcher-1.10.5.jar:1.10.5]
	at org.apache.maven.surefire.junitplatform.LazyLauncher.execute(LazyLauncher.java:56) ~[surefire-junit-platform-3.2.5.jar:3.2.5]
	at org.apache.maven.surefire.junitplatform.JUnitPlatformProvider.execute(JUnitPlatformProvider.java:184) ~[surefire-junit-platform-3.2.5.jar:3.2.5]
	at org.apache.maven.surefire.junitplatform.JUnitPlatformProvider.invokeAllTests(JUnitPlatformProvider.java:148) ~[surefire-junit-platform-3.2.5.jar:3.2.5]
	at org.apache.maven.surefire.junitplatform.JUnitPlatformProvider.invoke(JUnitPlatformProvider.java:122) ~[surefire-junit-platform-3.2.5.jar:3.2.5]
	at org.apache.maven.surefire.booter.ForkedBooter.runSuitesInProcess(ForkedBooter.java:385) ~[surefire-booter-3.2.5.jar:3.2.5]
	at org.apache.maven.surefire.booter.ForkedBooter.execute(ForkedBooter.java:162) ~[surefire-booter-3.2.5.jar:3.2.5]
	at org.apache.maven.surefire.booter.ForkedBooter.run(ForkedBooter.java:507) ~[surefire-booter-3.2.5.jar:3.2.5]
	at org.apache.maven.surefire.booter.ForkedBooter.main(ForkedBooter.java:495) ~[surefire-booter-3.2.5.jar:3.2.5]

2024-11-14T11:01:49.505+05:30 DEBUG 12858 --- [BlogsBackend] [           main] jakarta.activation                       : MimetypesFileTypeMap: load JAR
2024-11-14T11:01:49.508+05:30 DEBUG 12858 --- [BlogsBackend] [           main] jakarta.activation                       : MimetypesFileTypeMap: !anyLoaded
2024-11-14T11:01:49.509+05:30 DEBUG 12858 --- [BlogsBackend] [           main] jakarta.activation                       : MimetypesFileTypeMap: not loading mime types file: /META-INF/mime.types
2024-11-14T11:01:49.509+05:30 DEBUG 12858 --- [BlogsBackend] [           main] jakarta.activation                       : MimetypesFileTypeMap: load DEF
2024-11-14T11:01:49.510+05:30 DEBUG 12858 --- [BlogsBackend] [           main] jakarta.activation                       : Checking system property jakarta.activation.spi.MimeTypeRegistryProvider
2024-11-14T11:01:49.510+05:30 DEBUG 12858 --- [BlogsBackend] [           main] jakarta.activation                       :   not found
2024-11-14T11:01:49.510+05:30 DEBUG 12858 --- [BlogsBackend] [           main] jakarta.activation                       : Using java.util.ServiceLoader to find jakarta.activation.spi.MimeTypeRegistryProvider
2024-11-14T11:01:49.511+05:30 DEBUG 12858 --- [BlogsBackend] [           main] jakarta.activation                       : ServiceProvider loading Facility used; returning object [org.eclipse.angus.activation.MimeTypeRegistryProviderImpl]
2024-11-14T11:01:49.512+05:30 DEBUG 12858 --- [BlogsBackend] [           main] angus.activation                         : Added: MIMETypeEntry: text/html, html
2024-11-14T11:01:49.512+05:30 DEBUG 12858 --- [BlogsBackend] [           main] angus.activation                         : Added: MIMETypeEntry: text/html, htm
2024-11-14T11:01:49.512+05:30 DEBUG 12858 --- [BlogsBackend] [           main] angus.activation                         : Added: MIMETypeEntry: text/html, HTML
2024-11-14T11:01:49.512+05:30 DEBUG 12858 --- [BlogsBackend] [           main] angus.activation                         : Added: MIMETypeEntry: text/html, HTM
2024-11-14T11:01:49.512+05:30 DEBUG 12858 --- [BlogsBackend] [           main] angus.activation                         : Added: MIMETypeEntry: text/plain, txt
2024-11-14T11:01:49.512+05:30 DEBUG 12858 --- [BlogsBackend] [           main] angus.activation                         : Added: MIMETypeEntry: text/plain, text
2024-11-14T11:01:49.513+05:30 DEBUG 12858 --- [BlogsBackend] [           main] angus.activation                         : Added: MIMETypeEntry: text/plain, TXT
2024-11-14T11:01:49.513+05:30 DEBUG 12858 --- [BlogsBackend] [           main] angus.activation                         : Added: MIMETypeEntry: text/plain, TEXT
2024-11-14T11:01:49.513+05:30 DEBUG 12858 --- [BlogsBackend] [           main] angus.activation                         : Added: MIMETypeEntry: image/gif, gif
2024-11-14T11:01:49.513+05:30 DEBUG 12858 --- [BlogsBackend] [           main] angus.activation                         : Added: MIMETypeEntry: image/gif, GIF
2024-11-14T11:01:49.513+05:30 DEBUG 12858 --- [BlogsBackend] [           main] angus.activation                         : Added: MIMETypeEntry: image/ief, ief
2024-11-14T11:01:49.513+05:30 DEBUG 12858 --- [BlogsBackend] [           main] angus.activation                         : Added: MIMETypeEntry: image/jpeg, jpeg
2024-11-14T11:01:49.513+05:30 DEBUG 12858 --- [BlogsBackend] [           main] angus.activation                         : Added: MIMETypeEntry: image/jpeg, jpg
2024-11-14T11:01:49.513+05:30 DEBUG 12858 --- [BlogsBackend] [           main] angus.activation                         : Added: MIMETypeEntry: image/jpeg, jpe
2024-11-14T11:01:49.513+05:30 DEBUG 12858 --- [BlogsBackend] [           main] angus.activation                         : Added: MIMETypeEntry: image/jpeg, JPG
2024-11-14T11:01:49.513+05:30 DEBUG 12858 --- [BlogsBackend] [           main] angus.activation                         : Added: MIMETypeEntry: image/tiff, tiff
2024-11-14T11:01:49.513+05:30 DEBUG 12858 --- [BlogsBackend] [           main] angus.activation                         : Added: MIMETypeEntry: image/tiff, tif
2024-11-14T11:01:49.513+05:30 DEBUG 12858 --- [BlogsBackend] [           main] angus.activation                         : Added: MIMETypeEntry: image/png, png
2024-11-14T11:01:49.513+05:30 DEBUG 12858 --- [BlogsBackend] [           main] angus.activation                         : Added: MIMETypeEntry: image/png, PNG
2024-11-14T11:01:49.514+05:30 DEBUG 12858 --- [BlogsBackend] [           main] angus.activation                         : Added: MIMETypeEntry: image/x-xwindowdump, xwd
2024-11-14T11:01:49.514+05:30 DEBUG 12858 --- [BlogsBackend] [           main] angus.activation                         : Added: MIMETypeEntry: application/postscript, ai
2024-11-14T11:01:49.514+05:30 DEBUG 12858 --- [BlogsBackend] [           main] angus.activation                         : Added: MIMETypeEntry: application/postscript, eps
2024-11-14T11:01:49.514+05:30 DEBUG 12858 --- [BlogsBackend] [           main] angus.activation                         : Added: MIMETypeEntry: application/postscript, ps
2024-11-14T11:01:49.514+05:30 DEBUG 12858 --- [BlogsBackend] [           main] angus.activation                         : Added: MIMETypeEntry: application/rtf, rtf
2024-11-14T11:01:49.514+05:30 DEBUG 12858 --- [BlogsBackend] [           main] angus.activation                         : Added: MIMETypeEntry: application/x-tex, tex
2024-11-14T11:01:49.514+05:30 DEBUG 12858 --- [BlogsBackend] [           main] angus.activation                         : Added: MIMETypeEntry: application/x-texinfo, texinfo
2024-11-14T11:01:49.514+05:30 DEBUG 12858 --- [BlogsBackend] [           main] angus.activation                         : Added: MIMETypeEntry: application/x-texinfo, texi
2024-11-14T11:01:49.514+05:30 DEBUG 12858 --- [BlogsBackend] [           main] angus.activation                         : Added: MIMETypeEntry: application/x-troff, t
2024-11-14T11:01:49.514+05:30 DEBUG 12858 --- [BlogsBackend] [           main] angus.activation                         : Added: MIMETypeEntry: application/x-troff, tr
2024-11-14T11:01:49.514+05:30 DEBUG 12858 --- [BlogsBackend] [           main] angus.activation                         : Added: MIMETypeEntry: application/x-troff, roff
2024-11-14T11:01:49.514+05:30 DEBUG 12858 --- [BlogsBackend] [           main] angus.activation                         : Added: MIMETypeEntry: audio/basic, au
2024-11-14T11:01:49.514+05:30 DEBUG 12858 --- [BlogsBackend] [           main] angus.activation                         : Added: MIMETypeEntry: audio/midi, midi
2024-11-14T11:01:49.514+05:30 DEBUG 12858 --- [BlogsBackend] [           main] angus.activation                         : Added: MIMETypeEntry: audio/midi, mid
2024-11-14T11:01:49.515+05:30 DEBUG 12858 --- [BlogsBackend] [           main] angus.activation                         : Added: MIMETypeEntry: audio/x-aifc, aifc
2024-11-14T11:01:49.515+05:30 DEBUG 12858 --- [BlogsBackend] [           main] angus.activation                         : Added: MIMETypeEntry: audio/x-aiff, aif
2024-11-14T11:01:49.515+05:30 DEBUG 12858 --- [BlogsBackend] [           main] angus.activation                         : Added: MIMETypeEntry: audio/x-aiff, aiff
2024-11-14T11:01:49.515+05:30 DEBUG 12858 --- [BlogsBackend] [           main] angus.activation                         : Added: MIMETypeEntry: audio/x-mpeg, mpeg
2024-11-14T11:01:49.515+05:30 DEBUG 12858 --- [BlogsBackend] [           main] angus.activation                         : Added: MIMETypeEntry: audio/x-mpeg, mpg
2024-11-14T11:01:49.515+05:30 DEBUG 12858 --- [BlogsBackend] [           main] angus.activation                         : Added: MIMETypeEntry: audio/x-wav, wav
2024-11-14T11:01:49.515+05:30 DEBUG 12858 --- [BlogsBackend] [           main] angus.activation                         : Added: MIMETypeEntry: video/mpeg, mpeg
2024-11-14T11:01:49.515+05:30 DEBUG 12858 --- [BlogsBackend] [           main] angus.activation                         : Added: MIMETypeEntry: video/mpeg, mpg
2024-11-14T11:01:49.515+05:30 DEBUG 12858 --- [BlogsBackend] [           main] angus.activation                         : Added: MIMETypeEntry: video/mpeg, mpe
2024-11-14T11:01:49.515+05:30 DEBUG 12858 --- [BlogsBackend] [           main] angus.activation                         : Added: MIMETypeEntry: video/quicktime, qt
2024-11-14T11:01:49.515+05:30 DEBUG 12858 --- [BlogsBackend] [           main] angus.activation                         : Added: MIMETypeEntry: video/quicktime, mov
2024-11-14T11:01:49.515+05:30 DEBUG 12858 --- [BlogsBackend] [           main] angus.activation                         : Added: MIMETypeEntry: video/x-msvideo, avi
2024-11-14T11:01:49.515+05:30 DEBUG 12858 --- [BlogsBackend] [           main] jakarta.activation                       : MimetypesFileTypeMap: successfully loaded mime types file: /META-INF/mimetypes.default
2024-11-14T11:01:49.516+05:30 DEBUG 12858 --- [BlogsBackend] [           main] jakarta.activation                       : Checking system property jakarta.activation.spi.MimeTypeRegistryProvider
2024-11-14T11:01:49.516+05:30 DEBUG 12858 --- [BlogsBackend] [           main] jakarta.activation                       :   not found
2024-11-14T11:01:49.516+05:30 DEBUG 12858 --- [BlogsBackend] [           main] jakarta.activation                       : Using java.util.ServiceLoader to find jakarta.activation.spi.MimeTypeRegistryProvider
2024-11-14T11:01:49.517+05:30 DEBUG 12858 --- [BlogsBackend] [           main] jakarta.activation                       : ServiceProvider loading Facility used; returning object [org.eclipse.angus.activation.MimeTypeRegistryProviderImpl]
2024-11-14T11:01:49.518+05:30 DEBUG 12858 --- [BlogsBackend] [           main] angus.activation                         : Added: MIMETypeEntry: text/html, html
2024-11-14T11:01:49.518+05:30 DEBUG 12858 --- [BlogsBackend] [           main] angus.activation                         : Added: MIMETypeEntry: text/html, htm
2024-11-14T11:01:49.518+05:30 DEBUG 12858 --- [BlogsBackend] [           main] angus.activation                         : Added: MIMETypeEntry: text/html, HTML
2024-11-14T11:01:49.518+05:30 DEBUG 12858 --- [BlogsBackend] [           main] angus.activation                         : Added: MIMETypeEntry: text/html, HTM
2024-11-14T11:01:49.518+05:30 DEBUG 12858 --- [BlogsBackend] [           main] angus.activation                         : Added: MIMETypeEntry: text/plain, txt
2024-11-14T11:01:49.518+05:30 DEBUG 12858 --- [BlogsBackend] [           main] angus.activation                         : Added: MIMETypeEntry: text/plain, text
2024-11-14T11:01:49.518+05:30 DEBUG 12858 --- [BlogsBackend] [           main] angus.activation                         : Added: MIMETypeEntry: text/plain, TXT
2024-11-14T11:01:49.518+05:30 DEBUG 12858 --- [BlogsBackend] [           main] angus.activation                         : Added: MIMETypeEntry: text/plain, TEXT
2024-11-14T11:01:49.519+05:30 DEBUG 12858 --- [BlogsBackend] [           main] angus.activation                         : Added: MIMETypeEntry: text/plain, java
2024-11-14T11:01:49.519+05:30 DEBUG 12858 --- [BlogsBackend] [           main] angus.activation                         : Added: MIMETypeEntry: text/plain, c
2024-11-14T11:01:49.519+05:30 DEBUG 12858 --- [BlogsBackend] [           main] angus.activation                         : Added: MIMETypeEntry: text/plain, c++
2024-11-14T11:01:49.519+05:30 DEBUG 12858 --- [BlogsBackend] [           main] angus.activation                         : Added: MIMETypeEntry: text/plain, cpp
2024-11-14T11:01:49.519+05:30 DEBUG 12858 --- [BlogsBackend] [           main] angus.activation                         : Added: MIMETypeEntry: text/plain, pl
2024-11-14T11:01:49.519+05:30 DEBUG 12858 --- [BlogsBackend] [           main] angus.activation                         : Added: MIMETypeEntry: text/plain, cc
2024-11-14T11:01:49.519+05:30 DEBUG 12858 --- [BlogsBackend] [           main] angus.activation                         : Added: MIMETypeEntry: text/plain, h
2024-11-14T11:01:49.519+05:30 DEBUG 12858 --- [BlogsBackend] [           main] angus.activation                         : Added: MIMETypeEntry: image/gif, gif
2024-11-14T11:01:49.519+05:30 DEBUG 12858 --- [BlogsBackend] [           main] angus.activation                         : Added: MIMETypeEntry: image/gif, GIF
2024-11-14T11:01:49.519+05:30 DEBUG 12858 --- [BlogsBackend] [           main] angus.activation                         : Added: MIMETypeEntry: image/ief, ief
2024-11-14T11:01:49.519+05:30 DEBUG 12858 --- [BlogsBackend] [           main] angus.activation                         : Added: MIMETypeEntry: image/jpeg, jpeg
2024-11-14T11:01:49.519+05:30 DEBUG 12858 --- [BlogsBackend] [           main] angus.activation                         : Added: MIMETypeEntry: image/jpeg, jpg
2024-11-14T11:01:49.520+05:30 DEBUG 12858 --- [BlogsBackend] [           main] angus.activation                         : Added: MIMETypeEntry: image/jpeg, jpe
2024-11-14T11:01:49.520+05:30 DEBUG 12858 --- [BlogsBackend] [           main] angus.activation                         : Added: MIMETypeEntry: image/jpeg, JPG
2024-11-14T11:01:49.520+05:30 DEBUG 12858 --- [BlogsBackend] [           main] angus.activation                         : Added: MIMETypeEntry: image/tiff, tiff
2024-11-14T11:01:49.520+05:30 DEBUG 12858 --- [BlogsBackend] [           main] angus.activation                         : Added: MIMETypeEntry: image/tiff, tif
2024-11-14T11:01:49.520+05:30 DEBUG 12858 --- [BlogsBackend] [           main] angus.activation                         : Added: MIMETypeEntry: image/x-xwindowdump, xwd
2024-11-14T11:01:49.520+05:30 DEBUG 12858 --- [BlogsBackend] [           main] angus.activation                         : Added: MIMETypeEntry: application/postscript, ai
2024-11-14T11:01:49.521+05:30 DEBUG 12858 --- [BlogsBackend] [           main] angus.activation                         : Added: MIMETypeEntry: application/postscript, eps
2024-11-14T11:01:49.521+05:30 DEBUG 12858 --- [BlogsBackend] [           main] angus.activation                         : Added: MIMETypeEntry: application/postscript, ps
2024-11-14T11:01:49.521+05:30 DEBUG 12858 --- [BlogsBackend] [           main] angus.activation                         : Added: MIMETypeEntry: application/rtf, rtf
2024-11-14T11:01:49.521+05:30 DEBUG 12858 --- [BlogsBackend] [           main] angus.activation                         : Added: MIMETypeEntry: application/x-tex, tex
2024-11-14T11:01:49.521+05:30 DEBUG 12858 --- [BlogsBackend] [           main] angus.activation                         : Added: MIMETypeEntry: application/x-texinfo, texinfo
2024-11-14T11:01:49.521+05:30 DEBUG 12858 --- [BlogsBackend] [           main] angus.activation                         : Added: MIMETypeEntry: application/x-texinfo, texi
2024-11-14T11:01:49.521+05:30 DEBUG 12858 --- [BlogsBackend] [           main] angus.activation                         : Added: MIMETypeEntry: application/x-troff, t
2024-11-14T11:01:49.521+05:30 DEBUG 12858 --- [BlogsBackend] [           main] angus.activation                         : Added: MIMETypeEntry: application/x-troff, tr
2024-11-14T11:01:49.521+05:30 DEBUG 12858 --- [BlogsBackend] [           main] angus.activation                         : Added: MIMETypeEntry: application/x-troff, roff
2024-11-14T11:01:49.521+05:30 DEBUG 12858 --- [BlogsBackend] [           main] angus.activation                         : Added: MIMETypeEntry: audio/basic, au
2024-11-14T11:01:49.521+05:30 DEBUG 12858 --- [BlogsBackend] [           main] angus.activation                         : Added: MIMETypeEntry: audio/midi, midi
2024-11-14T11:01:49.522+05:30 DEBUG 12858 --- [BlogsBackend] [           main] angus.activation                         : Added: MIMETypeEntry: audio/midi, mid
2024-11-14T11:01:49.522+05:30 DEBUG 12858 --- [BlogsBackend] [           main] angus.activation                         : Added: MIMETypeEntry: audio/x-aifc, aifc
2024-11-14T11:01:49.522+05:30 DEBUG 12858 --- [BlogsBackend] [           main] angus.activation                         : Added: MIMETypeEntry: audio/x-aiff, aif
2024-11-14T11:01:49.522+05:30 DEBUG 12858 --- [BlogsBackend] [           main] angus.activation                         : Added: MIMETypeEntry: audio/x-aiff, aiff
2024-11-14T11:01:49.522+05:30 DEBUG 12858 --- [BlogsBackend] [           main] angus.activation                         : Added: MIMETypeEntry: audio/x-mpeg, mpeg
2024-11-14T11:01:49.522+05:30 DEBUG 12858 --- [BlogsBackend] [           main] angus.activation                         : Added: MIMETypeEntry: audio/x-mpeg, mpg
2024-11-14T11:01:49.522+05:30 DEBUG 12858 --- [BlogsBackend] [           main] angus.activation                         : Added: MIMETypeEntry: audio/x-wav, wav
2024-11-14T11:01:49.522+05:30 DEBUG 12858 --- [BlogsBackend] [           main] angus.activation                         : Added: MIMETypeEntry: video/mpeg, mpeg
2024-11-14T11:01:49.522+05:30 DEBUG 12858 --- [BlogsBackend] [           main] angus.activation                         : Added: MIMETypeEntry: video/mpeg, mpg
2024-11-14T11:01:49.522+05:30 DEBUG 12858 --- [BlogsBackend] [           main] angus.activation                         : Added: MIMETypeEntry: video/mpeg, mpe
2024-11-14T11:01:49.522+05:30 DEBUG 12858 --- [BlogsBackend] [           main] angus.activation                         : Added: MIMETypeEntry: video/quicktime, qt
2024-11-14T11:01:49.523+05:30 DEBUG 12858 --- [BlogsBackend] [           main] angus.activation                         : Added: MIMETypeEntry: video/quicktime, mov
2024-11-14T11:01:49.523+05:30 DEBUG 12858 --- [BlogsBackend] [           main] angus.activation                         : Added: MIMETypeEntry: video/x-msvideo, avi
2024-11-14T11:01:49.523+05:30 DEBUG 12858 --- [BlogsBackend] [           main] angus.activation                         : Added: MIMETypeEntry: text/x-speech, talk
2024-11-14T11:01:49.523+05:30 DEBUG 12858 --- [BlogsBackend] [           main] angus.activation                         : Added: MIMETypeEntry: text/css, css
2024-11-14T11:01:49.523+05:30 DEBUG 12858 --- [BlogsBackend] [           main] angus.activation                         : Added: MIMETypeEntry: text/csv, csv
2024-11-14T11:01:49.523+05:30 DEBUG 12858 --- [BlogsBackend] [           main] angus.activation                         : Added: MIMETypeEntry: image/x-xbitmap, xbm
2024-11-14T11:01:49.523+05:30 DEBUG 12858 --- [BlogsBackend] [           main] angus.activation                         : Added: MIMETypeEntry: image/x-xpixmap, xpm
2024-11-14T11:01:49.523+05:30 DEBUG 12858 --- [BlogsBackend] [           main] angus.activation                         : Added: MIMETypeEntry: image/png, png
2024-11-14T11:01:49.523+05:30 DEBUG 12858 --- [BlogsBackend] [           main] angus.activation                         : Added: MIMETypeEntry: image/svg+xml, svg
2024-11-14T11:01:49.523+05:30 DEBUG 12858 --- [BlogsBackend] [           main] angus.activation                         : Added: MIMETypeEntry: image/ief, ief
2024-11-14T11:01:49.524+05:30 DEBUG 12858 --- [BlogsBackend] [           main] angus.activation                         : Added: MIMETypeEntry: image/rgb, rgb
2024-11-14T11:01:49.524+05:30 DEBUG 12858 --- [BlogsBackend] [           main] angus.activation                         : Added: MIMETypeEntry: image/g3fax, g3f
2024-11-14T11:01:49.524+05:30 DEBUG 12858 --- [BlogsBackend] [           main] angus.activation                         : Added: MIMETypeEntry: image/x-xwindowdump, xwd
2024-11-14T11:01:49.524+05:30 DEBUG 12858 --- [BlogsBackend] [           main] angus.activation                         : Added: MIMETypeEntry: image/x-pict, pict
2024-11-14T11:01:49.524+05:30 DEBUG 12858 --- [BlogsBackend] [           main] angus.activation                         : Added: MIMETypeEntry: image/x-portable-pixmap, ppm
2024-11-14T11:01:49.524+05:30 DEBUG 12858 --- [BlogsBackend] [           main] angus.activation                         : Added: MIMETypeEntry: image/x-portable-graymap, pgm
2024-11-14T11:01:49.524+05:30 DEBUG 12858 --- [BlogsBackend] [           main] angus.activation                         : Added: MIMETypeEntry: image/x-portable-bitmap, pbm
2024-11-14T11:01:49.524+05:30 DEBUG 12858 --- [BlogsBackend] [           main] angus.activation                         : Added: MIMETypeEntry: image/x-portable-anymap, pnm
2024-11-14T11:01:49.524+05:30 DEBUG 12858 --- [BlogsBackend] [           main] angus.activation                         : Added: MIMETypeEntry: image/x-ms-bmp, bmp
2024-11-14T11:01:49.525+05:30 DEBUG 12858 --- [BlogsBackend] [           main] angus.activation                         : Added: MIMETypeEntry: image/x-cmu-raster, ras
2024-11-14T11:01:49.525+05:30 DEBUG 12858 --- [BlogsBackend] [           main] angus.activation                         : Added: MIMETypeEntry: image/x-photo-cd, pcd
2024-11-14T11:01:49.525+05:30 DEBUG 12858 --- [BlogsBackend] [           main] angus.activation                         : Added: MIMETypeEntry: image/cgm, cgm
2024-11-14T11:01:49.525+05:30 DEBUG 12858 --- [BlogsBackend] [           main] angus.activation                         : Added: MIMETypeEntry: image/x-cals, mil
2024-11-14T11:01:49.525+05:30 DEBUG 12858 --- [BlogsBackend] [           main] angus.activation                         : Added: MIMETypeEntry: image/x-cals, cal
2024-11-14T11:01:49.525+05:30 DEBUG 12858 --- [BlogsBackend] [           main] angus.activation                         : Added: MIMETypeEntry: image/fif, fif
2024-11-14T11:01:49.525+05:30 DEBUG 12858 --- [BlogsBackend] [           main] angus.activation                         : Added: MIMETypeEntry: image/x-mgx-dsf, dsf
2024-11-14T11:01:49.525+05:30 DEBUG 12858 --- [BlogsBackend] [           main] angus.activation                         : Added: MIMETypeEntry: image/x-cmx, cmx
2024-11-14T11:01:49.525+05:30 DEBUG 12858 --- [BlogsBackend] [           main] angus.activation                         : Added: MIMETypeEntry: image/wavelet, wi
2024-11-14T11:01:49.525+05:30 DEBUG 12858 --- [BlogsBackend] [           main] angus.activation                         : Added: MIMETypeEntry: image/vnd.dwg, dwg
2024-11-14T11:01:49.525+05:30 DEBUG 12858 --- [BlogsBackend] [           main] angus.activation                         : Added: MIMETypeEntry: image/vnd.dxf, dxf
2024-11-14T11:01:49.525+05:30 DEBUG 12858 --- [BlogsBackend] [           main] angus.activation                         : Added: MIMETypeEntry: image/vnd.svf, svf
2024-11-14T11:01:49.525+05:30 DEBUG 12858 --- [BlogsBackend] [           main] angus.activation                         : Added: MIMETypeEntry: audio/basic, au
2024-11-14T11:01:49.525+05:30 DEBUG 12858 --- [BlogsBackend] [           main] angus.activation                         : Added: MIMETypeEntry: audio/basic, snd
2024-11-14T11:01:49.526+05:30 DEBUG 12858 --- [BlogsBackend] [           main] angus.activation                         : Added: MIMETypeEntry: audio/x-aiff, aif
2024-11-14T11:01:49.526+05:30 DEBUG 12858 --- [BlogsBackend] [           main] angus.activation                         : Added: MIMETypeEntry: audio/x-aiff, aiff
2024-11-14T11:01:49.526+05:30 DEBUG 12858 --- [BlogsBackend] [           main] angus.activation                         : Added: MIMETypeEntry: audio/x-aiff, aifc
2024-11-14T11:01:49.526+05:30 DEBUG 12858 --- [BlogsBackend] [           main] angus.activation                         : Added: MIMETypeEntry: audio/x-wav, wav
2024-11-14T11:01:49.526+05:30 DEBUG 12858 --- [BlogsBackend] [           main] angus.activation                         : Added: MIMETypeEntry: audio/x-mpeg, mpa
2024-11-14T11:01:49.526+05:30 DEBUG 12858 --- [BlogsBackend] [           main] angus.activation                         : Added: MIMETypeEntry: audio/x-mpeg, abs
2024-11-14T11:01:49.526+05:30 DEBUG 12858 --- [BlogsBackend] [           main] angus.activation                         : Added: MIMETypeEntry: audio/x-mpeg, mpega
2024-11-14T11:01:49.526+05:30 DEBUG 12858 --- [BlogsBackend] [           main] angus.activation                         : Added: MIMETypeEntry: audio/x-mpeg-2, mp2a
2024-11-14T11:01:49.526+05:30 DEBUG 12858 --- [BlogsBackend] [           main] angus.activation                         : Added: MIMETypeEntry: audio/x-mpeg-2, mpa2
2024-11-14T11:01:49.526+05:30 DEBUG 12858 --- [BlogsBackend] [           main] angus.activation                         : Added: MIMETypeEntry: audio/echospeech, es
2024-11-14T11:01:49.526+05:30 DEBUG 12858 --- [BlogsBackend] [           main] angus.activation                         : Added: MIMETypeEntry: audio/voxware, vox
2024-11-14T11:01:49.526+05:30 DEBUG 12858 --- [BlogsBackend] [           main] angus.activation                         : Added: MIMETypeEntry: application/fastman, lcc
2024-11-14T11:01:49.526+05:30 DEBUG 12858 --- [BlogsBackend] [           main] angus.activation                         : Added: MIMETypeEntry: application/x-pn-realaudio, ra
2024-11-14T11:01:49.526+05:30 DEBUG 12858 --- [BlogsBackend] [           main] angus.activation                         : Added: MIMETypeEntry: application/x-pn-realaudio, ram
2024-11-14T11:01:49.526+05:30 DEBUG 12858 --- [BlogsBackend] [           main] angus.activation                         : Added: MIMETypeEntry: x-music/x-midi, mmid
2024-11-14T11:01:49.526+05:30 DEBUG 12858 --- [BlogsBackend] [           main] angus.activation                         : Added: MIMETypeEntry: application/vnd.koan, skp
2024-11-14T11:01:49.526+05:30 DEBUG 12858 --- [BlogsBackend] [           main] angus.activation                         : Added: MIMETypeEntry: text/x-speech, talk
2024-11-14T11:01:49.526+05:30 DEBUG 12858 --- [BlogsBackend] [           main] angus.activation                         : Added: MIMETypeEntry: video/mpeg, mpeg
2024-11-14T11:01:49.526+05:30 DEBUG 12858 --- [BlogsBackend] [           main] angus.activation                         : Added: MIMETypeEntry: video/mpeg, mpg
2024-11-14T11:01:49.526+05:30 DEBUG 12858 --- [BlogsBackend] [           main] angus.activation                         : Added: MIMETypeEntry: video/mpeg, mpe
2024-11-14T11:01:49.527+05:30 DEBUG 12858 --- [BlogsBackend] [           main] angus.activation                         : Added: MIMETypeEntry: video/mpeg-2, mpv2
2024-11-14T11:01:49.527+05:30 DEBUG 12858 --- [BlogsBackend] [           main] angus.activation                         : Added: MIMETypeEntry: video/mpeg-2, mp2v
2024-11-14T11:01:49.527+05:30 DEBUG 12858 --- [BlogsBackend] [           main] angus.activation                         : Added: MIMETypeEntry: video/quicktime, qt
2024-11-14T11:01:49.527+05:30 DEBUG 12858 --- [BlogsBackend] [           main] angus.activation                         : Added: MIMETypeEntry: video/quicktime, mov
2024-11-14T11:01:49.527+05:30 DEBUG 12858 --- [BlogsBackend] [           main] angus.activation                         : Added: MIMETypeEntry: video/x-msvideo, avi
2024-11-14T11:01:49.527+05:30 DEBUG 12858 --- [BlogsBackend] [           main] angus.activation                         : Added: MIMETypeEntry: video/x-sgi-movie, movie
2024-11-14T11:01:49.527+05:30 DEBUG 12858 --- [BlogsBackend] [           main] angus.activation                         : Added: MIMETypeEntry: video/vdo, vdo
2024-11-14T11:01:49.527+05:30 DEBUG 12858 --- [BlogsBackend] [           main] angus.activation                         : Added: MIMETypeEntry: video/vnd.vivo, viv
2024-11-14T11:01:49.527+05:30 DEBUG 12858 --- [BlogsBackend] [           main] angus.activation                         : Added: MIMETypeEntry: application/x-ns-proxy-autoconfig, pac
2024-11-14T11:01:49.527+05:30 DEBUG 12858 --- [BlogsBackend] [           main] angus.activation                         : Added: MIMETypeEntry: x-conference/x-cooltalk, ice
2024-11-14T11:01:49.527+05:30 DEBUG 12858 --- [BlogsBackend] [           main] angus.activation                         : Added: MIMETypeEntry: application/postscript, ai
2024-11-14T11:01:49.527+05:30 DEBUG 12858 --- [BlogsBackend] [           main] angus.activation                         : Added: MIMETypeEntry: application/postscript, eps
2024-11-14T11:01:49.527+05:30 DEBUG 12858 --- [BlogsBackend] [           main] angus.activation                         : Added: MIMETypeEntry: application/postscript, ps
2024-11-14T11:01:49.528+05:30 DEBUG 12858 --- [BlogsBackend] [           main] angus.activation                         : Added: MIMETypeEntry: application/rtf, rtf
2024-11-14T11:01:49.528+05:30 DEBUG 12858 --- [BlogsBackend] [           main] angus.activation                         : Added: MIMETypeEntry: application/pdf, pdf
2024-11-14T11:01:49.528+05:30 DEBUG 12858 --- [BlogsBackend] [           main] angus.activation                         : Added: MIMETypeEntry: application/vnd.mif, mif
2024-11-14T11:01:49.528+05:30 DEBUG 12858 --- [BlogsBackend] [           main] angus.activation                         : Added: MIMETypeEntry: application/x-troff, t
2024-11-14T11:01:49.528+05:30 DEBUG 12858 --- [BlogsBackend] [           main] angus.activation                         : Added: MIMETypeEntry: application/x-troff, tr
2024-11-14T11:01:49.528+05:30 DEBUG 12858 --- [BlogsBackend] [           main] angus.activation                         : Added: MIMETypeEntry: application/x-troff, roff
2024-11-14T11:01:49.528+05:30 DEBUG 12858 --- [BlogsBackend] [           main] angus.activation                         : Added: MIMETypeEntry: application/x-troff-man, man
2024-11-14T11:01:49.528+05:30 DEBUG 12858 --- [BlogsBackend] [           main] angus.activation                         : Added: MIMETypeEntry: application/x-troff-me, me
2024-11-14T11:01:49.528+05:30 DEBUG 12858 --- [BlogsBackend] [           main] angus.activation                         : Added: MIMETypeEntry: application/x-troff-ms, ms
2024-11-14T11:01:49.528+05:30 DEBUG 12858 --- [BlogsBackend] [           main] angus.activation                         : Added: MIMETypeEntry: application/x-latex, latex
2024-11-14T11:01:49.528+05:30 DEBUG 12858 --- [BlogsBackend] [           main] angus.activation                         : Added: MIMETypeEntry: application/x-tex, tex
2024-11-14T11:01:49.529+05:30 DEBUG 12858 --- [BlogsBackend] [           main] angus.activation                         : Added: MIMETypeEntry: application/x-texinfo, texinfo
2024-11-14T11:01:49.529+05:30 DEBUG 12858 --- [BlogsBackend] [           main] angus.activation                         : Added: MIMETypeEntry: application/x-texinfo, texi
2024-11-14T11:01:49.529+05:30 DEBUG 12858 --- [BlogsBackend] [           main] angus.activation                         : Added: MIMETypeEntry: application/x-dvi, dvi
2024-11-14T11:01:49.529+05:30 DEBUG 12858 --- [BlogsBackend] [           main] angus.activation                         : Added: MIMETypeEntry: application/msword, doc
2024-11-14T11:01:49.529+05:30 DEBUG 12858 --- [BlogsBackend] [           main] angus.activation                         : Added: MIMETypeEntry: application/msword, DOC
2024-11-14T11:01:49.529+05:30 DEBUG 12858 --- [BlogsBackend] [           main] angus.activation                         : Added: MIMETypeEntry: application/oda, oda
2024-11-14T11:01:49.529+05:30 DEBUG 12858 --- [BlogsBackend] [           main] angus.activation                         : Added: MIMETypeEntry: application/envoy, evy
2024-11-14T11:01:49.529+05:30 DEBUG 12858 --- [BlogsBackend] [           main] angus.activation                         : Added: MIMETypeEntry: application/x-gtar, gtar
2024-11-14T11:01:49.529+05:30 DEBUG 12858 --- [BlogsBackend] [           main] angus.activation                         : Added: MIMETypeEntry: application/x-tar, tar
2024-11-14T11:01:49.529+05:30 DEBUG 12858 --- [BlogsBackend] [           main] angus.activation                         : Added: MIMETypeEntry: application/x-ustar, ustar
2024-11-14T11:01:49.530+05:30 DEBUG 12858 --- [BlogsBackend] [           main] angus.activation                         : Added: MIMETypeEntry: application/x-bcpio, bcpio
2024-11-14T11:01:49.530+05:30 DEBUG 12858 --- [BlogsBackend] [           main] angus.activation                         : Added: MIMETypeEntry: application/x-cpio, cpio
2024-11-14T11:01:49.530+05:30 DEBUG 12858 --- [BlogsBackend] [           main] angus.activation                         : Added: MIMETypeEntry: application/x-shar, shar
2024-11-14T11:01:49.530+05:30 DEBUG 12858 --- [BlogsBackend] [           main] angus.activation                         : Added: MIMETypeEntry: application/zip, zip
2024-11-14T11:01:49.530+05:30 DEBUG 12858 --- [BlogsBackend] [           main] angus.activation                         : Added: MIMETypeEntry: application/mac-binhex40, hqx
2024-11-14T11:01:49.530+05:30 DEBUG 12858 --- [BlogsBackend] [           main] angus.activation                         : Added: MIMETypeEntry: application/x-stuffit, sit
2024-11-14T11:01:49.530+05:30 DEBUG 12858 --- [BlogsBackend] [           main] angus.activation                         : Added: MIMETypeEntry: application/x-stuffit, sea
2024-11-14T11:01:49.530+05:30 DEBUG 12858 --- [BlogsBackend] [           main] angus.activation                         : Added: MIMETypeEntry: application/fractals, fif
2024-11-14T11:01:49.530+05:30 DEBUG 12858 --- [BlogsBackend] [           main] angus.activation                         : Added: MIMETypeEntry: application/octet-stream, bin
2024-11-14T11:01:49.530+05:30 DEBUG 12858 --- [BlogsBackend] [           main] angus.activation                         : Added: MIMETypeEntry: application/octet-stream, uu
2024-11-14T11:01:49.530+05:30 DEBUG 12858 --- [BlogsBackend] [           main] angus.activation                         : Added: MIMETypeEntry: application/octet-stream, exe
2024-11-14T11:01:49.530+05:30 DEBUG 12858 --- [BlogsBackend] [           main] angus.activation                         : Added: MIMETypeEntry: application/x-wais-source, src
2024-11-14T11:01:49.531+05:30 DEBUG 12858 --- [BlogsBackend] [           main] angus.activation                         : Added: MIMETypeEntry: application/x-wais-source, wsrc
2024-11-14T11:01:49.531+05:30 DEBUG 12858 --- [BlogsBackend] [           main] angus.activation                         : Added: MIMETypeEntry: application/hdf, hdf
2024-11-14T11:01:49.531+05:30 DEBUG 12858 --- [BlogsBackend] [           main] angus.activation                         : Added: MIMETypeEntry: text/javascript, js
2024-11-14T11:01:49.531+05:30 DEBUG 12858 --- [BlogsBackend] [           main] angus.activation                         : Added: MIMETypeEntry: text/javascript, ls
2024-11-14T11:01:49.531+05:30 DEBUG 12858 --- [BlogsBackend] [           main] angus.activation                         : Added: MIMETypeEntry: text/javascript, mocha
2024-11-14T11:01:49.531+05:30 DEBUG 12858 --- [BlogsBackend] [           main] angus.activation                         : Added: MIMETypeEntry: application/x-sh, sh
2024-11-14T11:01:49.531+05:30 DEBUG 12858 --- [BlogsBackend] [           main] angus.activation                         : Added: MIMETypeEntry: application/x-csh, csh
2024-11-14T11:01:49.531+05:30 DEBUG 12858 --- [BlogsBackend] [           main] angus.activation                         : Added: MIMETypeEntry: application/x-perl, pl
2024-11-14T11:01:49.531+05:30 DEBUG 12858 --- [BlogsBackend] [           main] angus.activation                         : Added: MIMETypeEntry: application/x-tcl, tcl
2024-11-14T11:01:49.531+05:30 DEBUG 12858 --- [BlogsBackend] [           main] angus.activation                         : Added: MIMETypeEntry: application/futuresplash, spl
2024-11-14T11:01:49.532+05:30 DEBUG 12858 --- [BlogsBackend] [           main] angus.activation                         : Added: MIMETypeEntry: application/mbedlet, mbd
2024-11-14T11:01:49.532+05:30 DEBUG 12858 --- [BlogsBackend] [           main] angus.activation                         : Added: MIMETypeEntry: application/x-rad-powermedia, rad
2024-11-14T11:01:49.532+05:30 DEBUG 12858 --- [BlogsBackend] [           main] angus.activation                         : Added: MIMETypeEntry: application/mspowerpoint, ppz
2024-11-14T11:01:49.532+05:30 DEBUG 12858 --- [BlogsBackend] [           main] angus.activation                         : Added: MIMETypeEntry: application/x-asap, asp
2024-11-14T11:01:49.532+05:30 DEBUG 12858 --- [BlogsBackend] [           main] angus.activation                         : Added: MIMETypeEntry: application/astound, asn
2024-11-14T11:01:49.532+05:30 DEBUG 12858 --- [BlogsBackend] [           main] angus.activation                         : Added: MIMETypeEntry: application/x-olescript, axs
2024-11-14T11:01:49.532+05:30 DEBUG 12858 --- [BlogsBackend] [           main] angus.activation                         : Added: MIMETypeEntry: application/x-oleobject, ods
2024-11-14T11:01:49.532+05:30 DEBUG 12858 --- [BlogsBackend] [           main] angus.activation                         : Added: MIMETypeEntry: x-form/x-openscape, opp
2024-11-14T11:01:49.532+05:30 DEBUG 12858 --- [BlogsBackend] [           main] angus.activation                         : Added: MIMETypeEntry: application/x-webbasic, wba
2024-11-14T11:01:49.532+05:30 DEBUG 12858 --- [BlogsBackend] [           main] angus.activation                         : Added: MIMETypeEntry: application/x-alpha-form, frm
2024-11-14T11:01:49.532+05:30 DEBUG 12858 --- [BlogsBackend] [           main] angus.activation                         : Added: MIMETypeEntry: x-script/x-wfxclient, wfx
2024-11-14T11:01:49.533+05:30 DEBUG 12858 --- [BlogsBackend] [           main] angus.activation                         : Added: MIMETypeEntry: application/octet-stream, exe
2024-11-14T11:01:49.533+05:30 DEBUG 12858 --- [BlogsBackend] [           main] angus.activation                         : Added: MIMETypeEntry: application/octet-stream, com
2024-11-14T11:01:49.533+05:30 DEBUG 12858 --- [BlogsBackend] [           main] angus.activation                         : Added: MIMETypeEntry: application/x-pcn, pcn
2024-11-14T11:01:49.533+05:30 DEBUG 12858 --- [BlogsBackend] [           main] angus.activation                         : Added: MIMETypeEntry: application/vnd.ms-excel, xls
2024-11-14T11:01:49.533+05:30 DEBUG 12858 --- [BlogsBackend] [           main] angus.activation                         : Added: MIMETypeEntry: application/vnd.ms-powerpoint, ppt
2024-11-14T11:01:49.533+05:30 DEBUG 12858 --- [BlogsBackend] [           main] angus.activation                         : Added: MIMETypeEntry: application/vnd.ms-project, mpp
2024-11-14T11:01:49.533+05:30 DEBUG 12858 --- [BlogsBackend] [           main] angus.activation                         : Added: MIMETypeEntry: application/vnd.svd, svd
2024-11-14T11:01:49.533+05:30 DEBUG 12858 --- [BlogsBackend] [           main] angus.activation                         : Added: MIMETypeEntry: application/x-net-install, ins
2024-11-14T11:01:49.533+05:30 DEBUG 12858 --- [BlogsBackend] [           main] angus.activation                         : Added: MIMETypeEntry: application/ccv, ccv
2024-11-14T11:01:49.533+05:30 DEBUG 12858 --- [BlogsBackend] [           main] angus.activation                         : Added: MIMETypeEntry: workbook/formulaone, vts
2024-11-14T11:01:49.533+05:30 DEBUG 12858 --- [BlogsBackend] [           main] angus.activation                         : Added: MIMETypeEntry: x-world/x-vrml, wrl
2024-11-14T11:01:49.534+05:30 DEBUG 12858 --- [BlogsBackend] [           main] angus.activation                         : Added: MIMETypeEntry: x-world/x-vrml, vrml
2024-11-14T11:01:49.534+05:30 DEBUG 12858 --- [BlogsBackend] [           main] angus.activation                         : Added: MIMETypeEntry: x-world/x-vream, vrw
2024-11-14T11:01:49.534+05:30 DEBUG 12858 --- [BlogsBackend] [           main] angus.activation                         : Added: MIMETypeEntry: application/x-p3d, p3d
2024-11-14T11:01:49.534+05:30 DEBUG 12858 --- [BlogsBackend] [           main] angus.activation                         : Added: MIMETypeEntry: x-world/x-svr, svr
2024-11-14T11:01:49.534+05:30 DEBUG 12858 --- [BlogsBackend] [           main] angus.activation                         : Added: MIMETypeEntry: x-world/x-wvr, wvr
2024-11-14T11:01:49.534+05:30 DEBUG 12858 --- [BlogsBackend] [           main] angus.activation                         : Added: MIMETypeEntry: x-world/x-3dmf, 3dmf
2024-11-14T11:01:49.535+05:30 DEBUG 12858 --- [BlogsBackend] [           main] angus.activation                         : Added: MIMETypeEntry: application/mathematica, ma
2024-11-14T11:01:49.535+05:30 DEBUG 12858 --- [BlogsBackend] [           main] angus.activation                         : Added: MIMETypeEntry: x-model/x-mesh, msh
2024-11-14T11:01:49.535+05:30 DEBUG 12858 --- [BlogsBackend] [           main] angus.activation                         : Added: MIMETypeEntry: application/vis5d, v5d
2024-11-14T11:01:49.535+05:30 DEBUG 12858 --- [BlogsBackend] [           main] angus.activation                         : Added: MIMETypeEntry: application/iges, igs
2024-11-14T11:01:49.536+05:30 DEBUG 12858 --- [BlogsBackend] [           main] angus.activation                         : Added: MIMETypeEntry: drawing/x-dwf, dwf
2024-11-14T11:01:49.543+05:30 DEBUG 12858 --- [BlogsBackend] [           main] o.s.b.f.s.DefaultListableBeanFactory     : Creating shared instance of singleton bean 'org.springframework.boot.autoconfigure.mail.MailSenderAutoConfiguration'
2024-11-14T11:01:49.545+05:30 DEBUG 12858 --- [BlogsBackend] [           main] o.s.b.f.s.DefaultListableBeanFactory     : Creating shared instance of singleton bean 'org.springframework.boot.autoconfigure.security.servlet.SpringBootWebSecurityConfiguration'
2024-11-14T11:01:49.545+05:30 DEBUG 12858 --- [BlogsBackend] [           main] o.s.b.f.s.DefaultListableBeanFactory     : Creating shared instance of singleton bean 'spring.security-org.springframework.boot.autoconfigure.security.SecurityProperties'
2024-11-14T11:01:49.549+05:30 DEBUG 12858 --- [BlogsBackend] [           main] o.s.b.f.s.DefaultListableBeanFactory     : Creating shared instance of singleton bean 'org.springframework.boot.autoconfigure.security.servlet.SecurityFilterAutoConfiguration'
2024-11-14T11:01:49.551+05:30 DEBUG 12858 --- [BlogsBackend] [           main] o.s.b.f.s.DefaultListableBeanFactory     : Creating shared instance of singleton bean 'securityFilterChainRegistration'
2024-11-14T11:01:49.552+05:30 DEBUG 12858 --- [BlogsBackend] [           main] o.s.b.f.s.DefaultListableBeanFactory     : Autowiring by type from bean name 'securityFilterChainRegistration' via factory method to bean named 'spring.security-org.springframework.boot.autoconfigure.security.SecurityProperties'
2024-11-14T11:01:49.560+05:30 DEBUG 12858 --- [BlogsBackend] [           main] o.s.b.f.s.DefaultListableBeanFactory     : Creating shared instance of singleton bean 'org.springframework.boot.autoconfigure.sql.init.SqlInitializationAutoConfiguration'
2024-11-14T11:01:49.561+05:30 DEBUG 12858 --- [BlogsBackend] [           main] o.s.b.f.s.DefaultListableBeanFactory     : Creating shared instance of singleton bean 'spring.sql.init-org.springframework.boot.autoconfigure.sql.init.SqlInitializationProperties'
2024-11-14T11:01:49.566+05:30 DEBUG 12858 --- [BlogsBackend] [           main] o.s.b.f.s.DefaultListableBeanFactory     : Creating shared instance of singleton bean 'org.springframework.boot.autoconfigure.task.TaskSchedulingConfigurations$ThreadPoolTaskSchedulerBuilderConfiguration'
2024-11-14T11:01:49.567+05:30 DEBUG 12858 --- [BlogsBackend] [           main] o.s.b.f.s.DefaultListableBeanFactory     : Creating shared instance of singleton bean 'threadPoolTaskSchedulerBuilder'
2024-11-14T11:01:49.568+05:30 DEBUG 12858 --- [BlogsBackend] [           main] o.s.b.f.s.DefaultListableBeanFactory     : Creating shared instance of singleton bean 'spring.task.scheduling-org.springframework.boot.autoconfigure.task.TaskSchedulingProperties'
2024-11-14T11:01:49.572+05:30 DEBUG 12858 --- [BlogsBackend] [           main] o.s.b.f.s.DefaultListableBeanFactory     : Autowiring by type from bean name 'threadPoolTaskSchedulerBuilder' via factory method to bean named 'spring.task.scheduling-org.springframework.boot.autoconfigure.task.TaskSchedulingProperties'
2024-11-14T11:01:49.578+05:30 DEBUG 12858 --- [BlogsBackend] [           main] o.s.b.f.s.DefaultListableBeanFactory     : Creating shared instance of singleton bean 'org.springframework.boot.autoconfigure.task.TaskSchedulingConfigurations$TaskSchedulerBuilderConfiguration'
2024-11-14T11:01:49.579+05:30 DEBUG 12858 --- [BlogsBackend] [           main] o.s.b.f.s.DefaultListableBeanFactory     : Creating shared instance of singleton bean 'taskSchedulerBuilder'
2024-11-14T11:01:49.579+05:30 DEBUG 12858 --- [BlogsBackend] [           main] o.s.b.f.s.DefaultListableBeanFactory     : Autowiring by type from bean name 'taskSchedulerBuilder' via factory method to bean named 'spring.task.scheduling-org.springframework.boot.autoconfigure.task.TaskSchedulingProperties'
2024-11-14T11:01:49.583+05:30 DEBUG 12858 --- [BlogsBackend] [           main] o.s.b.f.s.DefaultListableBeanFactory     : Creating shared instance of singleton bean 'org.springframework.boot.autoconfigure.task.TaskSchedulingConfigurations$SimpleAsyncTaskSchedulerBuilderConfiguration'
2024-11-14T11:01:49.585+05:30 DEBUG 12858 --- [BlogsBackend] [           main] o.s.b.f.s.DefaultListableBeanFactory     : Autowiring by type from bean name 'org.springframework.boot.autoconfigure.task.TaskSchedulingConfigurations$SimpleAsyncTaskSchedulerBuilderConfiguration' via constructor to bean named 'spring.task.scheduling-org.springframework.boot.autoconfigure.task.TaskSchedulingProperties'
2024-11-14T11:01:49.585+05:30 DEBUG 12858 --- [BlogsBackend] [           main] o.s.b.f.s.DefaultListableBeanFactory     : Creating shared instance of singleton bean 'simpleAsyncTaskSchedulerBuilder'
2024-11-14T11:01:49.589+05:30 DEBUG 12858 --- [BlogsBackend] [           main] o.s.b.f.s.DefaultListableBeanFactory     : Creating shared instance of singleton bean 'org.springframework.boot.autoconfigure.task.TaskSchedulingAutoConfiguration'
2024-11-14T11:01:49.590+05:30 DEBUG 12858 --- [BlogsBackend] [           main] o.s.b.f.s.DefaultListableBeanFactory     : Creating shared instance of singleton bean 'org.springframework.boot.autoconfigure.jdbc.DataSourceTransactionManagerAutoConfiguration'
2024-11-14T11:01:49.592+05:30 DEBUG 12858 --- [BlogsBackend] [           main] o.s.b.f.s.DefaultListableBeanFactory     : Creating shared instance of singleton bean 'spring.datasource-org.springframework.boot.autoconfigure.jdbc.DataSourceProperties'
2024-11-14T11:01:49.602+05:30 DEBUG 12858 --- [BlogsBackend] [           main] o.s.b.f.s.DefaultListableBeanFactory     : Creating shared instance of singleton bean 'org.springframework.boot.autoconfigure.transaction.TransactionAutoConfiguration'
2024-11-14T11:01:49.604+05:30 DEBUG 12858 --- [BlogsBackend] [           main] o.s.b.f.s.DefaultListableBeanFactory     : Creating shared instance of singleton bean 'org.springframework.boot.autoconfigure.web.client.RestClientAutoConfiguration'
2024-11-14T11:01:49.606+05:30 DEBUG 12858 --- [BlogsBackend] [           main] o.s.b.f.s.DefaultListableBeanFactory     : Creating shared instance of singleton bean 'httpMessageConvertersRestClientCustomizer'
2024-11-14T11:01:49.608+05:30 DEBUG 12858 --- [BlogsBackend] [           main] o.s.b.f.s.DefaultListableBeanFactory     : Creating shared instance of singleton bean 'restClientSsl'
2024-11-14T11:01:49.608+05:30 DEBUG 12858 --- [BlogsBackend] [           main] o.s.b.f.s.DefaultListableBeanFactory     : Autowiring by type from bean name 'restClientSsl' via factory method to bean named 'sslBundleRegistry'
2024-11-14T11:01:49.609+05:30 DEBUG 12858 --- [BlogsBackend] [           main] o.s.b.f.s.DefaultListableBeanFactory     : Creating shared instance of singleton bean 'restClientBuilderConfigurer'
2024-11-14T11:01:49.612+05:30 DEBUG 12858 --- [BlogsBackend] [           main] o.s.b.f.s.DefaultListableBeanFactory     : Creating shared instance of singleton bean 'org.springframework.boot.autoconfigure.web.client.RestTemplateAutoConfiguration'
2024-11-14T11:01:49.613+05:30 DEBUG 12858 --- [BlogsBackend] [           main] o.s.b.f.s.DefaultListableBeanFactory     : Creating shared instance of singleton bean 'characterEncodingFilter'
2024-11-14T11:01:49.616+05:30 DEBUG 12858 --- [BlogsBackend] [           main] o.s.b.f.s.DefaultListableBeanFactory     : Creating shared instance of singleton bean 'multipartResolver'
2024-11-14T11:01:49.641+05:30 DEBUG 12858 --- [BlogsBackend] [           main] o.s.c.support.DefaultLifecycleProcessor  : Starting beans in phase -2147483647
2024-11-14T11:01:49.641+05:30 DEBUG 12858 --- [BlogsBackend] [           main] o.s.c.support.DefaultLifecycleProcessor  : Successfully started bean 'springBootLoggingLifecycle'
2024-11-14T11:01:49.642+05:30 DEBUG 12858 --- [BlogsBackend] [           main] o.s.c.support.DefaultLifecycleProcessor  : Starting beans in phase 2147483647
2024-11-14T11:01:49.669+05:30 DEBUG 12858 --- [BlogsBackend] [           main] .s.b.a.l.ConditionEvaluationReportLogger : 


============================
CONDITIONS EVALUATION REPORT
============================


Positive matches:
-----------------

   AopAutoConfiguration matched:
      - @ConditionalOnProperty (spring.aop.auto=true) matched (OnPropertyCondition)

   AopAutoConfiguration.AspectJAutoProxyingConfiguration matched:
      - @ConditionalOnClass found required class 'org.aspectj.weaver.Advice' (OnClassCondition)

   AopAutoConfiguration.AspectJAutoProxyingConfiguration.CglibAutoProxyConfiguration matched:
      - @ConditionalOnProperty (spring.aop.proxy-target-class=true) matched (OnPropertyCondition)

   ApplicationAvailabilityAutoConfiguration#applicationAvailability matched:
      - @ConditionalOnMissingBean (types: org.springframework.boot.availability.ApplicationAvailability; SearchStrategy: all) did not find any beans (OnBeanCondition)

   DataSourceTransactionManagerAutoConfiguration matched:
      - @ConditionalOnClass found required classes 'javax.sql.DataSource', 'org.springframework.jdbc.core.JdbcTemplate', 'org.springframework.transaction.TransactionManager' (OnClassCondition)

   DispatcherServletAutoConfiguration matched:
      - @ConditionalOnClass found required class 'org.springframework.web.servlet.DispatcherServlet' (OnClassCondition)
      - found 'session' scope (OnWebApplicationCondition)

   DispatcherServletAutoConfiguration.DispatcherServletConfiguration matched:
      - @ConditionalOnClass found required class 'jakarta.servlet.ServletRegistration' (OnClassCondition)
      - Default DispatcherServlet did not find dispatcher servlet beans (DispatcherServletAutoConfiguration.DefaultDispatcherServletCondition)

   DispatcherServletAutoConfiguration.DispatcherServletRegistrationConfiguration matched:
      - @ConditionalOnClass found required class 'jakarta.servlet.ServletRegistration' (OnClassCondition)
      - DispatcherServlet Registration did not find servlet registration bean (DispatcherServletAutoConfiguration.DispatcherServletRegistrationCondition)

   DispatcherServletAutoConfiguration.DispatcherServletRegistrationConfiguration#dispatcherServletRegistration matched:
      - @ConditionalOnBean (names: dispatcherServlet types: org.springframework.web.servlet.DispatcherServlet; SearchStrategy: all) found bean 'dispatcherServlet' (OnBeanCondition)

   ErrorMvcAutoConfiguration matched:
      - @ConditionalOnClass found required classes 'jakarta.servlet.Servlet', 'org.springframework.web.servlet.DispatcherServlet' (OnClassCondition)
      - found 'session' scope (OnWebApplicationCondition)

   ErrorMvcAutoConfiguration#basicErrorController matched:
      - @ConditionalOnMissingBean (types: org.springframework.boot.web.servlet.error.ErrorController; SearchStrategy: current) did not find any beans (OnBeanCondition)

   ErrorMvcAutoConfiguration#errorAttributes matched:
      - @ConditionalOnMissingBean (types: org.springframework.boot.web.servlet.error.ErrorAttributes; SearchStrategy: current) did not find any beans (OnBeanCondition)

   ErrorMvcAutoConfiguration.DefaultErrorViewResolverConfiguration#conventionErrorViewResolver matched:
      - @ConditionalOnBean (types: org.springframework.web.servlet.DispatcherServlet; SearchStrategy: all) found bean 'dispatcherServlet'; @ConditionalOnMissingBean (types: org.springframework.boot.autoconfigure.web.servlet.error.ErrorViewResolver; SearchStrategy: all) did not find any beans (OnBeanCondition)

   ErrorMvcAutoConfiguration.WhitelabelErrorViewConfiguration matched:
      - @ConditionalOnProperty (server.error.whitelabel.enabled) matched (OnPropertyCondition)
      - ErrorTemplate Missing did not find error template view (ErrorMvcAutoConfiguration.ErrorTemplateMissingCondition)

   ErrorMvcAutoConfiguration.WhitelabelErrorViewConfiguration#beanNameViewResolver matched:
      - @ConditionalOnMissingBean (types: org.springframework.web.servlet.view.BeanNameViewResolver; SearchStrategy: all) did not find any beans (OnBeanCondition)

   ErrorMvcAutoConfiguration.WhitelabelErrorViewConfiguration#defaultErrorView matched:
      - @ConditionalOnMissingBean (names: error; SearchStrategy: all) did not find any beans (OnBeanCondition)

   GenericCacheConfiguration matched:
      - Cache org.springframework.boot.autoconfigure.cache.GenericCacheConfiguration automatic cache type (CacheCondition)

   HibernateJpaAutoConfiguration matched:
      - @ConditionalOnClass found required classes 'org.springframework.orm.jpa.LocalContainerEntityManagerFactoryBean', 'jakarta.persistence.EntityManager', 'org.hibernate.engine.spi.SessionImplementor' (OnClassCondition)

   HttpEncodingAutoConfiguration matched:
      - @ConditionalOnClass found required class 'org.springframework.web.filter.CharacterEncodingFilter' (OnClassCondition)
      - found 'session' scope (OnWebApplicationCondition)
      - @ConditionalOnProperty (server.servlet.encoding.enabled) matched (OnPropertyCondition)

   HttpEncodingAutoConfiguration#characterEncodingFilter matched:
      - @ConditionalOnMissingBean (types: org.springframework.web.filter.CharacterEncodingFilter; SearchStrategy: all) did not find any beans (OnBeanCondition)

   HttpMessageConvertersAutoConfiguration matched:
      - @ConditionalOnClass found required class 'org.springframework.http.converter.HttpMessageConverter' (OnClassCondition)
      - NoneNestedConditions 0 matched 1 did not; NestedCondition on HttpMessageConvertersAutoConfiguration.NotReactiveWebApplicationCondition.ReactiveWebApplication did not find reactive web application classes (HttpMessageConvertersAutoConfiguration.NotReactiveWebApplicationCondition)

   HttpMessageConvertersAutoConfiguration#messageConverters matched:
      - @ConditionalOnMissingBean (types: org.springframework.boot.autoconfigure.http.HttpMessageConverters; SearchStrategy: all) did not find any beans (OnBeanCondition)

   HttpMessageConvertersAutoConfiguration.StringHttpMessageConverterConfiguration matched:
      - @ConditionalOnClass found required class 'org.springframework.http.converter.StringHttpMessageConverter' (OnClassCondition)

   HttpMessageConvertersAutoConfiguration.StringHttpMessageConverterConfiguration#stringHttpMessageConverter matched:
      - @ConditionalOnMissingBean (types: org.springframework.http.converter.StringHttpMessageConverter; SearchStrategy: all) did not find any beans (OnBeanCondition)

   JacksonAutoConfiguration matched:
      - @ConditionalOnClass found required class 'com.fasterxml.jackson.databind.ObjectMapper' (OnClassCondition)

   JacksonAutoConfiguration.Jackson2ObjectMapperBuilderCustomizerConfiguration matched:
      - @ConditionalOnClass found required class 'org.springframework.http.converter.json.Jackson2ObjectMapperBuilder' (OnClassCondition)

   JacksonAutoConfiguration.JacksonObjectMapperBuilderConfiguration matched:
      - @ConditionalOnClass found required class 'org.springframework.http.converter.json.Jackson2ObjectMapperBuilder' (OnClassCondition)

   JacksonAutoConfiguration.JacksonObjectMapperBuilderConfiguration#jacksonObjectMapperBuilder matched:
      - @ConditionalOnMissingBean (types: org.springframework.http.converter.json.Jackson2ObjectMapperBuilder; SearchStrategy: all) did not find any beans (OnBeanCondition)

   JacksonAutoConfiguration.JacksonObjectMapperConfiguration matched:
      - @ConditionalOnClass found required class 'org.springframework.http.converter.json.Jackson2ObjectMapperBuilder' (OnClassCondition)

   JacksonAutoConfiguration.JacksonObjectMapperConfiguration#jacksonObjectMapper matched:
      - @ConditionalOnMissingBean (types: com.fasterxml.jackson.databind.ObjectMapper; SearchStrategy: all) did not find any beans (OnBeanCondition)

   JacksonAutoConfiguration.ParameterNamesModuleConfiguration matched:
      - @ConditionalOnClass found required class 'com.fasterxml.jackson.module.paramnames.ParameterNamesModule' (OnClassCondition)

   JacksonAutoConfiguration.ParameterNamesModuleConfiguration#parameterNamesModule matched:
      - @ConditionalOnMissingBean (types: com.fasterxml.jackson.module.paramnames.ParameterNamesModule; SearchStrategy: all) did not find any beans (OnBeanCondition)

   JacksonHttpMessageConvertersConfiguration.MappingJackson2HttpMessageConverterConfiguration matched:
      - @ConditionalOnClass found required class 'com.fasterxml.jackson.databind.ObjectMapper' (OnClassCondition)
      - @ConditionalOnProperty (spring.mvc.converters.preferred-json-mapper=jackson) matched (OnPropertyCondition)
      - @ConditionalOnBean (types: com.fasterxml.jackson.databind.ObjectMapper; SearchStrategy: all) found bean 'jacksonObjectMapper' (OnBeanCondition)

   JacksonHttpMessageConvertersConfiguration.MappingJackson2HttpMessageConverterConfiguration#mappingJackson2HttpMessageConverter matched:
      - @ConditionalOnMissingBean (types: org.springframework.http.converter.json.MappingJackson2HttpMessageConverter ignored: org.springframework.hateoas.server.mvc.TypeConstrainedMappingJackson2HttpMessageConverter,org.springframework.data.rest.webmvc.alps.AlpsJsonHttpMessageConverter; SearchStrategy: all) did not find any beans (OnBeanCondition)

   JacksonHttpMessageConvertersConfiguration.MappingJackson2XmlHttpMessageConverterConfiguration matched:
      - @ConditionalOnClass found required class 'com.fasterxml.jackson.dataformat.xml.XmlMapper' (OnClassCondition)
      - @ConditionalOnBean (types: org.springframework.http.converter.json.Jackson2ObjectMapperBuilder; SearchStrategy: all) found bean 'jacksonObjectMapperBuilder' (OnBeanCondition)

   JacksonHttpMessageConvertersConfiguration.MappingJackson2XmlHttpMessageConverterConfiguration#mappingJackson2XmlHttpMessageConverter matched:
      - @ConditionalOnMissingBean (types: org.springframework.http.converter.xml.MappingJackson2XmlHttpMessageConverter; SearchStrategy: all) did not find any beans (OnBeanCondition)

   JpaBaseConfiguration.JpaWebConfiguration matched:
      - @ConditionalOnClass found required class 'org.springframework.web.servlet.config.annotation.WebMvcConfigurer' (OnClassCondition)
      - found 'session' scope (OnWebApplicationCondition)
      - @ConditionalOnProperty (spring.jpa.open-in-view=true) matched (OnPropertyCondition)

   JtaAutoConfiguration matched:
      - @ConditionalOnClass found required class 'jakarta.transaction.Transaction' (OnClassCondition)
      - @ConditionalOnProperty (spring.jta.enabled) matched (OnPropertyCondition)

   LifecycleAutoConfiguration#defaultLifecycleProcessor matched:
      - @ConditionalOnMissingBean (names: lifecycleProcessor; SearchStrategy: current) did not find any beans (OnBeanCondition)

   MailSenderAutoConfiguration matched:
      - @ConditionalOnClass found required classes 'jakarta.mail.internet.MimeMessage', 'jakarta.activation.MimeType', 'org.springframework.mail.MailSender' (OnClassCondition)
      - AnyNestedCondition 1 matched 1 did not; NestedCondition on MailSenderAutoConfiguration.MailSenderCondition.JndiNameProperty @ConditionalOnProperty (spring.mail.jndi-name) did not find property 'jndi-name'; NestedCondition on MailSenderAutoConfiguration.MailSenderCondition.HostProperty @ConditionalOnProperty (spring.mail.host) matched (MailSenderAutoConfiguration.MailSenderCondition)
      - @ConditionalOnMissingBean (types: org.springframework.mail.MailSender; SearchStrategy: all) did not find any beans (OnBeanCondition)

   MailSenderPropertiesConfiguration matched:
      - @ConditionalOnProperty (spring.mail.host) matched (OnPropertyCondition)

   MailSenderPropertiesConfiguration#mailSender matched:
      - @ConditionalOnMissingBean (types: org.springframework.mail.javamail.JavaMailSender; SearchStrategy: all) did not find any beans (OnBeanCondition)

   MongoAutoConfiguration matched:
      - @ConditionalOnClass found required class 'com.mongodb.client.MongoClient' (OnClassCondition)
      - @ConditionalOnMissingBean (types: org.springframework.data.mongodb.MongoDatabaseFactory; SearchStrategy: all) did not find any beans (OnBeanCondition)

   MongoAutoConfiguration#mongo matched:
      - @ConditionalOnMissingBean (types: com.mongodb.client.MongoClient; SearchStrategy: all) did not find any beans (OnBeanCondition)

   MongoAutoConfiguration#mongoConnectionDetails matched:
      - @ConditionalOnMissingBean (types: org.springframework.boot.autoconfigure.mongo.MongoConnectionDetails; SearchStrategy: all) did not find any beans (OnBeanCondition)

   MongoAutoConfiguration.MongoClientSettingsConfiguration matched:
      - @ConditionalOnMissingBean (types: com.mongodb.MongoClientSettings; SearchStrategy: all) did not find any beans (OnBeanCondition)

   MongoDataAutoConfiguration matched:
      - @ConditionalOnClass found required classes 'com.mongodb.client.MongoClient', 'org.springframework.data.mongodb.core.MongoTemplate' (OnClassCondition)

   MongoDataConfiguration#mappingMongoConverter matched:
      - @ConditionalOnMissingBean (types: org.springframework.data.mongodb.core.convert.MongoConverter; SearchStrategy: all) did not find any beans (OnBeanCondition)

   MongoDataConfiguration#mongoCustomConversions matched:
      - @ConditionalOnMissingBean (types: org.springframework.data.mongodb.core.convert.MongoCustomConversions; SearchStrategy: all) did not find any beans (OnBeanCondition)

   MongoDataConfiguration#mongoManagedTypes matched:
      - @ConditionalOnMissingBean (types: org.springframework.data.mongodb.MongoManagedTypes; SearchStrategy: all) did not find any beans (OnBeanCondition)

   MongoDataConfiguration#mongoMappingContext matched:
      - @ConditionalOnMissingBean (types: org.springframework.data.mongodb.core.mapping.MongoMappingContext; SearchStrategy: all) did not find any beans (OnBeanCondition)

   MongoDatabaseFactoryConfiguration matched:
      - @ConditionalOnSingleCandidate (types: com.mongodb.client.MongoClient; SearchStrategy: all) found a single bean 'mongo'; @ConditionalOnMissingBean (types: org.springframework.data.mongodb.MongoDatabaseFactory; SearchStrategy: all) did not find any beans (OnBeanCondition)

   MongoDatabaseFactoryDependentConfiguration matched:
      - @ConditionalOnBean (types: org.springframework.data.mongodb.MongoDatabaseFactory; SearchStrategy: all) found bean 'mongoDatabaseFactory' (OnBeanCondition)

   MongoDatabaseFactoryDependentConfiguration#gridFsTemplate matched:
      - @ConditionalOnMissingBean (types: org.springframework.data.mongodb.gridfs.GridFsOperations; SearchStrategy: all) did not find any beans (OnBeanCondition)

   MongoDatabaseFactoryDependentConfiguration#mongoTemplate matched:
      - @ConditionalOnMissingBean (types: org.springframework.data.mongodb.core.MongoOperations; SearchStrategy: all) did not find any beans (OnBeanCondition)

   MongoRepositoriesAutoConfiguration matched:
      - @ConditionalOnClass found required classes 'com.mongodb.client.MongoClient', 'org.springframework.data.mongodb.repository.MongoRepository' (OnClassCondition)
      - @ConditionalOnRepositoryType configured type of 'AUTO' matched required type (OnRepositoryTypeCondition)
      - @ConditionalOnMissingBean (types: org.springframework.data.mongodb.repository.support.MongoRepositoryFactoryBean,org.springframework.data.mongodb.repository.config.MongoRepositoryConfigurationExtension; SearchStrategy: all) did not find any beans (OnBeanCondition)

   MultipartAutoConfiguration matched:
      - @ConditionalOnClass found required classes 'jakarta.servlet.Servlet', 'org.springframework.web.multipart.support.StandardServletMultipartResolver', 'jakarta.servlet.MultipartConfigElement' (OnClassCondition)
      - found 'session' scope (OnWebApplicationCondition)
      - @ConditionalOnProperty (spring.servlet.multipart.enabled) matched (OnPropertyCondition)

   MultipartAutoConfiguration#multipartConfigElement matched:
      - @ConditionalOnMissingBean (types: jakarta.servlet.MultipartConfigElement; SearchStrategy: all) did not find any beans (OnBeanCondition)

   MultipartAutoConfiguration#multipartResolver matched:
      - @ConditionalOnMissingBean (types: org.springframework.web.multipart.MultipartResolver; SearchStrategy: all) did not find any beans (OnBeanCondition)

   NoOpCacheConfiguration matched:
      - Cache org.springframework.boot.autoconfigure.cache.NoOpCacheConfiguration automatic cache type (CacheCondition)

   PersistenceExceptionTranslationAutoConfiguration matched:
      - @ConditionalOnClass found required class 'org.springframework.dao.annotation.PersistenceExceptionTranslationPostProcessor' (OnClassCondition)

   PersistenceExceptionTranslationAutoConfiguration#persistenceExceptionTranslationPostProcessor matched:
      - @ConditionalOnProperty (spring.dao.exceptiontranslation.enabled) matched (OnPropertyCondition)
      - @ConditionalOnMissingBean (types: org.springframework.dao.annotation.PersistenceExceptionTranslationPostProcessor; SearchStrategy: all) did not find any beans (OnBeanCondition)

   PropertyPlaceholderAutoConfiguration#propertySourcesPlaceholderConfigurer matched:
      - @ConditionalOnMissingBean (types: org.springframework.context.support.PropertySourcesPlaceholderConfigurer; SearchStrategy: current) did not find any beans (OnBeanCondition)

   RestClientAutoConfiguration matched:
      - @ConditionalOnClass found required class 'org.springframework.web.client.RestClient' (OnClassCondition)
      - NoneNestedConditions 0 matched 1 did not; NestedCondition on NotReactiveWebApplicationCondition.ReactiveWebApplication did not find reactive web application classes (NotReactiveWebApplicationCondition)

   RestClientAutoConfiguration#httpMessageConvertersRestClientCustomizer matched:
      - @ConditionalOnMissingBean (types: org.springframework.boot.autoconfigure.web.client.HttpMessageConvertersRestClientCustomizer; SearchStrategy: all) did not find any beans (OnBeanCondition)

   RestClientAutoConfiguration#restClientBuilder matched:
      - @ConditionalOnMissingBean (types: org.springframework.web.client.RestClient$Builder; SearchStrategy: all) did not find any beans (OnBeanCondition)

   RestClientAutoConfiguration#restClientBuilderConfigurer matched:
      - @ConditionalOnMissingBean (types: org.springframework.boot.autoconfigure.web.client.RestClientBuilderConfigurer; SearchStrategy: all) did not find any beans (OnBeanCondition)

   RestClientAutoConfiguration#restClientSsl matched:
      - @ConditionalOnBean (types: org.springframework.boot.ssl.SslBundles; SearchStrategy: all) found bean 'sslBundleRegistry'; @ConditionalOnMissingBean (types: org.springframework.boot.autoconfigure.web.client.RestClientSsl; SearchStrategy: all) did not find any beans (OnBeanCondition)

   RestTemplateAutoConfiguration matched:
      - @ConditionalOnClass found required class 'org.springframework.web.client.RestTemplate' (OnClassCondition)
      - NoneNestedConditions 0 matched 1 did not; NestedCondition on NotReactiveWebApplicationCondition.ReactiveWebApplication did not find reactive web application classes (NotReactiveWebApplicationCondition)

   RestTemplateAutoConfiguration#restTemplateBuilder matched:
      - @ConditionalOnMissingBean (types: org.springframework.boot.web.client.RestTemplateBuilder; SearchStrategy: all) did not find any beans (OnBeanCondition)

   SecurityAutoConfiguration matched:
      - @ConditionalOnClass found required class 'org.springframework.security.authentication.DefaultAuthenticationEventPublisher' (OnClassCondition)

   SecurityAutoConfiguration#authenticationEventPublisher matched:
      - @ConditionalOnMissingBean (types: org.springframework.security.authentication.AuthenticationEventPublisher; SearchStrategy: all) did not find any beans (OnBeanCondition)

   SecurityFilterAutoConfiguration matched:
      - @ConditionalOnClass found required classes 'org.springframework.security.web.context.AbstractSecurityWebApplicationInitializer', 'org.springframework.security.config.http.SessionCreationPolicy' (OnClassCondition)
      - found 'session' scope (OnWebApplicationCondition)

   SecurityFilterAutoConfiguration#securityFilterChainRegistration matched:
      - @ConditionalOnBean (names: springSecurityFilterChain; SearchStrategy: all) found bean 'springSecurityFilterChain' (OnBeanCondition)

   ServletWebServerFactoryAutoConfiguration matched:
      - @ConditionalOnClass found required class 'jakarta.servlet.ServletRequest' (OnClassCondition)
      - found 'session' scope (OnWebApplicationCondition)

   ServletWebServerFactoryAutoConfiguration#tomcatServletWebServerFactoryCustomizer matched:
      - @ConditionalOnClass found required class 'org.apache.catalina.startup.Tomcat' (OnClassCondition)

   ServletWebServerFactoryConfiguration.EmbeddedTomcat matched:
      - @ConditionalOnClass found required classes 'jakarta.servlet.Servlet', 'org.apache.catalina.startup.Tomcat', 'org.apache.coyote.UpgradeProtocol' (OnClassCondition)
      - @ConditionalOnMissingBean (types: org.springframework.boot.web.servlet.server.ServletWebServerFactory; SearchStrategy: current) did not find any beans (OnBeanCondition)

   SimpleCacheConfiguration matched:
      - Cache org.springframework.boot.autoconfigure.cache.SimpleCacheConfiguration automatic cache type (CacheCondition)

   SpringBootWebSecurityConfiguration matched:
      - found 'session' scope (OnWebApplicationCondition)

   SpringDataWebAutoConfiguration matched:
      - @ConditionalOnClass found required classes 'org.springframework.data.web.PageableHandlerMethodArgumentResolver', 'org.springframework.web.servlet.config.annotation.WebMvcConfigurer' (OnClassCondition)
      - found 'session' scope (OnWebApplicationCondition)
      - @ConditionalOnMissingBean (types: org.springframework.data.web.PageableHandlerMethodArgumentResolver; SearchStrategy: all) did not find any beans (OnBeanCondition)

   SpringDataWebAutoConfiguration#pageableCustomizer matched:
      - @ConditionalOnMissingBean (types: org.springframework.data.web.config.PageableHandlerMethodArgumentResolverCustomizer; SearchStrategy: all) did not find any beans (OnBeanCondition)

   SpringDataWebAutoConfiguration#sortCustomizer matched:
      - @ConditionalOnMissingBean (types: org.springframework.data.web.config.SortHandlerMethodArgumentResolverCustomizer; SearchStrategy: all) did not find any beans (OnBeanCondition)

   SqlInitializationAutoConfiguration matched:
      - @ConditionalOnProperty (spring.sql.init.enabled) matched (OnPropertyCondition)
      - NoneNestedConditions 0 matched 1 did not; NestedCondition on SqlInitializationAutoConfiguration.SqlInitializationModeCondition.ModeIsNever @ConditionalOnProperty (spring.sql.init.mode=never) did not find property 'mode' (SqlInitializationAutoConfiguration.SqlInitializationModeCondition)

   SslAutoConfiguration#sslBundleRegistry matched:
      - @ConditionalOnMissingBean (types: org.springframework.boot.ssl.SslBundleRegistry,org.springframework.boot.ssl.SslBundles; SearchStrategy: all) did not find any beans (OnBeanCondition)

   TaskExecutionAutoConfiguration matched:
      - @ConditionalOnClass found required class 'org.springframework.scheduling.concurrent.ThreadPoolTaskExecutor' (OnClassCondition)

   TaskExecutorConfigurations.SimpleAsyncTaskExecutorBuilderConfiguration#simpleAsyncTaskExecutorBuilder matched:
      - @ConditionalOnMissingBean (types: org.springframework.boot.task.SimpleAsyncTaskExecutorBuilder; SearchStrategy: all) did not find any beans (OnBeanCondition)
      - @ConditionalOnThreading found PLATFORM (OnThreadingCondition)

   TaskExecutorConfigurations.TaskExecutorBuilderConfiguration#taskExecutorBuilder matched:
      - @ConditionalOnMissingBean (types: org.springframework.boot.task.TaskExecutorBuilder; SearchStrategy: all) did not find any beans (OnBeanCondition)

   TaskExecutorConfigurations.ThreadPoolTaskExecutorBuilderConfiguration#threadPoolTaskExecutorBuilder matched:
      - @ConditionalOnMissingBean (types: org.springframework.boot.task.TaskExecutorBuilder,org.springframework.boot.task.ThreadPoolTaskExecutorBuilder; SearchStrategy: all) did not find any beans (OnBeanCondition)

   TaskSchedulingAutoConfiguration matched:
      - @ConditionalOnClass found required class 'org.springframework.scheduling.concurrent.ThreadPoolTaskScheduler' (OnClassCondition)

   TaskSchedulingConfigurations.SimpleAsyncTaskSchedulerBuilderConfiguration#simpleAsyncTaskSchedulerBuilder matched:
      - @ConditionalOnMissingBean (types: org.springframework.boot.task.SimpleAsyncTaskSchedulerBuilder; SearchStrategy: all) did not find any beans (OnBeanCondition)
      - @ConditionalOnThreading found PLATFORM (OnThreadingCondition)

   TaskSchedulingConfigurations.TaskSchedulerBuilderConfiguration#taskSchedulerBuilder matched:
      - @ConditionalOnMissingBean (types: org.springframework.boot.task.TaskSchedulerBuilder; SearchStrategy: all) did not find any beans (OnBeanCondition)

   TaskSchedulingConfigurations.ThreadPoolTaskSchedulerBuilderConfiguration#threadPoolTaskSchedulerBuilder matched:
      - @ConditionalOnMissingBean (types: org.springframework.boot.task.TaskSchedulerBuilder,org.springframework.boot.task.ThreadPoolTaskSchedulerBuilder; SearchStrategy: all) did not find any beans (OnBeanCondition)

   TransactionAutoConfiguration matched:
      - @ConditionalOnClass found required class 'org.springframework.transaction.PlatformTransactionManager' (OnClassCondition)

   TransactionManagerCustomizationAutoConfiguration matched:
      - @ConditionalOnClass found required class 'org.springframework.transaction.PlatformTransactionManager' (OnClassCondition)

   TransactionManagerCustomizationAutoConfiguration#platformTransactionManagerCustomizers matched:
      - @ConditionalOnMissingBean (types: org.springframework.boot.autoconfigure.transaction.TransactionManagerCustomizers; SearchStrategy: all) did not find any beans (OnBeanCondition)

   WebMvcAutoConfiguration matched:
      - @ConditionalOnClass found required classes 'jakarta.servlet.Servlet', 'org.springframework.web.servlet.DispatcherServlet', 'org.springframework.web.servlet.config.annotation.WebMvcConfigurer' (OnClassCondition)
      - found 'session' scope (OnWebApplicationCondition)
      - @ConditionalOnMissingBean (types: org.springframework.web.servlet.config.annotation.WebMvcConfigurationSupport; SearchStrategy: all) did not find any beans (OnBeanCondition)

   WebMvcAutoConfiguration#formContentFilter matched:
      - @ConditionalOnProperty (spring.mvc.formcontent.filter.enabled) matched (OnPropertyCondition)
      - @ConditionalOnMissingBean (types: org.springframework.web.filter.FormContentFilter; SearchStrategy: all) did not find any beans (OnBeanCondition)

   WebMvcAutoConfiguration.EnableWebMvcConfiguration#flashMapManager matched:
      - @ConditionalOnMissingBean (names: flashMapManager; SearchStrategy: all) did not find any beans (OnBeanCondition)

   WebMvcAutoConfiguration.EnableWebMvcConfiguration#localeResolver matched:
      - @ConditionalOnMissingBean (names: localeResolver; SearchStrategy: all) did not find any beans (OnBeanCondition)

   WebMvcAutoConfiguration.EnableWebMvcConfiguration#themeResolver matched:
      - @ConditionalOnMissingBean (names: themeResolver; SearchStrategy: all) did not find any beans (OnBeanCondition)

   WebMvcAutoConfiguration.WebMvcAutoConfigurationAdapter#defaultViewResolver matched:
      - @ConditionalOnMissingBean (types: org.springframework.web.servlet.view.InternalResourceViewResolver; SearchStrategy: all) did not find any beans (OnBeanCondition)

   WebMvcAutoConfiguration.WebMvcAutoConfigurationAdapter#requestContextFilter matched:
      - @ConditionalOnMissingBean (types: org.springframework.web.context.request.RequestContextListener,org.springframework.web.filter.RequestContextFilter; SearchStrategy: all) did not find any beans (OnBeanCondition)

   WebMvcAutoConfiguration.WebMvcAutoConfigurationAdapter#viewResolver matched:
      - @ConditionalOnBean (types: org.springframework.web.servlet.ViewResolver; SearchStrategy: all) found beans 'defaultViewResolver', 'beanNameViewResolver', 'mvcViewResolver'; @ConditionalOnMissingBean (names: viewResolver types: org.springframework.web.servlet.view.ContentNegotiatingViewResolver; SearchStrategy: all) did not find any beans (OnBeanCondition)

   WebSocketServletAutoConfiguration matched:
      - @ConditionalOnClass found required classes 'jakarta.servlet.Servlet', 'jakarta.websocket.server.ServerContainer' (OnClassCondition)
      - found 'session' scope (OnWebApplicationCondition)

   WebSocketServletAutoConfiguration.TomcatWebSocketConfiguration matched:
      - @ConditionalOnClass found required classes 'org.apache.catalina.startup.Tomcat', 'org.apache.tomcat.websocket.server.WsSci' (OnClassCondition)

   WebSocketServletAutoConfiguration.TomcatWebSocketConfiguration#websocketServletWebServerCustomizer matched:
      - @ConditionalOnMissingBean (names: websocketServletWebServerCustomizer; SearchStrategy: all) did not find any beans (OnBeanCondition)


Negative matches:
-----------------

   ActiveMQAutoConfiguration:
      Did not match:
         - @ConditionalOnClass did not find required class 'jakarta.jms.ConnectionFactory' (OnClassCondition)

   AopAutoConfiguration.AspectJAutoProxyingConfiguration.JdkDynamicAutoProxyConfiguration:
      Did not match:
         - @ConditionalOnProperty (spring.aop.proxy-target-class=false) did not find property 'proxy-target-class' (OnPropertyCondition)

   AopAutoConfiguration.ClassProxyingConfiguration:
      Did not match:
         - @ConditionalOnMissingClass found unwanted class 'org.aspectj.weaver.Advice' (OnClassCondition)

   ArtemisAutoConfiguration:
      Did not match:
         - @ConditionalOnClass did not find required class 'jakarta.jms.ConnectionFactory' (OnClassCondition)

   BatchAutoConfiguration:
      Did not match:
         - @ConditionalOnClass did not find required class 'org.springframework.batch.core.launch.JobLauncher' (OnClassCondition)

   Cache2kCacheConfiguration:
      Did not match:
         - @ConditionalOnClass did not find required class 'org.cache2k.Cache2kBuilder' (OnClassCondition)

   CacheAutoConfiguration:
      Did not match:
         - @ConditionalOnBean (types: org.springframework.cache.interceptor.CacheAspectSupport; SearchStrategy: all) did not find any beans of type org.springframework.cache.interceptor.CacheAspectSupport (OnBeanCondition)
      Matched:
         - @ConditionalOnClass found required class 'org.springframework.cache.CacheManager' (OnClassCondition)

   CacheAutoConfiguration.CacheManagerEntityManagerFactoryDependsOnPostProcessor:
      Did not match:
         - Ancestor org.springframework.boot.autoconfigure.cache.CacheAutoConfiguration did not match (ConditionEvaluationReport.AncestorsMatchedCondition)
      Matched:
         - @ConditionalOnClass found required class 'org.springframework.orm.jpa.LocalContainerEntityManagerFactoryBean' (OnClassCondition)

   CaffeineCacheConfiguration:
      Did not match:
         - @ConditionalOnClass did not find required class 'com.github.benmanes.caffeine.cache.Caffeine' (OnClassCondition)

   CassandraAutoConfiguration:
      Did not match:
         - @ConditionalOnClass did not find required class 'com.datastax.oss.driver.api.core.CqlSession' (OnClassCondition)

   CassandraDataAutoConfiguration:
      Did not match:
         - @ConditionalOnClass did not find required class 'com.datastax.oss.driver.api.core.CqlSession' (OnClassCondition)

   CassandraReactiveDataAutoConfiguration:
      Did not match:
         - @ConditionalOnClass did not find required class 'com.datastax.oss.driver.api.core.CqlSession' (OnClassCondition)

   CassandraReactiveRepositoriesAutoConfiguration:
      Did not match:
         - @ConditionalOnClass did not find required class 'org.springframework.data.cassandra.ReactiveSession' (OnClassCondition)

   CassandraRepositoriesAutoConfiguration:
      Did not match:
         - @ConditionalOnClass did not find required class 'com.datastax.oss.driver.api.core.CqlSession' (OnClassCondition)

   ClientHttpConnectorAutoConfiguration:
      Did not match:
         - @ConditionalOnClass did not find required class 'org.springframework.web.reactive.function.client.WebClient' (OnClassCondition)

   CodecsAutoConfiguration:
      Did not match:
         - @ConditionalOnClass did not find required class 'org.springframework.web.reactive.function.client.WebClient' (OnClassCondition)

   CouchbaseAutoConfiguration:
      Did not match:
         - @ConditionalOnClass did not find required class 'com.couchbase.client.java.Cluster' (OnClassCondition)

   CouchbaseCacheConfiguration:
      Did not match:
         - @ConditionalOnClass did not find required class 'com.couchbase.client.java.Cluster' (OnClassCondition)

   CouchbaseDataAutoConfiguration:
      Did not match:
         - @ConditionalOnClass did not find required class 'com.couchbase.client.java.Bucket' (OnClassCondition)

   CouchbaseReactiveDataAutoConfiguration:
      Did not match:
         - @ConditionalOnClass did not find required class 'com.couchbase.client.java.Cluster' (OnClassCondition)

   CouchbaseReactiveRepositoriesAutoConfiguration:
      Did not match:
         - @ConditionalOnClass did not find required class 'com.couchbase.client.java.Cluster' (OnClassCondition)

   CouchbaseRepositoriesAutoConfiguration:
      Did not match:
         - @ConditionalOnClass did not find required class 'com.couchbase.client.java.Bucket' (OnClassCondition)

   DataSourceInitializationConfiguration:
      Did not match:
         - @ConditionalOnSingleCandidate (types: javax.sql.DataSource; SearchStrategy: all) did not find any beans (OnBeanCondition)
      Matched:
         - @ConditionalOnClass found required class 'org.springframework.jdbc.datasource.init.DatabasePopulator' (OnClassCondition)

   DataSourceTransactionManagerAutoConfiguration.JdbcTransactionManagerConfiguration:
      Did not match:
         - @ConditionalOnSingleCandidate (types: javax.sql.DataSource; SearchStrategy: all) did not find any beans (OnBeanCondition)

   DispatcherServletAutoConfiguration.DispatcherServletConfiguration#multipartResolver:
      Did not match:
         - @ConditionalOnBean (types: org.springframework.web.multipart.MultipartResolver; SearchStrategy: all) did not find any beans of type org.springframework.web.multipart.MultipartResolver (OnBeanCondition)

   ElasticsearchClientAutoConfiguration:
      Did not match:
         - @ConditionalOnClass did not find required class 'co.elastic.clients.elasticsearch.ElasticsearchClient' (OnClassCondition)

   ElasticsearchDataAutoConfiguration:
      Did not match:
         - @ConditionalOnClass did not find required class 'org.springframework.data.elasticsearch.client.elc.ElasticsearchTemplate' (OnClassCondition)

   ElasticsearchRepositoriesAutoConfiguration:
      Did not match:
         - @ConditionalOnClass did not find required class 'org.springframework.data.elasticsearch.repository.ElasticsearchRepository' (OnClassCondition)

   ElasticsearchRestClientAutoConfiguration:
      Did not match:
         - @ConditionalOnClass did not find required class 'org.elasticsearch.client.RestClientBuilder' (OnClassCondition)

   EmbeddedLdapAutoConfiguration:
      Did not match:
         - @ConditionalOnClass did not find required class 'com.unboundid.ldap.listener.InMemoryDirectoryServer' (OnClassCondition)

   EmbeddedWebServerFactoryCustomizerAutoConfiguration:
      Did not match:
         - Application is deployed as a WAR file. (OnWarDeploymentCondition)
      Matched:
         - @ConditionalOnWebApplication (required) found 'session' scope (OnWebApplicationCondition)

   ErrorWebFluxAutoConfiguration:
      Did not match:
         - @ConditionalOnClass did not find required class 'org.springframework.web.reactive.config.WebFluxConfigurer' (OnClassCondition)

   FlywayAutoConfiguration:
      Did not match:
         - @ConditionalOnClass did not find required class 'org.flywaydb.core.Flyway' (OnClassCondition)

   FreeMarkerAutoConfiguration:
      Did not match:
         - @ConditionalOnClass did not find required class 'freemarker.template.Configuration' (OnClassCondition)

   GraphQlAutoConfiguration:
      Did not match:
         - @ConditionalOnClass did not find required class 'graphql.GraphQL' (OnClassCondition)

   GraphQlQueryByExampleAutoConfiguration:
      Did not match:
         - @ConditionalOnClass did not find required class 'graphql.GraphQL' (OnClassCondition)

   GraphQlQuerydslAutoConfiguration:
      Did not match:
         - @ConditionalOnClass did not find required class 'com.querydsl.core.Query' (OnClassCondition)

   GraphQlRSocketAutoConfiguration:
      Did not match:
         - @ConditionalOnClass did not find required class 'graphql.GraphQL' (OnClassCondition)

   GraphQlReactiveQueryByExampleAutoConfiguration:
      Did not match:
         - @ConditionalOnClass did not find required class 'graphql.GraphQL' (OnClassCondition)

   GraphQlReactiveQuerydslAutoConfiguration:
      Did not match:
         - @ConditionalOnClass did not find required class 'com.querydsl.core.Query' (OnClassCondition)

   GraphQlWebFluxAutoConfiguration:
      Did not match:
         - @ConditionalOnClass did not find required class 'graphql.GraphQL' (OnClassCondition)

   GraphQlWebFluxSecurityAutoConfiguration:
      Did not match:
         - @ConditionalOnClass did not find required class 'graphql.GraphQL' (OnClassCondition)

   GraphQlWebMvcAutoConfiguration:
      Did not match:
         - @ConditionalOnClass did not find required class 'graphql.GraphQL' (OnClassCondition)

   GraphQlWebMvcSecurityAutoConfiguration:
      Did not match:
         - @ConditionalOnClass did not find required class 'graphql.GraphQL' (OnClassCondition)

   GroovyTemplateAutoConfiguration:
      Did not match:
         - @ConditionalOnClass did not find required class 'groovy.text.markup.MarkupTemplateEngine' (OnClassCondition)

   GsonAutoConfiguration:
      Did not match:
         - @ConditionalOnClass did not find required class 'com.google.gson.Gson' (OnClassCondition)

   GsonHttpMessageConvertersConfiguration:
      Did not match:
         - @ConditionalOnClass did not find required class 'com.google.gson.Gson' (OnClassCondition)

   H2ConsoleAutoConfiguration:
      Did not match:
         - @ConditionalOnClass did not find required class 'org.h2.server.web.JakartaWebServlet' (OnClassCondition)

   HazelcastAutoConfiguration:
      Did not match:
         - @ConditionalOnClass did not find required class 'com.hazelcast.core.HazelcastInstance' (OnClassCondition)

   HazelcastCacheConfiguration:
      Did not match:
         - @ConditionalOnClass did not find required class 'com.hazelcast.core.HazelcastInstance' (OnClassCondition)

   HazelcastJpaDependencyAutoConfiguration:
      Did not match:
         - @ConditionalOnClass did not find required class 'com.hazelcast.core.HazelcastInstance' (OnClassCondition)

   HibernateJpaConfiguration:
      Did not match:
         - @ConditionalOnSingleCandidate (types: javax.sql.DataSource; SearchStrategy: all) did not find any beans (OnBeanCondition)

   HttpHandlerAutoConfiguration:
      Did not match:
         - @ConditionalOnClass did not find required class 'org.springframework.web.reactive.DispatcherHandler' (OnClassCondition)

   HypermediaAutoConfiguration:
      Did not match:
         - @ConditionalOnClass did not find required class 'org.springframework.hateoas.EntityModel' (OnClassCondition)

   InfinispanCacheConfiguration:
      Did not match:
         - @ConditionalOnClass did not find required class 'org.infinispan.spring.embedded.provider.SpringEmbeddedCacheManager' (OnClassCondition)

   InfluxDbAutoConfiguration:
      Did not match:
         - @ConditionalOnClass did not find required class 'org.influxdb.InfluxDB' (OnClassCondition)

   IntegrationAutoConfiguration:
      Did not match:
         - @ConditionalOnClass did not find required class 'org.springframework.integration.config.EnableIntegration' (OnClassCondition)

   JCacheCacheConfiguration:
      Did not match:
         - @ConditionalOnClass did not find required class 'javax.cache.Caching' (OnClassCondition)

   JdbcClientAutoConfiguration:
      Did not match:
         - @ConditionalOnSingleCandidate (types: org.springframework.jdbc.core.namedparam.NamedParameterJdbcTemplate; SearchStrategy: all) did not find any beans (OnBeanCondition)

   JdbcRepositoriesAutoConfiguration:
      Did not match:
         - @ConditionalOnClass did not find required class 'org.springframework.data.jdbc.repository.config.AbstractJdbcConfiguration' (OnClassCondition)

   JdbcTemplateAutoConfiguration:
      Did not match:
         - @ConditionalOnSingleCandidate (types: javax.sql.DataSource; SearchStrategy: all) did not find any beans (OnBeanCondition)
      Matched:
         - @ConditionalOnClass found required classes 'javax.sql.DataSource', 'org.springframework.jdbc.core.JdbcTemplate' (OnClassCondition)

   JerseyAutoConfiguration:
      Did not match:
         - @ConditionalOnClass did not find required class 'org.glassfish.jersey.server.spring.SpringComponentProvider' (OnClassCondition)

   JmsAutoConfiguration:
      Did not match:
         - @ConditionalOnClass did not find required class 'jakarta.jms.Message' (OnClassCondition)

   JmxAutoConfiguration:
      Did not match:
         - @ConditionalOnProperty (spring.jmx.enabled=true) found different value in property 'enabled' (OnPropertyCondition)
      Matched:
         - @ConditionalOnClass found required class 'org.springframework.jmx.export.MBeanExporter' (OnClassCondition)

   JndiConnectionFactoryAutoConfiguration:
      Did not match:
         - @ConditionalOnClass did not find required class 'org.springframework.jms.core.JmsTemplate' (OnClassCondition)

   JndiDataSourceAutoConfiguration:
      Did not match:
         - @ConditionalOnProperty (spring.datasource.jndi-name) did not find property 'jndi-name' (OnPropertyCondition)
      Matched:
         - @ConditionalOnClass found required classes 'javax.sql.DataSource', 'org.springframework.jdbc.datasource.embedded.EmbeddedDatabaseType' (OnClassCondition)

   JndiJtaConfiguration:
      Did not match:
         - @ConditionalOnJndi JNDI environment is not available (OnJndiCondition)
      Matched:
         - @ConditionalOnClass found required class 'org.springframework.transaction.jta.JtaTransactionManager' (OnClassCondition)

   JooqAutoConfiguration:
      Did not match:
         - @ConditionalOnClass did not find required class 'org.jooq.DSLContext' (OnClassCondition)

   JpaRepositoriesAutoConfiguration:
      Did not match:
         - @ConditionalOnBean (types: javax.sql.DataSource; SearchStrategy: all) did not find any beans of type javax.sql.DataSource (OnBeanCondition)
      Matched:
         - @ConditionalOnClass found required class 'org.springframework.data.jpa.repository.JpaRepository' (OnClassCondition)
         - @ConditionalOnProperty (spring.data.jpa.repositories.enabled=true) matched (OnPropertyCondition)

   JsonbAutoConfiguration:
      Did not match:
         - @ConditionalOnClass did not find required class 'jakarta.json.bind.Jsonb' (OnClassCondition)

   JsonbHttpMessageConvertersConfiguration:
      Did not match:
         - @ConditionalOnClass did not find required class 'jakarta.json.bind.Jsonb' (OnClassCondition)

   KafkaAutoConfiguration:
      Did not match:
         - @ConditionalOnClass did not find required class 'org.springframework.kafka.core.KafkaTemplate' (OnClassCondition)

   LdapAutoConfiguration:
      Did not match:
         - @ConditionalOnClass did not find required class 'org.springframework.ldap.core.ContextSource' (OnClassCondition)

   LdapRepositoriesAutoConfiguration:
      Did not match:
         - @ConditionalOnClass did not find required class 'org.springframework.data.ldap.repository.LdapRepository' (OnClassCondition)

   LiquibaseAutoConfiguration:
      Did not match:
         - @ConditionalOnClass did not find required class 'liquibase.change.DatabaseChange' (OnClassCondition)

   MailSenderJndiConfiguration:
      Did not match:
         - @ConditionalOnProperty (spring.mail.jndi-name) did not find property 'jndi-name' (OnPropertyCondition)
      Matched:
         - @ConditionalOnClass found required class 'jakarta.mail.Session' (OnClassCondition)

   MailSenderValidatorAutoConfiguration:
      Did not match:
         - @ConditionalOnProperty (spring.mail.test-connection) did not find property 'test-connection' (OnPropertyCondition)

   MessageSourceAutoConfiguration:
      Did not match:
         - ResourceBundle did not find bundle with basename messages (MessageSourceAutoConfiguration.ResourceBundleCondition)

   MongoDataAutoConfiguration#mongoConnectionDetails:
      Did not match:
         - @ConditionalOnMissingBean (types: org.springframework.boot.autoconfigure.mongo.MongoConnectionDetails; SearchStrategy: all) found beans of type 'org.springframework.boot.autoconfigure.mongo.MongoConnectionDetails' mongoConnectionDetails (OnBeanCondition)

   MongoReactiveAutoConfiguration:
      Did not match:
         - @ConditionalOnClass did not find required class 'com.mongodb.reactivestreams.client.MongoClient' (OnClassCondition)

   MongoReactiveDataAutoConfiguration:
      Did not match:
         - @ConditionalOnClass did not find required class 'com.mongodb.reactivestreams.client.MongoClient' (OnClassCondition)

   MongoReactiveRepositoriesAutoConfiguration:
      Did not match:
         - @ConditionalOnClass did not find required class 'com.mongodb.reactivestreams.client.MongoClient' (OnClassCondition)

   MustacheAutoConfiguration:
      Did not match:
         - @ConditionalOnClass did not find required class 'com.samskivert.mustache.Mustache' (OnClassCondition)

   Neo4jAutoConfiguration:
      Did not match:
         - @ConditionalOnClass did not find required class 'org.neo4j.driver.Driver' (OnClassCondition)

   Neo4jDataAutoConfiguration:
      Did not match:
         - @ConditionalOnClass did not find required class 'org.neo4j.driver.Driver' (OnClassCondition)

   Neo4jReactiveDataAutoConfiguration:
      Did not match:
         - @ConditionalOnClass did not find required class 'org.neo4j.driver.Driver' (OnClassCondition)

   Neo4jReactiveRepositoriesAutoConfiguration:
      Did not match:
         - @ConditionalOnClass did not find required class 'org.neo4j.driver.Driver' (OnClassCondition)

   Neo4jRepositoriesAutoConfiguration:
      Did not match:
         - @ConditionalOnClass did not find required class 'org.neo4j.driver.Driver' (OnClassCondition)

   NettyAutoConfiguration:
      Did not match:
         - @ConditionalOnClass did not find required class 'io.netty.util.NettyRuntime' (OnClassCondition)

   OAuth2AuthorizationServerAutoConfiguration:
      Did not match:
         - @ConditionalOnClass did not find required class 'org.springframework.security.oauth2.server.authorization.OAuth2Authorization' (OnClassCondition)

   OAuth2AuthorizationServerJwtAutoConfiguration:
      Did not match:
         - @ConditionalOnClass did not find required class 'org.springframework.security.oauth2.server.authorization.OAuth2Authorization' (OnClassCondition)

   OAuth2ClientAutoConfiguration:
      Did not match:
         - @ConditionalOnClass did not find required class 'org.springframework.security.oauth2.client.registration.ClientRegistration' (OnClassCondition)

   OAuth2ResourceServerAutoConfiguration:
      Did not match:
         - @ConditionalOnClass did not find required class 'org.springframework.security.oauth2.server.resource.authentication.BearerTokenAuthenticationToken' (OnClassCondition)

   ProjectInfoAutoConfiguration#buildProperties:
      Did not match:
         - @ConditionalOnResource did not find resource '${spring.info.build.location:classpath:META-INF/build-info.properties}' (OnResourceCondition)

   ProjectInfoAutoConfiguration#gitProperties:
      Did not match:
         - GitResource did not find git info at classpath:git.properties (ProjectInfoAutoConfiguration.GitResourceAvailableCondition)

   PulsarAutoConfiguration:
      Did not match:
         - @ConditionalOnClass did not find required class 'org.apache.pulsar.client.api.PulsarClient' (OnClassCondition)

   PulsarReactiveAutoConfiguration:
      Did not match:
         - @ConditionalOnClass did not find required class 'org.apache.pulsar.client.api.PulsarClient' (OnClassCondition)

   QuartzAutoConfiguration:
      Did not match:
         - @ConditionalOnClass did not find required class 'org.quartz.Scheduler' (OnClassCondition)

   R2dbcAutoConfiguration:
      Did not match:
         - @ConditionalOnClass did not find required class 'io.r2dbc.spi.ConnectionFactory' (OnClassCondition)

   R2dbcDataAutoConfiguration:
      Did not match:
         - @ConditionalOnClass did not find required class 'org.springframework.data.r2dbc.core.R2dbcEntityTemplate' (OnClassCondition)

   R2dbcInitializationConfiguration:
      Did not match:
         - @ConditionalOnClass did not find required classes 'io.r2dbc.spi.ConnectionFactory', 'org.springframework.r2dbc.connection.init.DatabasePopulator' (OnClassCondition)

   R2dbcRepositoriesAutoConfiguration:
      Did not match:
         - @ConditionalOnClass did not find required class 'io.r2dbc.spi.ConnectionFactory' (OnClassCondition)

   R2dbcTransactionManagerAutoConfiguration:
      Did not match:
         - @ConditionalOnClass did not find required class 'org.springframework.r2dbc.connection.R2dbcTransactionManager' (OnClassCondition)

   RSocketGraphQlClientAutoConfiguration:
      Did not match:
         - @ConditionalOnClass did not find required class 'graphql.GraphQL' (OnClassCondition)

   RSocketMessagingAutoConfiguration:
      Did not match:
         - @ConditionalOnClass did not find required class 'io.rsocket.RSocket' (OnClassCondition)

   RSocketRequesterAutoConfiguration:
      Did not match:
         - @ConditionalOnClass did not find required class 'io.rsocket.RSocket' (OnClassCondition)

   RSocketSecurityAutoConfiguration:
      Did not match:
         - @ConditionalOnClass did not find required class 'org.springframework.security.rsocket.core.SecuritySocketAcceptorInterceptor' (OnClassCondition)

   RSocketServerAutoConfiguration:
      Did not match:
         - @ConditionalOnClass did not find required class 'io.rsocket.core.RSocketServer' (OnClassCondition)

   RSocketStrategiesAutoConfiguration:
      Did not match:
         - @ConditionalOnClass did not find required class 'io.netty.buffer.PooledByteBufAllocator' (OnClassCondition)

   RabbitAutoConfiguration:
      Did not match:
         - @ConditionalOnClass did not find required class 'com.rabbitmq.client.Channel' (OnClassCondition)

   ReactiveElasticsearchClientAutoConfiguration:
      Did not match:
         - @ConditionalOnClass did not find required class 'co.elastic.clients.transport.ElasticsearchTransport' (OnClassCondition)

   ReactiveElasticsearchRepositoriesAutoConfiguration:
      Did not match:
         - @ConditionalOnClass did not find required class 'reactor.core.publisher.Mono' (OnClassCondition)

   ReactiveMultipartAutoConfiguration:
      Did not match:
         - @ConditionalOnClass did not find required class 'org.springframework.web.reactive.config.WebFluxConfigurer' (OnClassCondition)

   ReactiveOAuth2ClientAutoConfiguration:
      Did not match:
         - @ConditionalOnClass did not find required class 'reactor.core.publisher.Flux' (OnClassCondition)

   ReactiveOAuth2ResourceServerAutoConfiguration:
      Did not match:
         - @ConditionalOnWebApplication did not find reactive web application classes (OnWebApplicationCondition)

   ReactiveSecurityAutoConfiguration:
      Did not match:
         - @ConditionalOnClass did not find required class 'reactor.core.publisher.Flux' (OnClassCondition)

   ReactiveUserDetailsServiceAutoConfiguration:
      Did not match:
         - AnyNestedCondition 0 matched 2 did not; NestedCondition on ReactiveUserDetailsServiceAutoConfiguration.RSocketEnabledOrReactiveWebApplication.ReactiveWebApplicationCondition did not find reactive web application classes; NestedCondition on ReactiveUserDetailsServiceAutoConfiguration.RSocketEnabledOrReactiveWebApplication.RSocketSecurityEnabledCondition @ConditionalOnBean (types: org.springframework.messaging.rsocket.annotation.support.RSocketMessageHandler; SearchStrategy: all) did not find any beans of type org.springframework.messaging.rsocket.annotation.support.RSocketMessageHandler (ReactiveUserDetailsServiceAutoConfiguration.RSocketEnabledOrReactiveWebApplication)
      Matched:
         - @ConditionalOnClass found required class 'org.springframework.security.authentication.ReactiveAuthenticationManager' (OnClassCondition)
         - AnyNestedCondition 1 matched 2 did not; NestedCondition on ReactiveUserDetailsServiceAutoConfiguration.MissingAlternativeOrUserPropertiesConfigured.PasswordConfigured @ConditionalOnProperty (spring.security.user.password) did not find property 'password'; NestedCondition on ReactiveUserDetailsServiceAutoConfiguration.MissingAlternativeOrUserPropertiesConfigured.NameConfigured @ConditionalOnProperty (spring.security.user.name) did not find property 'name'; NestedCondition on ReactiveUserDetailsServiceAutoConfiguration.MissingAlternativeOrUserPropertiesConfigured.MissingAlternative @ConditionalOnMissingClass did not find unwanted classes 'org.springframework.security.oauth2.client.registration.ClientRegistrationRepository', 'org.springframework.security.oauth2.server.resource.introspection.ReactiveOpaqueTokenIntrospector' (ReactiveUserDetailsServiceAutoConfiguration.MissingAlternativeOrUserPropertiesConfigured)

   ReactiveWebServerFactoryAutoConfiguration:
      Did not match:
         - @ConditionalOnWebApplication did not find reactive web application classes (OnWebApplicationCondition)

   ReactorAutoConfiguration:
      Did not match:
         - @ConditionalOnClass did not find required class 'reactor.core.publisher.Hooks' (OnClassCondition)

   RedisAutoConfiguration:
      Did not match:
         - @ConditionalOnClass did not find required class 'org.springframework.data.redis.core.RedisOperations' (OnClassCondition)

   RedisCacheConfiguration:
      Did not match:
         - @ConditionalOnClass did not find required class 'org.springframework.data.redis.connection.RedisConnectionFactory' (OnClassCondition)

   RedisReactiveAutoConfiguration:
      Did not match:
         - @ConditionalOnClass did not find required class 'reactor.core.publisher.Flux' (OnClassCondition)

   RedisRepositoriesAutoConfiguration:
      Did not match:
         - @ConditionalOnClass did not find required class 'org.springframework.data.redis.repository.configuration.EnableRedisRepositories' (OnClassCondition)

   RepositoryRestMvcAutoConfiguration:
      Did not match:
         - @ConditionalOnClass did not find required class 'org.springframework.data.rest.webmvc.config.RepositoryRestMvcConfiguration' (OnClassCondition)

   Saml2RelyingPartyAutoConfiguration:
      Did not match:
         - @ConditionalOnClass did not find required class 'org.springframework.security.saml2.provider.service.registration.RelyingPartyRegistrationRepository' (OnClassCondition)

   SecurityDataConfiguration:
      Did not match:
         - @ConditionalOnClass did not find required class 'org.springframework.security.data.repository.query.SecurityEvaluationContextExtension' (OnClassCondition)

   SendGridAutoConfiguration:
      Did not match:
         - @ConditionalOnClass did not find required class 'com.sendgrid.SendGrid' (OnClassCondition)

   ServletWebServerFactoryAutoConfiguration.ForwardedHeaderFilterConfiguration:
      Did not match:
         - @ConditionalOnProperty (server.forward-headers-strategy=framework) did not find property 'server.forward-headers-strategy' (OnPropertyCondition)

   ServletWebServerFactoryConfiguration.EmbeddedJetty:
      Did not match:
         - @ConditionalOnClass did not find required classes 'org.eclipse.jetty.server.Server', 'org.eclipse.jetty.util.Loader', 'org.eclipse.jetty.ee10.webapp.WebAppContext' (OnClassCondition)

   ServletWebServerFactoryConfiguration.EmbeddedUndertow:
      Did not match:
         - @ConditionalOnClass did not find required classes 'io.undertow.Undertow', 'org.xnio.SslClientAuthMode' (OnClassCondition)

   SessionAutoConfiguration:
      Did not match:
         - @ConditionalOnClass did not find required class 'org.springframework.session.Session' (OnClassCondition)

   SpringApplicationAdminJmxAutoConfiguration:
      Did not match:
         - @ConditionalOnProperty (spring.application.admin.enabled=true) did not find property 'enabled' (OnPropertyCondition)

   SpringBootWebSecurityConfiguration.SecurityFilterChainConfiguration:
      Did not match:
         - AllNestedConditions 1 matched 1 did not; NestedCondition on DefaultWebSecurityCondition.Beans @ConditionalOnMissingBean (types: org.springframework.security.web.SecurityFilterChain; SearchStrategy: all) found beans of type 'org.springframework.security.web.SecurityFilterChain' securityFilterChain; NestedCondition on DefaultWebSecurityCondition.Classes @ConditionalOnClass found required classes 'org.springframework.security.web.SecurityFilterChain', 'org.springframework.security.config.annotation.web.builders.HttpSecurity' (DefaultWebSecurityCondition)

   SpringBootWebSecurityConfiguration.WebSecurityEnablerConfiguration:
      Did not match:
         - @ConditionalOnMissingBean (names: springSecurityFilterChain; SearchStrategy: all) found beans named springSecurityFilterChain (OnBeanCondition)
      Matched:
         - @ConditionalOnClass found required class 'org.springframework.security.config.annotation.web.configuration.EnableWebSecurity' (OnClassCondition)

   TaskExecutorConfigurations.SimpleAsyncTaskExecutorBuilderConfiguration#simpleAsyncTaskExecutorBuilderVirtualThreads:
      Did not match:
         - @ConditionalOnMissingBean (types: org.springframework.boot.task.SimpleAsyncTaskExecutorBuilder; SearchStrategy: all) found beans of type 'org.springframework.boot.task.SimpleAsyncTaskExecutorBuilder' simpleAsyncTaskExecutorBuilder (OnBeanCondition)

   TaskExecutorConfigurations.TaskExecutorConfiguration:
      Did not match:
         - @ConditionalOnMissingBean (types: java.util.concurrent.Executor; SearchStrategy: all) found beans of type 'java.util.concurrent.Executor' taskExecutor (OnBeanCondition)

   TaskSchedulingAutoConfiguration#scheduledBeanLazyInitializationExcludeFilter:
      Did not match:
         - @ConditionalOnBean (names: org.springframework.context.annotation.internalScheduledAnnotationProcessor; SearchStrategy: all) did not find any beans named org.springframework.context.annotation.internalScheduledAnnotationProcessor (OnBeanCondition)

   TaskSchedulingConfigurations.SimpleAsyncTaskSchedulerBuilderConfiguration#simpleAsyncTaskSchedulerBuilderVirtualThreads:
      Did not match:
         - @ConditionalOnMissingBean (types: org.springframework.boot.task.SimpleAsyncTaskSchedulerBuilder; SearchStrategy: all) found beans of type 'org.springframework.boot.task.SimpleAsyncTaskSchedulerBuilder' simpleAsyncTaskSchedulerBuilder (OnBeanCondition)

   TaskSchedulingConfigurations.TaskSchedulerConfiguration:
      Did not match:
         - @ConditionalOnBean (names: org.springframework.context.annotation.internalScheduledAnnotationProcessor; SearchStrategy: all) did not find any beans named org.springframework.context.annotation.internalScheduledAnnotationProcessor (OnBeanCondition)

   ThymeleafAutoConfiguration:
      Did not match:
         - @ConditionalOnClass did not find required class 'org.thymeleaf.spring6.SpringTemplateEngine' (OnClassCondition)

   TransactionAutoConfiguration#transactionalOperator:
      Did not match:
         - @ConditionalOnSingleCandidate (types: org.springframework.transaction.ReactiveTransactionManager; SearchStrategy: all) did not find any beans (OnBeanCondition)

   TransactionAutoConfiguration.AspectJTransactionManagementConfiguration:
      Did not match:
         - @ConditionalOnBean (types: org.springframework.transaction.aspectj.AbstractTransactionAspect; SearchStrategy: all) did not find any beans of type org.springframework.transaction.aspectj.AbstractTransactionAspect (OnBeanCondition)

   TransactionAutoConfiguration.EnableTransactionManagementConfiguration:
      Did not match:
         - @ConditionalOnBean (types: org.springframework.transaction.TransactionManager; SearchStrategy: all) did not find any beans of type org.springframework.transaction.TransactionManager (OnBeanCondition)

   TransactionAutoConfiguration.EnableTransactionManagementConfiguration.CglibAutoProxyConfiguration:
      Did not match:
         - Ancestor org.springframework.boot.autoconfigure.transaction.TransactionAutoConfiguration$EnableTransactionManagementConfiguration did not match (ConditionEvaluationReport.AncestorsMatchedCondition)
      Matched:
         - @ConditionalOnProperty (spring.aop.proxy-target-class=true) matched (OnPropertyCondition)

   TransactionAutoConfiguration.EnableTransactionManagementConfiguration.JdkDynamicAutoProxyConfiguration:
      Did not match:
         - @ConditionalOnProperty (spring.aop.proxy-target-class=false) did not find property 'proxy-target-class' (OnPropertyCondition)
         - Ancestor org.springframework.boot.autoconfigure.transaction.TransactionAutoConfiguration$EnableTransactionManagementConfiguration did not match (ConditionEvaluationReport.AncestorsMatchedCondition)

   TransactionAutoConfiguration.TransactionTemplateConfiguration:
      Did not match:
         - @ConditionalOnSingleCandidate (types: org.springframework.transaction.PlatformTransactionManager; SearchStrategy: all) did not find any beans (OnBeanCondition)

   UserDetailsServiceAutoConfiguration:
      Did not match:
         - @ConditionalOnMissingBean (types: org.springframework.security.authentication.AuthenticationManager,org.springframework.security.authentication.AuthenticationProvider,org.springframework.security.core.userdetails.UserDetailsService,org.springframework.security.authentication.AuthenticationManagerResolver,org.springframework.security.oauth2.jwt.JwtDecoder; SearchStrategy: all) found beans of type 'org.springframework.security.authentication.AuthenticationManager' authenticationManager and found beans of type 'org.springframework.security.core.userdetails.UserDetailsService' myUserService and found beans of type 'org.springframework.security.authentication.AuthenticationProvider' authenticationProvider (OnBeanCondition)
      Matched:
         - @ConditionalOnClass found required class 'org.springframework.security.authentication.AuthenticationManager' (OnClassCondition)
         - AnyNestedCondition 1 matched 2 did not; NestedCondition on UserDetailsServiceAutoConfiguration.MissingAlternativeOrUserPropertiesConfigured.PasswordConfigured @ConditionalOnProperty (spring.security.user.password) did not find property 'password'; NestedCondition on UserDetailsServiceAutoConfiguration.MissingAlternativeOrUserPropertiesConfigured.NameConfigured @ConditionalOnProperty (spring.security.user.name) did not find property 'name'; NestedCondition on UserDetailsServiceAutoConfiguration.MissingAlternativeOrUserPropertiesConfigured.MissingAlternative @ConditionalOnMissingClass did not find unwanted classes 'org.springframework.security.oauth2.client.registration.ClientRegistrationRepository', 'org.springframework.security.oauth2.server.resource.introspection.OpaqueTokenIntrospector', 'org.springframework.security.saml2.provider.service.registration.RelyingPartyRegistrationRepository' (UserDetailsServiceAutoConfiguration.MissingAlternativeOrUserPropertiesConfigured)

   ValidationAutoConfiguration:
      Did not match:
         - @ConditionalOnClass did not find required class 'jakarta.validation.executable.ExecutableValidator' (OnClassCondition)

   WebClientAutoConfiguration:
      Did not match:
         - @ConditionalOnClass did not find required class 'org.springframework.web.reactive.function.client.WebClient' (OnClassCondition)

   WebFluxAutoConfiguration:
      Did not match:
         - @ConditionalOnClass did not find required class 'org.springframework.web.reactive.config.WebFluxConfigurer' (OnClassCondition)

   WebMvcAutoConfiguration#hiddenHttpMethodFilter:
      Did not match:
         - @ConditionalOnProperty (spring.mvc.hiddenmethod.filter.enabled) did not find property 'enabled' (OnPropertyCondition)

   WebMvcAutoConfiguration.ProblemDetailsErrorHandlingConfiguration:
      Did not match:
         - @ConditionalOnProperty (spring.mvc.problemdetails.enabled=true) did not find property 'enabled' (OnPropertyCondition)

   WebMvcAutoConfiguration.ResourceChainCustomizerConfiguration:
      Did not match:
         - @ConditionalOnEnabledResourceChain did not find class org.webjars.WebJarAssetLocator (OnEnabledResourceChainCondition)

   WebMvcAutoConfiguration.WebMvcAutoConfigurationAdapter#beanNameViewResolver:
      Did not match:
         - @ConditionalOnMissingBean (types: org.springframework.web.servlet.view.BeanNameViewResolver; SearchStrategy: all) found beans of type 'org.springframework.web.servlet.view.BeanNameViewResolver' beanNameViewResolver (OnBeanCondition)

   WebServiceTemplateAutoConfiguration:
      Did not match:
         - @ConditionalOnClass did not find required class 'org.springframework.oxm.Marshaller' (OnClassCondition)

   WebServicesAutoConfiguration:
      Did not match:
         - @ConditionalOnClass did not find required class 'org.springframework.ws.transport.http.MessageDispatcherServlet' (OnClassCondition)

   WebSessionIdResolverAutoConfiguration:
      Did not match:
         - @ConditionalOnClass did not find required class 'reactor.core.publisher.Mono' (OnClassCondition)

   WebSocketMessagingAutoConfiguration:
      Did not match:
         - @ConditionalOnClass did not find required class 'org.springframework.web.socket.config.annotation.WebSocketMessageBrokerConfigurer' (OnClassCondition)

   WebSocketReactiveAutoConfiguration:
      Did not match:
         - @ConditionalOnWebApplication did not find reactive web application classes (OnWebApplicationCondition)

   WebSocketServletAutoConfiguration.JettyWebSocketConfiguration:
      Did not match:
         - @ConditionalOnClass did not find required class 'org.eclipse.jetty.ee10.websocket.jakarta.server.config.JakartaWebSocketServletContainerInitializer' (OnClassCondition)

   WebSocketServletAutoConfiguration.UndertowWebSocketConfiguration:
      Did not match:
         - @ConditionalOnClass did not find required class 'io.undertow.websockets.jsr.Bootstrap' (OnClassCondition)

   XADataSourceAutoConfiguration:
      Did not match:
         - @ConditionalOnBean (types: org.springframework.boot.jdbc.XADataSourceWrapper; SearchStrategy: all) did not find any beans of type org.springframework.boot.jdbc.XADataSourceWrapper (OnBeanCondition)
      Matched:
         - @ConditionalOnClass found required classes 'javax.sql.DataSource', 'jakarta.transaction.TransactionManager', 'org.springframework.jdbc.datasource.embedded.EmbeddedDatabaseType' (OnClassCondition)


Exclusions:
-----------

    org.springframework.boot.autoconfigure.jdbc.DataSourceAutoConfiguration


Unconditional classes:
----------------------

    org.springframework.boot.autoconfigure.context.ConfigurationPropertiesAutoConfiguration

    org.springframework.boot.autoconfigure.ssl.SslAutoConfiguration

    org.springframework.boot.autoconfigure.context.LifecycleAutoConfiguration

    org.springframework.boot.autoconfigure.context.PropertyPlaceholderAutoConfiguration

    org.springframework.boot.autoconfigure.availability.ApplicationAvailabilityAutoConfiguration

    org.springframework.boot.autoconfigure.info.ProjectInfoAutoConfiguration



2024-11-14T11:01:49.679+05:30  INFO 12858 --- [BlogsBackend] [           main] c.B.B.B.BlogsBackendApplicationTests     : Started BlogsBackendApplicationTests in 5.657 seconds (process running for 7.329)
2024-11-14T11:01:49.681+05:30 DEBUG 12858 --- [BlogsBackend] [           main] o.s.b.a.ApplicationAvailabilityBean      : Application availability state LivenessState changed to CORRECT
2024-11-14T11:01:49.686+05:30 DEBUG 12858 --- [BlogsBackend] [           main] o.s.b.a.ApplicationAvailabilityBean      : Application availability state ReadinessState changed to ACCEPTING_TRAFFIC
2024-11-14T11:01:49.690+05:30 DEBUG 12858 --- [BlogsBackend] [           main] org.springframework.test.context.cache   : Spring test ApplicationContext cache statistics: [DefaultContextCache@30c8c6ab size = 1, maxSize = 32, parentContextCount = 0, hitCount = 0, missCount = 1, failureCount = 0]
2024-11-14T11:01:49.691+05:30 DEBUG 12858 --- [BlogsBackend] [           main] o.s.t.c.w.ServletTestExecutionListener   : Setting up MockHttpServletRequest, MockHttpServletResponse, ServletWebRequest, and RequestContextHolder for test class com.Blogs.Backend.BlogsBackend.BlogsBackendApplicationTests
2024-11-14T11:01:49.706+05:30 DEBUG 12858 --- [BlogsBackend] [           main] DependencyInjectionTestExecutionListener : Performing dependency injection for test class com.Blogs.Backend.BlogsBackend.BlogsBackendApplicationTests
2024-11-14T11:01:49.707+05:30 DEBUG 12858 --- [BlogsBackend] [           main] org.springframework.test.context.cache   : Spring test ApplicationContext cache statistics: [DefaultContextCache@30c8c6ab size = 1, maxSize = 32, parentContextCount = 0, hitCount = 1, missCount = 1, failureCount = 0]
2024-11-14T11:01:49.709+05:30 DEBUG 12858 --- [BlogsBackend] [           main] org.springframework.test.context.cache   : Spring test ApplicationContext cache statistics: [DefaultContextCache@30c8c6ab size = 1, maxSize = 32, parentContextCount = 0, hitCount = 2, missCount = 1, failureCount = 0]
2024-11-14T11:01:49.718+05:30 DEBUG 12858 --- [BlogsBackend] [           main] sContextBeforeModesTestExecutionListener : Before test method: class [BlogsBackendApplicationTests], method [contextLoads], class annotated with @DirtiesContext [false] with mode [null], method annotated with @DirtiesContext [false] with mode [null]
2024-11-14T11:01:49.720+05:30 DEBUG 12858 --- [BlogsBackend] [           main] org.springframework.test.context.cache   : Spring test ApplicationContext cache statistics: [DefaultContextCache@30c8c6ab size = 1, maxSize = 32, parentContextCount = 0, hitCount = 3, missCount = 1, failureCount = 0]
2024-11-14T11:01:49.722+05:30 DEBUG 12858 --- [BlogsBackend] [           main] org.springframework.test.context.cache   : Spring test ApplicationContext cache statistics: [DefaultContextCache@30c8c6ab size = 1, maxSize = 32, parentContextCount = 0, hitCount = 4, missCount = 1, failureCount = 0]
2024-11-14T11:01:50.423+05:30 DEBUG 12858 --- [BlogsBackend] [           main] org.springframework.test.context.cache   : Spring test ApplicationContext cache statistics: [DefaultContextCache@30c8c6ab size = 1, maxSize = 32, parentContextCount = 0, hitCount = 5, missCount = 1, failureCount = 0]
2024-11-14T11:01:50.431+05:30 DEBUG 12858 --- [BlogsBackend] [           main] org.springframework.test.context.cache   : Spring test ApplicationContext cache statistics: [DefaultContextCache@30c8c6ab size = 1, maxSize = 32, parentContextCount = 0, hitCount = 6, missCount = 1, failureCount = 0]
2024-11-14T11:01:50.432+05:30 DEBUG 12858 --- [BlogsBackend] [           main] org.springframework.test.context.cache   : Spring test ApplicationContext cache statistics: [DefaultContextCache@30c8c6ab size = 1, maxSize = 32, parentContextCount = 0, hitCount = 7, missCount = 1, failureCount = 0]
2024-11-14T11:01:50.433+05:30 DEBUG 12858 --- [BlogsBackend] [           main] org.springframework.test.context.cache   : Spring test ApplicationContext cache statistics: [DefaultContextCache@30c8c6ab size = 1, maxSize = 32, parentContextCount = 0, hitCount = 8, missCount = 1, failureCount = 0]
2024-11-14T11:01:50.434+05:30 DEBUG 12858 --- [BlogsBackend] [           main] org.springframework.test.context.cache   : Spring test ApplicationContext cache statistics: [DefaultContextCache@30c8c6ab size = 1, maxSize = 32, parentContextCount = 0, hitCount = 9, missCount = 1, failureCount = 0]
2024-11-14T11:01:50.435+05:30 DEBUG 12858 --- [BlogsBackend] [           main] org.springframework.test.context.cache   : Spring test ApplicationContext cache statistics: [DefaultContextCache@30c8c6ab size = 1, maxSize = 32, parentContextCount = 0, hitCount = 10, missCount = 1, failureCount = 0]
2024-11-14T11:01:50.437+05:30 DEBUG 12858 --- [BlogsBackend] [           main] org.springframework.test.context.cache   : Spring test ApplicationContext cache statistics: [DefaultContextCache@30c8c6ab size = 1, maxSize = 32, parentContextCount = 0, hitCount = 11, missCount = 1, failureCount = 0]
2024-11-14T11:01:50.438+05:30 DEBUG 12858 --- [BlogsBackend] [           main] org.springframework.test.context.cache   : Spring test ApplicationContext cache statistics: [DefaultContextCache@30c8c6ab size = 1, maxSize = 32, parentContextCount = 0, hitCount = 12, missCount = 1, failureCount = 0]
2024-11-14T11:01:50.440+05:30 DEBUG 12858 --- [BlogsBackend] [           main] .c.s.DirtiesContextTestExecutionListener : After test method: class [BlogsBackendApplicationTests], method [contextLoads], class annotated with @DirtiesContext [false] with mode [null], method annotated with @DirtiesContext [false] with mode [null]
2024-11-14T11:01:50.440+05:30 DEBUG 12858 --- [BlogsBackend] [           main] o.s.t.c.w.ServletTestExecutionListener   : Resetting RequestContextHolder for test class com.Blogs.Backend.BlogsBackend.BlogsBackendApplicationTests
]]></system-out>
  </testcase>
</testsuite>